Number of Type 1 particles in the box: 50
Computed box length (reduced units): 13.6719
Computed number of Type 2 particles in the box: 50

Preliminary quantities provided & computed. Postprocessing begins.
Pre-existing instantaneous dumpfiles directory deleted

Generating samples...
	Particle-index-sorted time-ensemble sample number 0

Sample generation done. Total number of samples: 21

RDF g(r) computation initialized
The number of bins is: 1367
Computing RDF g(r)...
Opened sample 0.melt successfully.
	Constructed number of particles of Type 1: 50 Type 2: 50
dumpfiles21.melt could not be opened.
dumpfiles22.melt could not be opened.
dumpfiles23.melt could not be opened.
dumpfiles24.melt could not be opened.
dumpfiles25.melt could not be opened.
dumpfiles26.melt could not be opened.
dumpfiles27.melt could not be opened.
dumpfiles28.melt could not be opened.
dumpfiles29.melt could not be opened.
dumpfiles30.melt could not be opened.
dumpfiles31.melt could not be opened.
dumpfiles32.melt could not be opened.
dumpfiles33.melt could not be opened.
dumpfiles34.melt could not be opened.
dumpfiles35.melt could not be opened.
dumpfiles36.melt could not be opened.
dumpfiles37.melt could not be opened.
dumpfiles38.melt could not be opened.
dumpfiles39.melt could not be opened.
dumpfiles40.melt could not be opened.
dumpfiles41.melt could not be opened.
dumpfiles42.melt could not be opened.
dumpfiles43.melt could not be opened.
dumpfiles44.melt could not be opened.
dumpfiles45.melt could not be opened.
dumpfiles46.melt could not be opened.
dumpfiles47.melt could not be opened.
dumpfiles48.melt could not be opened.
dumpfiles49.melt could not be opened.
dumpfiles50.melt could not be opened.
dumpfiles51.melt could not be opened.
dumpfiles52.melt could not be opened.
dumpfiles53.melt could not be opened.
dumpfiles54.melt could not be opened.
dumpfiles55.melt could not be opened.
dumpfiles56.melt could not be opened.
dumpfiles57.melt could not be opened.
dumpfiles58.melt could not be opened.
dumpfiles59.melt could not be opened.
dumpfiles60.melt could not be opened.
dumpfiles61.melt could not be opened.
dumpfiles62.melt could not be opened.
dumpfiles63.melt could not be opened.
dumpfiles64.melt could not be opened.
dumpfiles65.melt could not be opened.
dumpfiles66.melt could not be opened.
dumpfiles67.melt could not be opened.
dumpfiles68.melt could not be opened.
dumpfiles69.melt could not be opened.
dumpfiles70.melt could not be opened.
dumpfiles71.melt could not be opened.
dumpfiles72.melt could not be opened.
dumpfiles73.melt could not be opened.
dumpfiles74.melt could not be opened.
dumpfiles75.melt could not be opened.
dumpfiles76.melt could not be opened.
dumpfiles77.melt could not be opened.
dumpfiles78.melt could not be opened.
dumpfiles79.melt could not be opened.
dumpfiles80.melt could not be opened.
dumpfiles81.melt could not be opened.
dumpfiles82.melt could not be opened.
dumpfiles83.melt could not be opened.
dumpfiles84.melt could not be opened.
dumpfiles85.melt could not be opened.
dumpfiles86.melt could not be opened.
dumpfiles87.melt could not be opened.
dumpfiles88.melt could not be opened.
dumpfiles89.melt could not be opened.
dumpfiles90.melt could not be opened.
dumpfiles91.melt could not be opened.
dumpfiles92.melt could not be opened.
dumpfiles93.melt could not be opened.
dumpfiles94.melt could not be opened.
dumpfiles95.melt could not be opened.
dumpfiles96.melt could not be opened.
dumpfiles97.melt could not be opened.
dumpfiles98.melt could not be opened.
dumpfiles99.melt could not be opened.
dumpfiles100.melt could not be opened.
dumpfiles101.melt could not be opened.
dumpfiles102.melt could not be opened.
dumpfiles103.melt could not be opened.
dumpfiles104.melt could not be opened.
dumpfiles105.melt could not be opened.
dumpfiles106.melt could not be opened.
dumpfiles107.melt could not be opened.
dumpfiles108.melt could not be opened.
dumpfiles109.melt could not be opened.
dumpfiles110.melt could not be opened.
dumpfiles111.melt could not be opened.
dumpfiles112.melt could not be opened.
dumpfiles113.melt could not be opened.
dumpfiles114.melt could not be opened.
dumpfiles115.melt could not be opened.
dumpfiles116.melt could not be opened.
dumpfiles117.melt could not be opened.
dumpfiles118.melt could not be opened.
dumpfiles119.melt could not be opened.
dumpfiles120.melt could not be opened.
dumpfiles121.melt could not be opened.
dumpfiles122.melt could not be opened.
dumpfiles123.melt could not be opened.
dumpfiles124.melt could not be opened.
dumpfiles125.melt could not be opened.
dumpfiles126.melt could not be opened.
dumpfiles127.melt could not be opened.
dumpfiles128.melt could not be opened.
dumpfiles129.melt could not be opened.
dumpfiles130.melt could not be opened.
dumpfiles131.melt could not be opened.
dumpfiles132.melt could not be opened.
dumpfiles133.melt could not be opened.
dumpfiles134.melt could not be opened.
dumpfiles135.melt could not be opened.
dumpfiles136.melt could not be opened.
dumpfiles137.melt could not be opened.
dumpfiles138.melt could not be opened.
dumpfiles139.melt could not be opened.
dumpfiles140.melt could not be opened.
dumpfiles141.melt could not be opened.
dumpfiles142.melt could not be opened.
dumpfiles143.melt could not be opened.
dumpfiles144.melt could not be opened.
dumpfiles145.melt could not be opened.
dumpfiles146.melt could not be opened.
dumpfiles147.melt could not be opened.
dumpfiles148.melt could not be opened.
dumpfiles149.melt could not be opened.
dumpfiles150.melt could not be opened.
dumpfiles151.melt could not be opened.
dumpfiles152.melt could not be opened.
dumpfiles153.melt could not be opened.
dumpfiles154.melt could not be opened.
dumpfiles155.melt could not be opened.
dumpfiles156.melt could not be opened.
dumpfiles157.melt could not be opened.
dumpfiles158.melt could not be opened.
dumpfiles159.melt could not be opened.
dumpfiles160.melt could not be opened.
dumpfiles161.melt could not be opened.
dumpfiles162.melt could not be opened.
dumpfiles163.melt could not be opened.
dumpfiles164.melt could not be opened.
dumpfiles165.melt could not be opened.
dumpfiles166.melt could not be opened.
dumpfiles167.melt could not be opened.
dumpfiles168.melt could not be opened.
dumpfiles169.melt could not be opened.
dumpfiles170.melt could not be opened.
dumpfiles171.melt could not be opened.
dumpfiles172.melt could not be opened.
dumpfiles173.melt could not be opened.
dumpfiles174.melt could not be opened.
dumpfiles175.melt could not be opened.
dumpfiles176.melt could not be opened.
dumpfiles177.melt could not be opened.
dumpfiles178.melt could not be opened.
dumpfiles179.melt could not be opened.
dumpfiles180.melt could not be opened.
dumpfiles181.melt could not be opened.
dumpfiles182.melt could not be opened.
dumpfiles183.melt could not be opened.
dumpfiles184.melt could not be opened.
dumpfiles185.melt could not be opened.
dumpfiles186.melt could not be opened.
dumpfiles187.melt could not be opened.
dumpfiles188.melt could not be opened.
dumpfiles189.melt could not be opened.
dumpfiles190.melt could not be opened.
dumpfiles191.melt could not be opened.
dumpfiles192.melt could not be opened.
dumpfiles193.melt could not be opened.
dumpfiles194.melt could not be opened.
dumpfiles195.melt could not be opened.
dumpfiles196.melt could not be opened.
dumpfiles197.melt could not be opened.
dumpfiles198.melt could not be opened.
dumpfiles199.melt could not be opened.
dumpfiles200.melt could not be opened.
dumpfiles201.melt could not be opened.
dumpfiles202.melt could not be opened.
dumpfiles203.melt could not be opened.
dumpfiles204.melt could not be opened.
dumpfiles205.melt could not be opened.
dumpfiles206.melt could not be opened.
dumpfiles207.melt could not be opened.
dumpfiles208.melt could not be opened.
dumpfiles209.melt could not be opened.
dumpfiles210.melt could not be opened.
dumpfiles211.melt could not be opened.
dumpfiles212.melt could not be opened.
dumpfiles213.melt could not be opened.
dumpfiles214.melt could not be opened.
dumpfiles215.melt could not be opened.
dumpfiles216.melt could not be opened.
dumpfiles217.melt could not be opened.
dumpfiles218.melt could not be opened.
dumpfiles219.melt could not be opened.
dumpfiles220.melt could not be opened.
dumpfiles221.melt could not be opened.
dumpfiles222.melt could not be opened.
dumpfiles223.melt could not be opened.
dumpfiles224.melt could not be opened.
dumpfiles225.melt could not be opened.
dumpfiles226.melt could not be opened.
dumpfiles227.melt could not be opened.
dumpfiles228.melt could not be opened.
dumpfiles229.melt could not be opened.
dumpfiles230.melt could not be opened.
dumpfiles231.melt could not be opened.
dumpfiles232.melt could not be opened.
dumpfiles233.melt could not be opened.
dumpfiles234.melt could not be opened.
dumpfiles235.melt could not be opened.
dumpfiles236.melt could not be opened.
dumpfiles237.melt could not be opened.
dumpfiles238.melt could not be opened.
dumpfiles239.melt could not be opened.
dumpfiles240.melt could not be opened.
dumpfiles241.melt could not be opened.
dumpfiles242.melt could not be opened.
dumpfiles243.melt could not be opened.
dumpfiles244.melt could not be opened.
dumpfiles245.melt could not be opened.
dumpfiles246.melt could not be opened.
dumpfiles247.melt could not be opened.
dumpfiles248.melt could not be opened.
dumpfiles249.melt could not be opened.
dumpfiles250.melt could not be opened.
dumpfiles251.melt could not be opened.
dumpfiles252.melt could not be opened.
dumpfiles253.melt could not be opened.
dumpfiles254.melt could not be opened.
dumpfiles255.melt could not be opened.
dumpfiles256.melt could not be opened.
dumpfiles257.melt could not be opened.
dumpfiles258.melt could not be opened.
dumpfiles259.melt could not be opened.
dumpfiles260.melt could not be opened.
dumpfiles261.melt could not be opened.
dumpfiles262.melt could not be opened.
dumpfiles263.melt could not be opened.
dumpfiles264.melt could not be opened.
dumpfiles265.melt could not be opened.
dumpfiles266.melt could not be opened.
dumpfiles267.melt could not be opened.
dumpfiles268.melt could not be opened.
dumpfiles269.melt could not be opened.
dumpfiles270.melt could not be opened.
dumpfiles271.melt could not be opened.
dumpfiles272.melt could not be opened.
dumpfiles273.melt could not be opened.
dumpfiles274.melt could not be opened.
dumpfiles275.melt could not be opened.
dumpfiles276.melt could not be opened.
dumpfiles277.melt could not be opened.
dumpfiles278.melt could not be opened.
dumpfiles279.melt could not be opened.
dumpfiles280.melt could not be opened.
dumpfiles281.melt could not be opened.
dumpfiles282.melt could not be opened.
dumpfiles283.melt could not be opened.
dumpfiles284.melt could not be opened.
dumpfiles285.melt could not be opened.
dumpfiles286.melt could not be opened.
dumpfiles287.melt could not be opened.
dumpfiles288.melt could not be opened.
dumpfiles289.melt could not be opened.
dumpfiles290.melt could not be opened.
dumpfiles291.melt could not be opened.
dumpfiles292.melt could not be opened.
dumpfiles293.melt could not be opened.
dumpfiles294.melt could not be opened.
dumpfiles295.melt could not be opened.
dumpfiles296.melt could not be opened.
dumpfiles297.melt could not be opened.
dumpfiles298.melt could not be opened.
dumpfiles299.melt could not be opened.
dumpfiles300.melt could not be opened.
dumpfiles301.melt could not be opened.
dumpfiles302.melt could not be opened.
dumpfiles303.melt could not be opened.
dumpfiles304.melt could not be opened.
dumpfiles305.melt could not be opened.
dumpfiles306.melt could not be opened.
dumpfiles307.melt could not be opened.
dumpfiles308.melt could not be opened.
dumpfiles309.melt could not be opened.
dumpfiles310.melt could not be opened.
dumpfiles311.melt could not be opened.
dumpfiles312.melt could not be opened.
dumpfiles313.melt could not be opened.
dumpfiles314.melt could not be opened.
dumpfiles315.melt could not be opened.
dumpfiles316.melt could not be opened.
dumpfiles317.melt could not be opened.
dumpfiles318.melt could not be opened.
dumpfiles319.melt could not be opened.
dumpfiles320.melt could not be opened.
dumpfiles321.melt could not be opened.
dumpfiles322.melt could not be opened.
dumpfiles323.melt could not be opened.
dumpfiles324.melt could not be opened.
dumpfiles325.melt could not be opened.
dumpfiles326.melt could not be opened.
dumpfiles327.melt could not be opened.
dumpfiles328.melt could not be opened.
dumpfiles329.melt could not be opened.
dumpfiles330.melt could not be opened.
dumpfiles331.melt could not be opened.
dumpfiles332.melt could not be opened.
dumpfiles333.melt could not be opened.
dumpfiles334.melt could not be opened.
dumpfiles335.melt could not be opened.
dumpfiles336.melt could not be opened.
dumpfiles337.melt could not be opened.
dumpfiles338.melt could not be opened.
dumpfiles339.melt could not be opened.
dumpfiles340.melt could not be opened.
dumpfiles341.melt could not be opened.
dumpfiles342.melt could not be opened.
dumpfiles343.melt could not be opened.
dumpfiles344.melt could not be opened.
dumpfiles345.melt could not be opened.
dumpfiles346.melt could not be opened.
dumpfiles347.melt could not be opened.
dumpfiles348.melt could not be opened.
dumpfiles349.melt could not be opened.
dumpfiles350.melt could not be opened.
dumpfiles351.melt could not be opened.
dumpfiles352.melt could not be opened.
dumpfiles353.melt could not be opened.
dumpfiles354.melt could not be opened.
dumpfiles355.melt could not be opened.
dumpfiles356.melt could not be opened.
dumpfiles357.melt could not be opened.
dumpfiles358.melt could not be opened.
dumpfiles359.melt could not be opened.
dumpfiles360.melt could not be opened.
dumpfiles361.melt could not be opened.
dumpfiles362.melt could not be opened.
dumpfiles363.melt could not be opened.
dumpfiles364.melt could not be opened.
dumpfiles365.melt could not be opened.
dumpfiles366.melt could not be opened.
dumpfiles367.melt could not be opened.
dumpfiles368.melt could not be opened.
dumpfiles369.melt could not be opened.
dumpfiles370.melt could not be opened.
dumpfiles371.melt could not be opened.
dumpfiles372.melt could not be opened.
dumpfiles373.melt could not be opened.
dumpfiles374.melt could not be opened.
dumpfiles375.melt could not be opened.
dumpfiles376.melt could not be opened.
dumpfiles377.melt could not be opened.
dumpfiles378.melt could not be opened.
dumpfiles379.melt could not be opened.
dumpfiles380.melt could not be opened.
dumpfiles381.melt could not be opened.
dumpfiles382.melt could not be opened.
dumpfiles383.melt could not be opened.
dumpfiles384.melt could not be opened.
dumpfiles385.melt could not be opened.
dumpfiles386.melt could not be opened.
dumpfiles387.melt could not be opened.
dumpfiles388.melt could not be opened.
dumpfiles389.melt could not be opened.
dumpfiles390.melt could not be opened.
dumpfiles391.melt could not be opened.
dumpfiles392.melt could not be opened.
dumpfiles393.melt could not be opened.
dumpfiles394.melt could not be opened.
dumpfiles395.melt could not be opened.
dumpfiles396.melt could not be opened.
dumpfiles397.melt could not be opened.
dumpfiles398.melt could not be opened.
dumpfiles399.melt could not be opened.
dumpfiles400.melt could not be opened.
dumpfiles401.melt could not be opened.
dumpfiles402.melt could not be opened.
dumpfiles403.melt could not be opened.
dumpfiles404.melt could not be opened.
dumpfiles405.melt could not be opened.
dumpfiles406.melt could not be opened.
dumpfiles407.melt could not be opened.
dumpfiles408.melt could not be opened.
dumpfiles409.melt could not be opened.
dumpfiles410.melt could not be opened.
dumpfiles411.melt could not be opened.
dumpfiles412.melt could not be opened.
dumpfiles413.melt could not be opened.
dumpfiles414.melt could not be opened.
dumpfiles415.melt could not be opened.
dumpfiles416.melt could not be opened.
dumpfiles417.melt could not be opened.
dumpfiles418.melt could not be opened.
dumpfiles419.melt could not be opened.
dumpfiles420.melt could not be opened.
dumpfiles421.melt could not be opened.
dumpfiles422.melt could not be opened.
dumpfiles423.melt could not be opened.
dumpfiles424.melt could not be opened.
dumpfiles425.melt could not be opened.
dumpfiles426.melt could not be opened.
dumpfiles427.melt could not be opened.
dumpfiles428.melt could not be opened.
dumpfiles429.melt could not be opened.
dumpfiles430.melt could not be opened.
dumpfiles431.melt could not be opened.
dumpfiles432.melt could not be opened.
dumpfiles433.melt could not be opened.
dumpfiles434.melt could not be opened.
dumpfiles435.melt could not be opened.
dumpfiles436.melt could not be opened.
dumpfiles437.melt could not be opened.
dumpfiles438.melt could not be opened.
dumpfiles439.melt could not be opened.
dumpfiles440.melt could not be opened.
dumpfiles441.melt could not be opened.
dumpfiles442.melt could not be opened.
dumpfiles443.melt could not be opened.
dumpfiles444.melt could not be opened.
dumpfiles445.melt could not be opened.
dumpfiles446.melt could not be opened.
dumpfiles447.melt could not be opened.
dumpfiles448.melt could not be opened.
dumpfiles449.melt could not be opened.
dumpfiles450.melt could not be opened.
dumpfiles451.melt could not be opened.
dumpfiles452.melt could not be opened.
dumpfiles453.melt could not be opened.
dumpfiles454.melt could not be opened.
dumpfiles455.melt could not be opened.
dumpfiles456.melt could not be opened.
dumpfiles457.melt could not be opened.
dumpfiles458.melt could not be opened.
dumpfiles459.melt could not be opened.
dumpfiles460.melt could not be opened.
dumpfiles461.melt could not be opened.
dumpfiles462.melt could not be opened.
dumpfiles463.melt could not be opened.
dumpfiles464.melt could not be opened.
dumpfiles465.melt could not be opened.
dumpfiles466.melt could not be opened.
dumpfiles467.melt could not be opened.
dumpfiles468.melt could not be opened.
dumpfiles469.melt could not be opened.
dumpfiles470.melt could not be opened.
dumpfiles471.melt could not be opened.
dumpfiles472.melt could not be opened.
dumpfiles473.melt could not be opened.
dumpfiles474.melt could not be opened.
dumpfiles475.melt could not be opened.
dumpfiles476.melt could not be opened.
dumpfiles477.melt could not be opened.
dumpfiles478.melt could not be opened.
dumpfiles479.melt could not be opened.
dumpfiles480.melt could not be opened.
dumpfiles481.melt could not be opened.
dumpfiles482.melt could not be opened.
dumpfiles483.melt could not be opened.
dumpfiles484.melt could not be opened.
dumpfiles485.melt could not be opened.
dumpfiles486.melt could not be opened.
dumpfiles487.melt could not be opened.
dumpfiles488.melt could not be opened.
dumpfiles489.melt could not be opened.
dumpfiles490.melt could not be opened.
dumpfiles491.melt could not be opened.
dumpfiles492.melt could not be opened.
dumpfiles493.melt could not be opened.
dumpfiles494.melt could not be opened.
dumpfiles495.melt could not be opened.
dumpfiles496.melt could not be opened.
dumpfiles497.melt could not be opened.
dumpfiles498.melt could not be opened.
dumpfiles499.melt could not be opened.
dumpfiles500.melt could not be opened.
dumpfiles501.melt could not be opened.
dumpfiles502.melt could not be opened.
dumpfiles503.melt could not be opened.
dumpfiles504.melt could not be opened.
dumpfiles505.melt could not be opened.
dumpfiles506.melt could not be opened.
dumpfiles507.melt could not be opened.
dumpfiles508.melt could not be opened.
dumpfiles509.melt could not be opened.
dumpfiles510.melt could not be opened.
dumpfiles511.melt could not be opened.
dumpfiles512.melt could not be opened.
dumpfiles513.melt could not be opened.
dumpfiles514.melt could not be opened.
dumpfiles515.melt could not be opened.
dumpfiles516.melt could not be opened.
dumpfiles517.melt could not be opened.
dumpfiles518.melt could not be opened.
dumpfiles519.melt could not be opened.
dumpfiles520.melt could not be opened.
dumpfiles521.melt could not be opened.
dumpfiles522.melt could not be opened.
dumpfiles523.melt could not be opened.
dumpfiles524.melt could not be opened.
dumpfiles525.melt could not be opened.
dumpfiles526.melt could not be opened.
dumpfiles527.melt could not be opened.
dumpfiles528.melt could not be opened.
dumpfiles529.melt could not be opened.
dumpfiles530.melt could not be opened.
dumpfiles531.melt could not be opened.
dumpfiles532.melt could not be opened.
dumpfiles533.melt could not be opened.
dumpfiles534.melt could not be opened.
dumpfiles535.melt could not be opened.
dumpfiles536.melt could not be opened.
dumpfiles537.melt could not be opened.
dumpfiles538.melt could not be opened.
dumpfiles539.melt could not be opened.
dumpfiles540.melt could not be opened.
dumpfiles541.melt could not be opened.
dumpfiles542.melt could not be opened.
dumpfiles543.melt could not be opened.
dumpfiles544.melt could not be opened.
dumpfiles545.melt could not be opened.
dumpfiles546.melt could not be opened.
dumpfiles547.melt could not be opened.
dumpfiles548.melt could not be opened.
dumpfiles549.melt could not be opened.
dumpfiles550.melt could not be opened.
dumpfiles551.melt could not be opened.
dumpfiles552.melt could not be opened.
dumpfiles553.melt could not be opened.
dumpfiles554.melt could not be opened.
dumpfiles555.melt could not be opened.
dumpfiles556.melt could not be opened.
dumpfiles557.melt could not be opened.
dumpfiles558.melt could not be opened.
dumpfiles559.melt could not be opened.
dumpfiles560.melt could not be opened.
dumpfiles561.melt could not be opened.
dumpfiles562.melt could not be opened.
dumpfiles563.melt could not be opened.
dumpfiles564.melt could not be opened.
dumpfiles565.melt could not be opened.
dumpfiles566.melt could not be opened.
dumpfiles567.melt could not be opened.
dumpfiles568.melt could not be opened.
dumpfiles569.melt could not be opened.
dumpfiles570.melt could not be opened.
dumpfiles571.melt could not be opened.
dumpfiles572.melt could not be opened.
dumpfiles573.melt could not be opened.
dumpfiles574.melt could not be opened.
dumpfiles575.melt could not be opened.
dumpfiles576.melt could not be opened.
dumpfiles577.melt could not be opened.
dumpfiles578.melt could not be opened.
dumpfiles579.melt could not be opened.
dumpfiles580.melt could not be opened.
dumpfiles581.melt could not be opened.
dumpfiles582.melt could not be opened.
dumpfiles583.melt could not be opened.
dumpfiles584.melt could not be opened.
dumpfiles585.melt could not be opened.
dumpfiles586.melt could not be opened.
dumpfiles587.melt could not be opened.
dumpfiles588.melt could not be opened.
dumpfiles589.melt could not be opened.
dumpfiles590.melt could not be opened.
dumpfiles591.melt could not be opened.
dumpfiles592.melt could not be opened.
dumpfiles593.melt could not be opened.
dumpfiles594.melt could not be opened.
dumpfiles595.melt could not be opened.
dumpfiles596.melt could not be opened.
dumpfiles597.melt could not be opened.
dumpfiles598.melt could not be opened.
dumpfiles599.melt could not be opened.
dumpfiles600.melt could not be opened.
dumpfiles601.melt could not be opened.
dumpfiles602.melt could not be opened.
dumpfiles603.melt could not be opened.
dumpfiles604.melt could not be opened.
dumpfiles605.melt could not be opened.
dumpfiles606.melt could not be opened.
dumpfiles607.melt could not be opened.
dumpfiles608.melt could not be opened.
dumpfiles609.melt could not be opened.
dumpfiles610.melt could not be opened.
dumpfiles611.melt could not be opened.
dumpfiles612.melt could not be opened.
dumpfiles613.melt could not be opened.
dumpfiles614.melt could not be opened.
dumpfiles615.melt could not be opened.
dumpfiles616.melt could not be opened.
dumpfiles617.melt could not be opened.
dumpfiles618.melt could not be opened.
dumpfiles619.melt could not be opened.
dumpfiles620.melt could not be opened.
dumpfiles621.melt could not be opened.
dumpfiles622.melt could not be opened.
dumpfiles623.melt could not be opened.
dumpfiles624.melt could not be opened.
dumpfiles625.melt could not be opened.
dumpfiles626.melt could not be opened.
dumpfiles627.melt could not be opened.
dumpfiles628.melt could not be opened.
dumpfiles629.melt could not be opened.
dumpfiles630.melt could not be opened.
dumpfiles631.melt could not be opened.
dumpfiles632.melt could not be opened.
dumpfiles633.melt could not be opened.
dumpfiles634.melt could not be opened.
dumpfiles635.melt could not be opened.
dumpfiles636.melt could not be opened.
dumpfiles637.melt could not be opened.
dumpfiles638.melt could not be opened.
dumpfiles639.melt could not be opened.
dumpfiles640.melt could not be opened.
dumpfiles641.melt could not be opened.
dumpfiles642.melt could not be opened.
dumpfiles643.melt could not be opened.
dumpfiles644.melt could not be opened.
dumpfiles645.melt could not be opened.
dumpfiles646.melt could not be opened.
dumpfiles647.melt could not be opened.
dumpfiles648.melt could not be opened.
dumpfiles649.melt could not be opened.
dumpfiles650.melt could not be opened.
dumpfiles651.melt could not be opened.
dumpfiles652.melt could not be opened.
dumpfiles653.melt could not be opened.
dumpfiles654.melt could not be opened.
dumpfiles655.melt could not be opened.
dumpfiles656.melt could not be opened.
dumpfiles657.melt could not be opened.
dumpfiles658.melt could not be opened.
dumpfiles659.melt could not be opened.
dumpfiles660.melt could not be opened.
dumpfiles661.melt could not be opened.
dumpfiles662.melt could not be opened.
dumpfiles663.melt could not be opened.
dumpfiles664.melt could not be opened.
dumpfiles665.melt could not be opened.
dumpfiles666.melt could not be opened.
dumpfiles667.melt could not be opened.
dumpfiles668.melt could not be opened.
dumpfiles669.melt could not be opened.
dumpfiles670.melt could not be opened.
dumpfiles671.melt could not be opened.
dumpfiles672.melt could not be opened.
dumpfiles673.melt could not be opened.
dumpfiles674.melt could not be opened.
dumpfiles675.melt could not be opened.
dumpfiles676.melt could not be opened.
dumpfiles677.melt could not be opened.
dumpfiles678.melt could not be opened.
dumpfiles679.melt could not be opened.
dumpfiles680.melt could not be opened.
dumpfiles681.melt could not be opened.
dumpfiles682.melt could not be opened.
dumpfiles683.melt could not be opened.
dumpfiles684.melt could not be opened.
dumpfiles685.melt could not be opened.
dumpfiles686.melt could not be opened.
dumpfiles687.melt could not be opened.
dumpfiles688.melt could not be opened.
dumpfiles689.melt could not be opened.
dumpfiles690.melt could not be opened.
dumpfiles691.melt could not be opened.
dumpfiles692.melt could not be opened.
dumpfiles693.melt could not be opened.
dumpfiles694.melt could not be opened.
dumpfiles695.melt could not be opened.
dumpfiles696.melt could not be opened.
dumpfiles697.melt could not be opened.
dumpfiles698.melt could not be opened.
dumpfiles699.melt could not be opened.
dumpfiles700.melt could not be opened.
dumpfiles701.melt could not be opened.
dumpfiles702.melt could not be opened.
dumpfiles703.melt could not be opened.
dumpfiles704.melt could not be opened.
dumpfiles705.melt could not be opened.
dumpfiles706.melt could not be opened.
dumpfiles707.melt could not be opened.
dumpfiles708.melt could not be opened.
dumpfiles709.melt could not be opened.
dumpfiles710.melt could not be opened.
dumpfiles711.melt could not be opened.
dumpfiles712.melt could not be opened.
dumpfiles713.melt could not be opened.
dumpfiles714.melt could not be opened.
dumpfiles715.melt could not be opened.
dumpfiles716.melt could not be opened.
dumpfiles717.melt could not be opened.
dumpfiles718.melt could not be opened.
dumpfiles719.melt could not be opened.
dumpfiles720.melt could not be opened.
dumpfiles721.melt could not be opened.
dumpfiles722.melt could not be opened.
dumpfiles723.melt could not be opened.
dumpfiles724.melt could not be opened.
dumpfiles725.melt could not be opened.
dumpfiles726.melt could not be opened.
dumpfiles727.melt could not be opened.
dumpfiles728.melt could not be opened.
dumpfiles729.melt could not be opened.
dumpfiles730.melt could not be opened.
dumpfiles731.melt could not be opened.
dumpfiles732.melt could not be opened.
dumpfiles733.melt could not be opened.
dumpfiles734.melt could not be opened.
dumpfiles735.melt could not be opened.
dumpfiles736.melt could not be opened.
dumpfiles737.melt could not be opened.
dumpfiles738.melt could not be opened.
dumpfiles739.melt could not be opened.
dumpfiles740.melt could not be opened.
dumpfiles741.melt could not be opened.
dumpfiles742.melt could not be opened.
dumpfiles743.melt could not be opened.
dumpfiles744.melt could not be opened.
dumpfiles745.melt could not be opened.
dumpfiles746.melt could not be opened.
dumpfiles747.melt could not be opened.
dumpfiles748.melt could not be opened.
dumpfiles749.melt could not be opened.
dumpfiles750.melt could not be opened.
dumpfiles751.melt could not be opened.
dumpfiles752.melt could not be opened.
dumpfiles753.melt could not be opened.
dumpfiles754.melt could not be opened.
dumpfiles755.melt could not be opened.
dumpfiles756.melt could not be opened.
dumpfiles757.melt could not be opened.
dumpfiles758.melt could not be opened.
dumpfiles759.melt could not be opened.
dumpfiles760.melt could not be opened.
dumpfiles761.melt could not be opened.
dumpfiles762.melt could not be opened.
dumpfiles763.melt could not be opened.
dumpfiles764.melt could not be opened.
dumpfiles765.melt could not be opened.
dumpfiles766.melt could not be opened.
dumpfiles767.melt could not be opened.
dumpfiles768.melt could not be opened.
dumpfiles769.melt could not be opened.
dumpfiles770.melt could not be opened.
dumpfiles771.melt could not be opened.
dumpfiles772.melt could not be opened.
dumpfiles773.melt could not be opened.
dumpfiles774.melt could not be opened.
dumpfiles775.melt could not be opened.
dumpfiles776.melt could not be opened.
dumpfiles777.melt could not be opened.
dumpfiles778.melt could not be opened.
dumpfiles779.melt could not be opened.
dumpfiles780.melt could not be opened.
dumpfiles781.melt could not be opened.
dumpfiles782.melt could not be opened.
dumpfiles783.melt could not be opened.
dumpfiles784.melt could not be opened.
dumpfiles785.melt could not be opened.
dumpfiles786.melt could not be opened.
dumpfiles787.melt could not be opened.
dumpfiles788.melt could not be opened.
dumpfiles789.melt could not be opened.
dumpfiles790.melt could not be opened.
dumpfiles791.melt could not be opened.
dumpfiles792.melt could not be opened.
dumpfiles793.melt could not be opened.
dumpfiles794.melt could not be opened.
dumpfiles795.melt could not be opened.
dumpfiles796.melt could not be opened.
dumpfiles797.melt could not be opened.
dumpfiles798.melt could not be opened.
dumpfiles799.melt could not be opened.
dumpfiles800.melt could not be opened.
dumpfiles801.melt could not be opened.
dumpfiles802.melt could not be opened.
dumpfiles803.melt could not be opened.
dumpfiles804.melt could not be opened.
dumpfiles805.melt could not be opened.
dumpfiles806.melt could not be opened.
dumpfiles807.melt could not be opened.
dumpfiles808.melt could not be opened.
dumpfiles809.melt could not be opened.
dumpfiles810.melt could not be opened.
dumpfiles811.melt could not be opened.
dumpfiles812.melt could not be opened.
dumpfiles813.melt could not be opened.
dumpfiles814.melt could not be opened.
dumpfiles815.melt could not be opened.
dumpfiles816.melt could not be opened.
dumpfiles817.melt could not be opened.
dumpfiles818.melt could not be opened.
dumpfiles819.melt could not be opened.
dumpfiles820.melt could not be opened.
dumpfiles821.melt could not be opened.
dumpfiles822.melt could not be opened.
dumpfiles823.melt could not be opened.
dumpfiles824.melt could not be opened.
dumpfiles825.melt could not be opened.
dumpfiles826.melt could not be opened.
dumpfiles827.melt could not be opened.
dumpfiles828.melt could not be opened.
dumpfiles829.melt could not be opened.
dumpfiles830.melt could not be opened.
dumpfiles831.melt could not be opened.
dumpfiles832.melt could not be opened.
dumpfiles833.melt could not be opened.
dumpfiles834.melt could not be opened.
dumpfiles835.melt could not be opened.
dumpfiles836.melt could not be opened.
dumpfiles837.melt could not be opened.
dumpfiles838.melt could not be opened.
dumpfiles839.melt could not be opened.
dumpfiles840.melt could not be opened.
dumpfiles841.melt could not be opened.
dumpfiles842.melt could not be opened.
dumpfiles843.melt could not be opened.
dumpfiles844.melt could not be opened.
dumpfiles845.melt could not be opened.
dumpfiles846.melt could not be opened.
dumpfiles847.melt could not be opened.
dumpfiles848.melt could not be opened.
dumpfiles849.melt could not be opened.
dumpfiles850.melt could not be opened.
dumpfiles851.melt could not be opened.
dumpfiles852.melt could not be opened.
dumpfiles853.melt could not be opened.
dumpfiles854.melt could not be opened.
dumpfiles855.melt could not be opened.
dumpfiles856.melt could not be opened.
dumpfiles857.melt could not be opened.
dumpfiles858.melt could not be opened.
dumpfiles859.melt could not be opened.
dumpfiles860.melt could not be opened.
dumpfiles861.melt could not be opened.
dumpfiles862.melt could not be opened.
dumpfiles863.melt could not be opened.
dumpfiles864.melt could not be opened.
dumpfiles865.melt could not be opened.
dumpfiles866.melt could not be opened.
dumpfiles867.melt could not be opened.
dumpfiles868.melt could not be opened.
dumpfiles869.melt could not be opened.
dumpfiles870.melt could not be opened.
dumpfiles871.melt could not be opened.
dumpfiles872.melt could not be opened.
dumpfiles873.melt could not be opened.
dumpfiles874.melt could not be opened.
dumpfiles875.melt could not be opened.
dumpfiles876.melt could not be opened.
dumpfiles877.melt could not be opened.
dumpfiles878.melt could not be opened.
dumpfiles879.melt could not be opened.
dumpfiles880.melt could not be opened.
dumpfiles881.melt could not be opened.
dumpfiles882.melt could not be opened.
dumpfiles883.melt could not be opened.
dumpfiles884.melt could not be opened.
dumpfiles885.melt could not be opened.
dumpfiles886.melt could not be opened.
dumpfiles887.melt could not be opened.
dumpfiles888.melt could not be opened.
dumpfiles889.melt could not be opened.
dumpfiles890.melt could not be opened.
dumpfiles891.melt could not be opened.
dumpfiles892.melt could not be opened.
dumpfiles893.melt could not be opened.
dumpfiles894.melt could not be opened.
dumpfiles895.melt could not be opened.
dumpfiles896.melt could not be opened.
dumpfiles897.melt could not be opened.
dumpfiles898.melt could not be opened.
dumpfiles899.melt could not be opened.
dumpfiles900.melt could not be opened.
dumpfiles901.melt could not be opened.
dumpfiles902.melt could not be opened.
dumpfiles903.melt could not be opened.
dumpfiles904.melt could not be opened.
dumpfiles905.melt could not be opened.
dumpfiles906.melt could not be opened.
dumpfiles907.melt could not be opened.
dumpfiles908.melt could not be opened.
dumpfiles909.melt could not be opened.
dumpfiles910.melt could not be opened.
dumpfiles911.melt could not be opened.
dumpfiles912.melt could not be opened.
dumpfiles913.melt could not be opened.
dumpfiles914.melt could not be opened.
dumpfiles915.melt could not be opened.
dumpfiles916.melt could not be opened.
dumpfiles917.melt could not be opened.
dumpfiles918.melt could not be opened.
dumpfiles919.melt could not be opened.
dumpfiles920.melt could not be opened.
dumpfiles921.melt could not be opened.
dumpfiles922.melt could not be opened.
dumpfiles923.melt could not be opened.
dumpfiles924.melt could not be opened.
dumpfiles925.melt could not be opened.
dumpfiles926.melt could not be opened.
dumpfiles927.melt could not be opened.
dumpfiles928.melt could not be opened.
dumpfiles929.melt could not be opened.
dumpfiles930.melt could not be opened.
dumpfiles931.melt could not be opened.
dumpfiles932.melt could not be opened.
dumpfiles933.melt could not be opened.
dumpfiles934.melt could not be opened.
dumpfiles935.melt could not be opened.
dumpfiles936.melt could not be opened.
dumpfiles937.melt could not be opened.
dumpfiles938.melt could not be opened.
dumpfiles939.melt could not be opened.
dumpfiles940.melt could not be opened.
dumpfiles941.melt could not be opened.
dumpfiles942.melt could not be opened.
dumpfiles943.melt could not be opened.
dumpfiles944.melt could not be opened.
dumpfiles945.melt could not be opened.
dumpfiles946.melt could not be opened.
dumpfiles947.melt could not be opened.
dumpfiles948.melt could not be opened.
dumpfiles949.melt could not be opened.
dumpfiles950.melt could not be opened.
dumpfiles951.melt could not be opened.
dumpfiles952.melt could not be opened.
dumpfiles953.melt could not be opened.
dumpfiles954.melt could not be opened.
dumpfiles955.melt could not be opened.
dumpfiles956.melt could not be opened.
dumpfiles957.melt could not be opened.
dumpfiles958.melt could not be opened.
dumpfiles959.melt could not be opened.
dumpfiles960.melt could not be opened.
dumpfiles961.melt could not be opened.
dumpfiles962.melt could not be opened.
dumpfiles963.melt could not be opened.
dumpfiles964.melt could not be opened.
dumpfiles965.melt could not be opened.
dumpfiles966.melt could not be opened.
dumpfiles967.melt could not be opened.
dumpfiles968.melt could not be opened.
dumpfiles969.melt could not be opened.
dumpfiles970.melt could not be opened.
dumpfiles971.melt could not be opened.
dumpfiles972.melt could not be opened.
dumpfiles973.melt could not be opened.
dumpfiles974.melt could not be opened.
dumpfiles975.melt could not be opened.
dumpfiles976.melt could not be opened.
dumpfiles977.melt could not be opened.
dumpfiles978.melt could not be opened.
dumpfiles979.melt could not be opened.
dumpfiles980.melt could not be opened.
dumpfiles981.melt could not be opened.
dumpfiles982.melt could not be opened.
dumpfiles983.melt could not be opened.
dumpfiles984.melt could not be opened.
dumpfiles985.melt could not be opened.
dumpfiles986.melt could not be opened.
dumpfiles987.melt could not be opened.
dumpfiles988.melt could not be opened.
dumpfiles989.melt could not be opened.
dumpfiles990.melt could not be opened.
dumpfiles991.melt could not be opened.
dumpfiles992.melt could not be opened.
dumpfiles993.melt could not be opened.
dumpfiles994.melt could not be opened.
dumpfiles995.melt could not be opened.
dumpfiles996.melt could not be opened.
dumpfiles997.melt could not be opened.
dumpfiles998.melt could not be opened.
dumpfiles999.melt could not be opened.
dumpfiles1000.melt could not be opened.
dumpfiles1001.melt could not be opened.
dumpfiles1002.melt could not be opened.
dumpfiles1003.melt could not be opened.
dumpfiles1004.melt could not be opened.
dumpfiles1005.melt could not be opened.
dumpfiles1006.melt could not be opened.
dumpfiles1007.melt could not be opened.
dumpfiles1008.melt could not be opened.
dumpfiles1009.melt could not be opened.
dumpfiles1010.melt could not be opened.
dumpfiles1011.melt could not be opened.
dumpfiles1012.melt could not be opened.
dumpfiles1013.melt could not be opened.
dumpfiles1014.melt could not be opened.
dumpfiles1015.melt could not be opened.
dumpfiles1016.melt could not be opened.
dumpfiles1017.melt could not be opened.
dumpfiles1018.melt could not be opened.
dumpfiles1019.melt could not be opened.
dumpfiles1020.melt could not be opened.
dumpfiles1021.melt could not be opened.
dumpfiles1022.melt could not be opened.
dumpfiles1023.melt could not be opened.
dumpfiles1024.melt could not be opened.
dumpfiles1025.melt could not be opened.
dumpfiles1026.melt could not be opened.
dumpfiles1027.melt could not be opened.
dumpfiles1028.melt could not be opened.
dumpfiles1029.melt could not be opened.
dumpfiles1030.melt could not be opened.
dumpfiles1031.melt could not be opened.
dumpfiles1032.melt could not be opened.
dumpfiles1033.melt could not be opened.
dumpfiles1034.melt could not be opened.
dumpfiles1035.melt could not be opened.
dumpfiles1036.melt could not be opened.
dumpfiles1037.melt could not be opened.
dumpfiles1038.melt could not be opened.
dumpfiles1039.melt could not be opened.
dumpfiles1040.melt could not be opened.
dumpfiles1041.melt could not be opened.
dumpfiles1042.melt could not be opened.
dumpfiles1043.melt could not be opened.
dumpfiles1044.melt could not be opened.
dumpfiles1045.melt could not be opened.
dumpfiles1046.melt could not be opened.
dumpfiles1047.melt could not be opened.
dumpfiles1048.melt could not be opened.
dumpfiles1049.melt could not be opened.
dumpfiles1050.melt could not be opened.
dumpfiles1051.melt could not be opened.
dumpfiles1052.melt could not be opened.
dumpfiles1053.melt could not be opened.
dumpfiles1054.melt could not be opened.
dumpfiles1055.melt could not be opened.
dumpfiles1056.melt could not be opened.
dumpfiles1057.melt could not be opened.
dumpfiles1058.melt could not be opened.
dumpfiles1059.melt could not be opened.
dumpfiles1060.melt could not be opened.
dumpfiles1061.melt could not be opened.
dumpfiles1062.melt could not be opened.
dumpfiles1063.melt could not be opened.
dumpfiles1064.melt could not be opened.
dumpfiles1065.melt could not be opened.
dumpfiles1066.melt could not be opened.
dumpfiles1067.melt could not be opened.
dumpfiles1068.melt could not be opened.
dumpfiles1069.melt could not be opened.
dumpfiles1070.melt could not be opened.
dumpfiles1071.melt could not be opened.
dumpfiles1072.melt could not be opened.
dumpfiles1073.melt could not be opened.
dumpfiles1074.melt could not be opened.
dumpfiles1075.melt could not be opened.
dumpfiles1076.melt could not be opened.
dumpfiles1077.melt could not be opened.
dumpfiles1078.melt could not be opened.
dumpfiles1079.melt could not be opened.
dumpfiles1080.melt could not be opened.
dumpfiles1081.melt could not be opened.
dumpfiles1082.melt could not be opened.
dumpfiles1083.melt could not be opened.
dumpfiles1084.melt could not be opened.
dumpfiles1085.melt could not be opened.
dumpfiles1086.melt could not be opened.
dumpfiles1087.melt could not be opened.
dumpfiles1088.melt could not be opened.
dumpfiles1089.melt could not be opened.
dumpfiles1090.melt could not be opened.
dumpfiles1091.melt could not be opened.
dumpfiles1092.melt could not be opened.
dumpfiles1093.melt could not be opened.
dumpfiles1094.melt could not be opened.
dumpfiles1095.melt could not be opened.
dumpfiles1096.melt could not be opened.
dumpfiles1097.melt could not be opened.
dumpfiles1098.melt could not be opened.
dumpfiles1099.melt could not be opened.
dumpfiles1100.melt could not be opened.
dumpfiles1101.melt could not be opened.
dumpfiles1102.melt could not be opened.
dumpfiles1103.melt could not be opened.
dumpfiles1104.melt could not be opened.
dumpfiles1105.melt could not be opened.
dumpfiles1106.melt could not be opened.
dumpfiles1107.melt could not be opened.
dumpfiles1108.melt could not be opened.
dumpfiles1109.melt could not be opened.
dumpfiles1110.melt could not be opened.
dumpfiles1111.melt could not be opened.
dumpfiles1112.melt could not be opened.
dumpfiles1113.melt could not be opened.
dumpfiles1114.melt could not be opened.
dumpfiles1115.melt could not be opened.
dumpfiles1116.melt could not be opened.
dumpfiles1117.melt could not be opened.
dumpfiles1118.melt could not be opened.
dumpfiles1119.melt could not be opened.
dumpfiles1120.melt could not be opened.
dumpfiles1121.melt could not be opened.
dumpfiles1122.melt could not be opened.
dumpfiles1123.melt could not be opened.
dumpfiles1124.melt could not be opened.
dumpfiles1125.melt could not be opened.
dumpfiles1126.melt could not be opened.
dumpfiles1127.melt could not be opened.
dumpfiles1128.melt could not be opened.
dumpfiles1129.melt could not be opened.
dumpfiles1130.melt could not be opened.
dumpfiles1131.melt could not be opened.
dumpfiles1132.melt could not be opened.
dumpfiles1133.melt could not be opened.
dumpfiles1134.melt could not be opened.
dumpfiles1135.melt could not be opened.
dumpfiles1136.melt could not be opened.
dumpfiles1137.melt could not be opened.
dumpfiles1138.melt could not be opened.
dumpfiles1139.melt could not be opened.
dumpfiles1140.melt could not be opened.
dumpfiles1141.melt could not be opened.
dumpfiles1142.melt could not be opened.
dumpfiles1143.melt could not be opened.
dumpfiles1144.melt could not be opened.
dumpfiles1145.melt could not be opened.
dumpfiles1146.melt could not be opened.
dumpfiles1147.melt could not be opened.
dumpfiles1148.melt could not be opened.
dumpfiles1149.melt could not be opened.
dumpfiles1150.melt could not be opened.
dumpfiles1151.melt could not be opened.
dumpfiles1152.melt could not be opened.
dumpfiles1153.melt could not be opened.
dumpfiles1154.melt could not be opened.
dumpfiles1155.melt could not be opened.
dumpfiles1156.melt could not be opened.
dumpfiles1157.melt could not be opened.
dumpfiles1158.melt could not be opened.
dumpfiles1159.melt could not be opened.
dumpfiles1160.melt could not be opened.
dumpfiles1161.melt could not be opened.
dumpfiles1162.melt could not be opened.
dumpfiles1163.melt could not be opened.
dumpfiles1164.melt could not be opened.
dumpfiles1165.melt could not be opened.
dumpfiles1166.melt could not be opened.
dumpfiles1167.melt could not be opened.
dumpfiles1168.melt could not be opened.
dumpfiles1169.melt could not be opened.
dumpfiles1170.melt could not be opened.
dumpfiles1171.melt could not be opened.
dumpfiles1172.melt could not be opened.
dumpfiles1173.melt could not be opened.
dumpfiles1174.melt could not be opened.
dumpfiles1175.melt could not be opened.
dumpfiles1176.melt could not be opened.
dumpfiles1177.melt could not be opened.
dumpfiles1178.melt could not be opened.
dumpfiles1179.melt could not be opened.
dumpfiles1180.melt could not be opened.
dumpfiles1181.melt could not be opened.
dumpfiles1182.melt could not be opened.
dumpfiles1183.melt could not be opened.
dumpfiles1184.melt could not be opened.
dumpfiles1185.melt could not be opened.
dumpfiles1186.melt could not be opened.
dumpfiles1187.melt could not be opened.
dumpfiles1188.melt could not be opened.
dumpfiles1189.melt could not be opened.
dumpfiles1190.melt could not be opened.
dumpfiles1191.melt could not be opened.
dumpfiles1192.melt could not be opened.
dumpfiles1193.melt could not be opened.
dumpfiles1194.melt could not be opened.
dumpfiles1195.melt could not be opened.
dumpfiles1196.melt could not be opened.
dumpfiles1197.melt could not be opened.
dumpfiles1198.melt could not be opened.
dumpfiles1199.melt could not be opened.
dumpfiles1200.melt could not be opened.
dumpfiles1201.melt could not be opened.
dumpfiles1202.melt could not be opened.
dumpfiles1203.melt could not be opened.
dumpfiles1204.melt could not be opened.
dumpfiles1205.melt could not be opened.
dumpfiles1206.melt could not be opened.
dumpfiles1207.melt could not be opened.
dumpfiles1208.melt could not be opened.
dumpfiles1209.melt could not be opened.
dumpfiles1210.melt could not be opened.
dumpfiles1211.melt could not be opened.
dumpfiles1212.melt could not be opened.
dumpfiles1213.melt could not be opened.
dumpfiles1214.melt could not be opened.
dumpfiles1215.melt could not be opened.
dumpfiles1216.melt could not be opened.
dumpfiles1217.melt could not be opened.
dumpfiles1218.melt could not be opened.
dumpfiles1219.melt could not be opened.
dumpfiles1220.melt could not be opened.
dumpfiles1221.melt could not be opened.
dumpfiles1222.melt could not be opened.
dumpfiles1223.melt could not be opened.
dumpfiles1224.melt could not be opened.
dumpfiles1225.melt could not be opened.
dumpfiles1226.melt could not be opened.
dumpfiles1227.melt could not be opened.
dumpfiles1228.melt could not be opened.
dumpfiles1229.melt could not be opened.
dumpfiles1230.melt could not be opened.
dumpfiles1231.melt could not be opened.
dumpfiles1232.melt could not be opened.
dumpfiles1233.melt could not be opened.
dumpfiles1234.melt could not be opened.
dumpfiles1235.melt could not be opened.
dumpfiles1236.melt could not be opened.
dumpfiles1237.melt could not be opened.
dumpfiles1238.melt could not be opened.
dumpfiles1239.melt could not be opened.
dumpfiles1240.melt could not be opened.
dumpfiles1241.melt could not be opened.
dumpfiles1242.melt could not be opened.
dumpfiles1243.melt could not be opened.
dumpfiles1244.melt could not be opened.
dumpfiles1245.melt could not be opened.
dumpfiles1246.melt could not be opened.
dumpfiles1247.melt could not be opened.
dumpfiles1248.melt could not be opened.
dumpfiles1249.melt could not be opened.
dumpfiles1250.melt could not be opened.
dumpfiles1251.melt could not be opened.
dumpfiles1252.melt could not be opened.
dumpfiles1253.melt could not be opened.
dumpfiles1254.melt could not be opened.
dumpfiles1255.melt could not be opened.
dumpfiles1256.melt could not be opened.
dumpfiles1257.melt could not be opened.
dumpfiles1258.melt could not be opened.
dumpfiles1259.melt could not be opened.
dumpfiles1260.melt could not be opened.
dumpfiles1261.melt could not be opened.
dumpfiles1262.melt could not be opened.
dumpfiles1263.melt could not be opened.
dumpfiles1264.melt could not be opened.
dumpfiles1265.melt could not be opened.
dumpfiles1266.melt could not be opened.
dumpfiles1267.melt could not be opened.
dumpfiles1268.melt could not be opened.
dumpfiles1269.melt could not be opened.
dumpfiles1270.melt could not be opened.
dumpfiles1271.melt could not be opened.
dumpfiles1272.melt could not be opened.
dumpfiles1273.melt could not be opened.
dumpfiles1274.melt could not be opened.
dumpfiles1275.melt could not be opened.
dumpfiles1276.melt could not be opened.
dumpfiles1277.melt could not be opened.
dumpfiles1278.melt could not be opened.
dumpfiles1279.melt could not be opened.
dumpfiles1280.melt could not be opened.
dumpfiles1281.melt could not be opened.
dumpfiles1282.melt could not be opened.
dumpfiles1283.melt could not be opened.
dumpfiles1284.melt could not be opened.
dumpfiles1285.melt could not be opened.
dumpfiles1286.melt could not be opened.
dumpfiles1287.melt could not be opened.
dumpfiles1288.melt could not be opened.
dumpfiles1289.melt could not be opened.
dumpfiles1290.melt could not be opened.
dumpfiles1291.melt could not be opened.
dumpfiles1292.melt could not be opened.
dumpfiles1293.melt could not be opened.
dumpfiles1294.melt could not be opened.
dumpfiles1295.melt could not be opened.
dumpfiles1296.melt could not be opened.
dumpfiles1297.melt could not be opened.
dumpfiles1298.melt could not be opened.
dumpfiles1299.melt could not be opened.
dumpfiles1300.melt could not be opened.
dumpfiles1301.melt could not be opened.
dumpfiles1302.melt could not be opened.
dumpfiles1303.melt could not be opened.
dumpfiles1304.melt could not be opened.
dumpfiles1305.melt could not be opened.
dumpfiles1306.melt could not be opened.
dumpfiles1307.melt could not be opened.
dumpfiles1308.melt could not be opened.
dumpfiles1309.melt could not be opened.
dumpfiles1310.melt could not be opened.
dumpfiles1311.melt could not be opened.
dumpfiles1312.melt could not be opened.
dumpfiles1313.melt could not be opened.
dumpfiles1314.melt could not be opened.
dumpfiles1315.melt could not be opened.
dumpfiles1316.melt could not be opened.
dumpfiles1317.melt could not be opened.
dumpfiles1318.melt could not be opened.
dumpfiles1319.melt could not be opened.
dumpfiles1320.melt could not be opened.
dumpfiles1321.melt could not be opened.
dumpfiles1322.melt could not be opened.
dumpfiles1323.melt could not be opened.
dumpfiles1324.melt could not be opened.
dumpfiles1325.melt could not be opened.
dumpfiles1326.melt could not be opened.
dumpfiles1327.melt could not be opened.
dumpfiles1328.melt could not be opened.
dumpfiles1329.melt could not be opened.
dumpfiles1330.melt could not be opened.
dumpfiles1331.melt could not be opened.
dumpfiles1332.melt could not be opened.
dumpfiles1333.melt could not be opened.
dumpfiles1334.melt could not be opened.
dumpfiles1335.melt could not be opened.
dumpfiles1336.melt could not be opened.
dumpfiles1337.melt could not be opened.
dumpfiles1338.melt could not be opened.
dumpfiles1339.melt could not be opened.
dumpfiles1340.melt could not be opened.
dumpfiles1341.melt could not be opened.
dumpfiles1342.melt could not be opened.
dumpfiles1343.melt could not be opened.
dumpfiles1344.melt could not be opened.
dumpfiles1345.melt could not be opened.
dumpfiles1346.melt could not be opened.
dumpfiles1347.melt could not be opened.
dumpfiles1348.melt could not be opened.
dumpfiles1349.melt could not be opened.
dumpfiles1350.melt could not be opened.
dumpfiles1351.melt could not be opened.
dumpfiles1352.melt could not be opened.
dumpfiles1353.melt could not be opened.
dumpfiles1354.melt could not be opened.
dumpfiles1355.melt could not be opened.
dumpfiles1356.melt could not be opened.
dumpfiles1357.melt could not be opened.
dumpfiles1358.melt could not be opened.
dumpfiles1359.melt could not be opened.
dumpfiles1360.melt could not be opened.
dumpfiles1361.melt could not be opened.
dumpfiles1362.melt could not be opened.
dumpfiles1363.melt could not be opened.
dumpfiles1364.melt could not be opened.
dumpfiles1365.melt could not be opened.
dumpfiles1366.melt could not be opened.
dumpfiles1367.melt could not be opened.
dumpfiles1368.melt could not be opened.
dumpfiles1369.melt could not be opened.
dumpfiles1370.melt could not be opened.
dumpfiles1371.melt could not be opened.
dumpfiles1372.melt could not be opened.
dumpfiles1373.melt could not be opened.
dumpfiles1374.melt could not be opened.
dumpfiles1375.melt could not be opened.
dumpfiles1376.melt could not be opened.
dumpfiles1377.melt could not be opened.
dumpfiles1378.melt could not be opened.
dumpfiles1379.melt could not be opened.
dumpfiles1380.melt could not be opened.
dumpfiles1381.melt could not be opened.
dumpfiles1382.melt could not be opened.
dumpfiles1383.melt could not be opened.
dumpfiles1384.melt could not be opened.
dumpfiles1385.melt could not be opened.
dumpfiles1386.melt could not be opened.
dumpfiles1387.melt could not be opened.
dumpfiles1388.melt could not be opened.
dumpfiles1389.melt could not be opened.
dumpfiles1390.melt could not be opened.
dumpfiles1391.melt could not be opened.
dumpfiles1392.melt could not be opened.
dumpfiles1393.melt could not be opened.
dumpfiles1394.melt could not be opened.
dumpfiles1395.melt could not be opened.
dumpfiles1396.melt could not be opened.
dumpfiles1397.melt could not be opened.
dumpfiles1398.melt could not be opened.
dumpfiles1399.melt could not be opened.
dumpfiles1400.melt could not be opened.
dumpfiles1401.melt could not be opened.
dumpfiles1402.melt could not be opened.
dumpfiles1403.melt could not be opened.
dumpfiles1404.melt could not be opened.
dumpfiles1405.melt could not be opened.
dumpfiles1406.melt could not be opened.
dumpfiles1407.melt could not be opened.
dumpfiles1408.melt could not be opened.
dumpfiles1409.melt could not be opened.
dumpfiles1410.melt could not be opened.
dumpfiles1411.melt could not be opened.
dumpfiles1412.melt could not be opened.
dumpfiles1413.melt could not be opened.
dumpfiles1414.melt could not be opened.
dumpfiles1415.melt could not be opened.
dumpfiles1416.melt could not be opened.
dumpfiles1417.melt could not be opened.
dumpfiles1418.melt could not be opened.
dumpfiles1419.melt could not be opened.
dumpfiles1420.melt could not be opened.
dumpfiles1421.melt could not be opened.
dumpfiles1422.melt could not be opened.
dumpfiles1423.melt could not be opened.
dumpfiles1424.melt could not be opened.
dumpfiles1425.melt could not be opened.
dumpfiles1426.melt could not be opened.
dumpfiles1427.melt could not be opened.
dumpfiles1428.melt could not be opened.
dumpfiles1429.melt could not be opened.
dumpfiles1430.melt could not be opened.
dumpfiles1431.melt could not be opened.
dumpfiles1432.melt could not be opened.
dumpfiles1433.melt could not be opened.
dumpfiles1434.melt could not be opened.
dumpfiles1435.melt could not be opened.
dumpfiles1436.melt could not be opened.
dumpfiles1437.melt could not be opened.
dumpfiles1438.melt could not be opened.
dumpfiles1439.melt could not be opened.
dumpfiles1440.melt could not be opened.
dumpfiles1441.melt could not be opened.
dumpfiles1442.melt could not be opened.
dumpfiles1443.melt could not be opened.
dumpfiles1444.melt could not be opened.
dumpfiles1445.melt could not be opened.
dumpfiles1446.melt could not be opened.
dumpfiles1447.melt could not be opened.
dumpfiles1448.melt could not be opened.
dumpfiles1449.melt could not be opened.
dumpfiles1450.melt could not be opened.
dumpfiles1451.melt could not be opened.
dumpfiles1452.melt could not be opened.
dumpfiles1453.melt could not be opened.
dumpfiles1454.melt could not be opened.
dumpfiles1455.melt could not be opened.
dumpfiles1456.melt could not be opened.
dumpfiles1457.melt could not be opened.
dumpfiles1458.melt could not be opened.
dumpfiles1459.melt could not be opened.
dumpfiles1460.melt could not be opened.
dumpfiles1461.melt could not be opened.
dumpfiles1462.melt could not be opened.
dumpfiles1463.melt could not be opened.
dumpfiles1464.melt could not be opened.
dumpfiles1465.melt could not be opened.
dumpfiles1466.melt could not be opened.
dumpfiles1467.melt could not be opened.
dumpfiles1468.melt could not be opened.
dumpfiles1469.melt could not be opened.
dumpfiles1470.melt could not be opened.
dumpfiles1471.melt could not be opened.
dumpfiles1472.melt could not be opened.
dumpfiles1473.melt could not be opened.
dumpfiles1474.melt could not be opened.
dumpfiles1475.melt could not be opened.
dumpfiles1476.melt could not be opened.
dumpfiles1477.melt could not be opened.
dumpfiles1478.melt could not be opened.
dumpfiles1479.melt could not be opened.
dumpfiles1480.melt could not be opened.
dumpfiles1481.melt could not be opened.
dumpfiles1482.melt could not be opened.
dumpfiles1483.melt could not be opened.
dumpfiles1484.melt could not be opened.
dumpfiles1485.melt could not be opened.
dumpfiles1486.melt could not be opened.
dumpfiles1487.melt could not be opened.
dumpfiles1488.melt could not be opened.
dumpfiles1489.melt could not be opened.
dumpfiles1490.melt could not be opened.
dumpfiles1491.melt could not be opened.
dumpfiles1492.melt could not be opened.
dumpfiles1493.melt could not be opened.
dumpfiles1494.melt could not be opened.
dumpfiles1495.melt could not be opened.
dumpfiles1496.melt could not be opened.
dumpfiles1497.melt could not be opened.
dumpfiles1498.melt could not be opened.
dumpfiles1499.melt could not be opened.
dumpfiles1500.melt could not be opened.
dumpfiles1501.melt could not be opened.
dumpfiles1502.melt could not be opened.
dumpfiles1503.melt could not be opened.
dumpfiles1504.melt could not be opened.
dumpfiles1505.melt could not be opened.
dumpfiles1506.melt could not be opened.
dumpfiles1507.melt could not be opened.
dumpfiles1508.melt could not be opened.
dumpfiles1509.melt could not be opened.
dumpfiles1510.melt could not be opened.
dumpfiles1511.melt could not be opened.
dumpfiles1512.melt could not be opened.
dumpfiles1513.melt could not be opened.
dumpfiles1514.melt could not be opened.
dumpfiles1515.melt could not be opened.
dumpfiles1516.melt could not be opened.
dumpfiles1517.melt could not be opened.
dumpfiles1518.melt could not be opened.
dumpfiles1519.melt could not be opened.
dumpfiles1520.melt could not be opened.
dumpfiles1521.melt could not be opened.
dumpfiles1522.melt could not be opened.
dumpfiles1523.melt could not be opened.
dumpfiles1524.melt could not be opened.
dumpfiles1525.melt could not be opened.
dumpfiles1526.melt could not be opened.
dumpfiles1527.melt could not be opened.
dumpfiles1528.melt could not be opened.
dumpfiles1529.melt could not be opened.
dumpfiles1530.melt could not be opened.
dumpfiles1531.melt could not be opened.
dumpfiles1532.melt could not be opened.
dumpfiles1533.melt could not be opened.
dumpfiles1534.melt could not be opened.
dumpfiles1535.melt could not be opened.
dumpfiles1536.melt could not be opened.
dumpfiles1537.melt could not be opened.
dumpfiles1538.melt could not be opened.
dumpfiles1539.melt could not be opened.
dumpfiles1540.melt could not be opened.
dumpfiles1541.melt could not be opened.
dumpfiles1542.melt could not be opened.
dumpfiles1543.melt could not be opened.
dumpfiles1544.melt could not be opened.
dumpfiles1545.melt could not be opened.
dumpfiles1546.melt could not be opened.
dumpfiles1547.melt could not be opened.
dumpfiles1548.melt could not be opened.
dumpfiles1549.melt could not be opened.
dumpfiles1550.melt could not be opened.
dumpfiles1551.melt could not be opened.
dumpfiles1552.melt could not be opened.
dumpfiles1553.melt could not be opened.
dumpfiles1554.melt could not be opened.
dumpfiles1555.melt could not be opened.
dumpfiles1556.melt could not be opened.
dumpfiles1557.melt could not be opened.
dumpfiles1558.melt could not be opened.
dumpfiles1559.melt could not be opened.
dumpfiles1560.melt could not be opened.
dumpfiles1561.melt could not be opened.
dumpfiles1562.melt could not be opened.
dumpfiles1563.melt could not be opened.
dumpfiles1564.melt could not be opened.
dumpfiles1565.melt could not be opened.
dumpfiles1566.melt could not be opened.
dumpfiles1567.melt could not be opened.
dumpfiles1568.melt could not be opened.
dumpfiles1569.melt could not be opened.
dumpfiles1570.melt could not be opened.
dumpfiles1571.melt could not be opened.
dumpfiles1572.melt could not be opened.
dumpfiles1573.melt could not be opened.
dumpfiles1574.melt could not be opened.
dumpfiles1575.melt could not be opened.
dumpfiles1576.melt could not be opened.
dumpfiles1577.melt could not be opened.
dumpfiles1578.melt could not be opened.
dumpfiles1579.melt could not be opened.
dumpfiles1580.melt could not be opened.
dumpfiles1581.melt could not be opened.
dumpfiles1582.melt could not be opened.
dumpfiles1583.melt could not be opened.
dumpfiles1584.melt could not be opened.
dumpfiles1585.melt could not be opened.
dumpfiles1586.melt could not be opened.
dumpfiles1587.melt could not be opened.
dumpfiles1588.melt could not be opened.
dumpfiles1589.melt could not be opened.
dumpfiles1590.melt could not be opened.
dumpfiles1591.melt could not be opened.
dumpfiles1592.melt could not be opened.
dumpfiles1593.melt could not be opened.
dumpfiles1594.melt could not be opened.
dumpfiles1595.melt could not be opened.
dumpfiles1596.melt could not be opened.
dumpfiles1597.melt could not be opened.
dumpfiles1598.melt could not be opened.
dumpfiles1599.melt could not be opened.
dumpfiles1600.melt could not be opened.
dumpfiles1601.melt could not be opened.
dumpfiles1602.melt could not be opened.
dumpfiles1603.melt could not be opened.
dumpfiles1604.melt could not be opened.
dumpfiles1605.melt could not be opened.
dumpfiles1606.melt could not be opened.
dumpfiles1607.melt could not be opened.
dumpfiles1608.melt could not be opened.
dumpfiles1609.melt could not be opened.
dumpfiles1610.melt could not be opened.
dumpfiles1611.melt could not be opened.
dumpfiles1612.melt could not be opened.
dumpfiles1613.melt could not be opened.
dumpfiles1614.melt could not be opened.
dumpfiles1615.melt could not be opened.
dumpfiles1616.melt could not be opened.
dumpfiles1617.melt could not be opened.
dumpfiles1618.melt could not be opened.
dumpfiles1619.melt could not be opened.
dumpfiles1620.melt could not be opened.
dumpfiles1621.melt could not be opened.
dumpfiles1622.melt could not be opened.
dumpfiles1623.melt could not be opened.
dumpfiles1624.melt could not be opened.
dumpfiles1625.melt could not be opened.
dumpfiles1626.melt could not be opened.
dumpfiles1627.melt could not be opened.
dumpfiles1628.melt could not be opened.
dumpfiles1629.melt could not be opened.
dumpfiles1630.melt could not be opened.
dumpfiles1631.melt could not be opened.
dumpfiles1632.melt could not be opened.
dumpfiles1633.melt could not be opened.
dumpfiles1634.melt could not be opened.
dumpfiles1635.melt could not be opened.
dumpfiles1636.melt could not be opened.
dumpfiles1637.melt could not be opened.
dumpfiles1638.melt could not be opened.
dumpfiles1639.melt could not be opened.
dumpfiles1640.melt could not be opened.
dumpfiles1641.melt could not be opened.
dumpfiles1642.melt could not be opened.
dumpfiles1643.melt could not be opened.
dumpfiles1644.melt could not be opened.
dumpfiles1645.melt could not be opened.
dumpfiles1646.melt could not be opened.
dumpfiles1647.melt could not be opened.
dumpfiles1648.melt could not be opened.
dumpfiles1649.melt could not be opened.
dumpfiles1650.melt could not be opened.
dumpfiles1651.melt could not be opened.
dumpfiles1652.melt could not be opened.
dumpfiles1653.melt could not be opened.
dumpfiles1654.melt could not be opened.
dumpfiles1655.melt could not be opened.
dumpfiles1656.melt could not be opened.
dumpfiles1657.melt could not be opened.
dumpfiles1658.melt could not be opened.
dumpfiles1659.melt could not be opened.
dumpfiles1660.melt could not be opened.
dumpfiles1661.melt could not be opened.
dumpfiles1662.melt could not be opened.
dumpfiles1663.melt could not be opened.
dumpfiles1664.melt could not be opened.
dumpfiles1665.melt could not be opened.
dumpfiles1666.melt could not be opened.
dumpfiles1667.melt could not be opened.
dumpfiles1668.melt could not be opened.
dumpfiles1669.melt could not be opened.
dumpfiles1670.melt could not be opened.
dumpfiles1671.melt could not be opened.
dumpfiles1672.melt could not be opened.
dumpfiles1673.melt could not be opened.
dumpfiles1674.melt could not be opened.
dumpfiles1675.melt could not be opened.
dumpfiles1676.melt could not be opened.
dumpfiles1677.melt could not be opened.
dumpfiles1678.melt could not be opened.
dumpfiles1679.melt could not be opened.
dumpfiles1680.melt could not be opened.
dumpfiles1681.melt could not be opened.
dumpfiles1682.melt could not be opened.
dumpfiles1683.melt could not be opened.
dumpfiles1684.melt could not be opened.
dumpfiles1685.melt could not be opened.
dumpfiles1686.melt could not be opened.
dumpfiles1687.melt could not be opened.
dumpfiles1688.melt could not be opened.
dumpfiles1689.melt could not be opened.
dumpfiles1690.melt could not be opened.
dumpfiles1691.melt could not be opened.
dumpfiles1692.melt could not be opened.
dumpfiles1693.melt could not be opened.
dumpfiles1694.melt could not be opened.
dumpfiles1695.melt could not be opened.
dumpfiles1696.melt could not be opened.
dumpfiles1697.melt could not be opened.
dumpfiles1698.melt could not be opened.
dumpfiles1699.melt could not be opened.
dumpfiles1700.melt could not be opened.
dumpfiles1701.melt could not be opened.
dumpfiles1702.melt could not be opened.
dumpfiles1703.melt could not be opened.
dumpfiles1704.melt could not be opened.
dumpfiles1705.melt could not be opened.
dumpfiles1706.melt could not be opened.
dumpfiles1707.melt could not be opened.
dumpfiles1708.melt could not be opened.
dumpfiles1709.melt could not be opened.
dumpfiles1710.melt could not be opened.
dumpfiles1711.melt could not be opened.
dumpfiles1712.melt could not be opened.
dumpfiles1713.melt could not be opened.
dumpfiles1714.melt could not be opened.
dumpfiles1715.melt could not be opened.
dumpfiles1716.melt could not be opened.
dumpfiles1717.melt could not be opened.
dumpfiles1718.melt could not be opened.
dumpfiles1719.melt could not be opened.
dumpfiles1720.melt could not be opened.
dumpfiles1721.melt could not be opened.
dumpfiles1722.melt could not be opened.
dumpfiles1723.melt could not be opened.
dumpfiles1724.melt could not be opened.
dumpfiles1725.melt could not be opened.
dumpfiles1726.melt could not be opened.
dumpfiles1727.melt could not be opened.
dumpfiles1728.melt could not be opened.
dumpfiles1729.melt could not be opened.
dumpfiles1730.melt could not be opened.
dumpfiles1731.melt could not be opened.
dumpfiles1732.melt could not be opened.
dumpfiles1733.melt could not be opened.
dumpfiles1734.melt could not be opened.
dumpfiles1735.melt could not be opened.
dumpfiles1736.melt could not be opened.
dumpfiles1737.melt could not be opened.
dumpfiles1738.melt could not be opened.
dumpfiles1739.melt could not be opened.
dumpfiles1740.melt could not be opened.
dumpfiles1741.melt could not be opened.
dumpfiles1742.melt could not be opened.
dumpfiles1743.melt could not be opened.
dumpfiles1744.melt could not be opened.
dumpfiles1745.melt could not be opened.
dumpfiles1746.melt could not be opened.
dumpfiles1747.melt could not be opened.
dumpfiles1748.melt could not be opened.
dumpfiles1749.melt could not be opened.
dumpfiles1750.melt could not be opened.
dumpfiles1751.melt could not be opened.
dumpfiles1752.melt could not be opened.
dumpfiles1753.melt could not be opened.
dumpfiles1754.melt could not be opened.
dumpfiles1755.melt could not be opened.
dumpfiles1756.melt could not be opened.
dumpfiles1757.melt could not be opened.
dumpfiles1758.melt could not be opened.
dumpfiles1759.melt could not be opened.
dumpfiles1760.melt could not be opened.
dumpfiles1761.melt could not be opened.
dumpfiles1762.melt could not be opened.
dumpfiles1763.melt could not be opened.
dumpfiles1764.melt could not be opened.
dumpfiles1765.melt could not be opened.
dumpfiles1766.melt could not be opened.
dumpfiles1767.melt could not be opened.
dumpfiles1768.melt could not be opened.
dumpfiles1769.melt could not be opened.
dumpfiles1770.melt could not be opened.
dumpfiles1771.melt could not be opened.
dumpfiles1772.melt could not be opened.
dumpfiles1773.melt could not be opened.
dumpfiles1774.melt could not be opened.
dumpfiles1775.melt could not be opened.
dumpfiles1776.melt could not be opened.
dumpfiles1777.melt could not be opened.
dumpfiles1778.melt could not be opened.
dumpfiles1779.melt could not be opened.
dumpfiles1780.melt could not be opened.
dumpfiles1781.melt could not be opened.
dumpfiles1782.melt could not be opened.
dumpfiles1783.melt could not be opened.
dumpfiles1784.melt could not be opened.
dumpfiles1785.melt could not be opened.
dumpfiles1786.melt could not be opened.
dumpfiles1787.melt could not be opened.
dumpfiles1788.melt could not be opened.
dumpfiles1789.melt could not be opened.
dumpfiles1790.melt could not be opened.
dumpfiles1791.melt could not be opened.
dumpfiles1792.melt could not be opened.
dumpfiles1793.melt could not be opened.
dumpfiles1794.melt could not be opened.
dumpfiles1795.melt could not be opened.
dumpfiles1796.melt could not be opened.
dumpfiles1797.melt could not be opened.
dumpfiles1798.melt could not be opened.
dumpfiles1799.melt could not be opened.
dumpfiles1800.melt could not be opened.
dumpfiles1801.melt could not be opened.
dumpfiles1802.melt could not be opened.
dumpfiles1803.melt could not be opened.
dumpfiles1804.melt could not be opened.
dumpfiles1805.melt could not be opened.
dumpfiles1806.melt could not be opened.
dumpfiles1807.melt could not be opened.
dumpfiles1808.melt could not be opened.
dumpfiles1809.melt could not be opened.
dumpfiles1810.melt could not be opened.
dumpfiles1811.melt could not be opened.
dumpfiles1812.melt could not be opened.
dumpfiles1813.melt could not be opened.
dumpfiles1814.melt could not be opened.
dumpfiles1815.melt could not be opened.
dumpfiles1816.melt could not be opened.
dumpfiles1817.melt could not be opened.
dumpfiles1818.melt could not be opened.
dumpfiles1819.melt could not be opened.
dumpfiles1820.melt could not be opened.
dumpfiles1821.melt could not be opened.
dumpfiles1822.melt could not be opened.
dumpfiles1823.melt could not be opened.
dumpfiles1824.melt could not be opened.
dumpfiles1825.melt could not be opened.
dumpfiles1826.melt could not be opened.
dumpfiles1827.melt could not be opened.
dumpfiles1828.melt could not be opened.
dumpfiles1829.melt could not be opened.
dumpfiles1830.melt could not be opened.
dumpfiles1831.melt could not be opened.
dumpfiles1832.melt could not be opened.
dumpfiles1833.melt could not be opened.
dumpfiles1834.melt could not be opened.
dumpfiles1835.melt could not be opened.
dumpfiles1836.melt could not be opened.
dumpfiles1837.melt could not be opened.
dumpfiles1838.melt could not be opened.
dumpfiles1839.melt could not be opened.
dumpfiles1840.melt could not be opened.
dumpfiles1841.melt could not be opened.
dumpfiles1842.melt could not be opened.
dumpfiles1843.melt could not be opened.
dumpfiles1844.melt could not be opened.
dumpfiles1845.melt could not be opened.
dumpfiles1846.melt could not be opened.
dumpfiles1847.melt could not be opened.
dumpfiles1848.melt could not be opened.
dumpfiles1849.melt could not be opened.
dumpfiles1850.melt could not be opened.
dumpfiles1851.melt could not be opened.
dumpfiles1852.melt could not be opened.
dumpfiles1853.melt could not be opened.
dumpfiles1854.melt could not be opened.
dumpfiles1855.melt could not be opened.
dumpfiles1856.melt could not be opened.
dumpfiles1857.melt could not be opened.
dumpfiles1858.melt could not be opened.
dumpfiles1859.melt could not be opened.
dumpfiles1860.melt could not be opened.
dumpfiles1861.melt could not be opened.
dumpfiles1862.melt could not be opened.
dumpfiles1863.melt could not be opened.
dumpfiles1864.melt could not be opened.
dumpfiles1865.melt could not be opened.
dumpfiles1866.melt could not be opened.
dumpfiles1867.melt could not be opened.
dumpfiles1868.melt could not be opened.
dumpfiles1869.melt could not be opened.
dumpfiles1870.melt could not be opened.
dumpfiles1871.melt could not be opened.
dumpfiles1872.melt could not be opened.
dumpfiles1873.melt could not be opened.
dumpfiles1874.melt could not be opened.
dumpfiles1875.melt could not be opened.
dumpfiles1876.melt could not be opened.
dumpfiles1877.melt could not be opened.
dumpfiles1878.melt could not be opened.
dumpfiles1879.melt could not be opened.
dumpfiles1880.melt could not be opened.
dumpfiles1881.melt could not be opened.
dumpfiles1882.melt could not be opened.
dumpfiles1883.melt could not be opened.
dumpfiles1884.melt could not be opened.
dumpfiles1885.melt could not be opened.
dumpfiles1886.melt could not be opened.
dumpfiles1887.melt could not be opened.
dumpfiles1888.melt could not be opened.
dumpfiles1889.melt could not be opened.
dumpfiles1890.melt could not be opened.
dumpfiles1891.melt could not be opened.
dumpfiles1892.melt could not be opened.
dumpfiles1893.melt could not be opened.
dumpfiles1894.melt could not be opened.
dumpfiles1895.melt could not be opened.
dumpfiles1896.melt could not be opened.
dumpfiles1897.melt could not be opened.
dumpfiles1898.melt could not be opened.
dumpfiles1899.melt could not be opened.
dumpfiles1900.melt could not be opened.
dumpfiles1901.melt could not be opened.
dumpfiles1902.melt could not be opened.
dumpfiles1903.melt could not be opened.
dumpfiles1904.melt could not be opened.
dumpfiles1905.melt could not be opened.
dumpfiles1906.melt could not be opened.
dumpfiles1907.melt could not be opened.
dumpfiles1908.melt could not be opened.
dumpfiles1909.melt could not be opened.
dumpfiles1910.melt could not be opened.
dumpfiles1911.melt could not be opened.
dumpfiles1912.melt could not be opened.
dumpfiles1913.melt could not be opened.
dumpfiles1914.melt could not be opened.
dumpfiles1915.melt could not be opened.
dumpfiles1916.melt could not be opened.
dumpfiles1917.melt could not be opened.
dumpfiles1918.melt could not be opened.
dumpfiles1919.melt could not be opened.
dumpfiles1920.melt could not be opened.
dumpfiles1921.melt could not be opened.
dumpfiles1922.melt could not be opened.
dumpfiles1923.melt could not be opened.
dumpfiles1924.melt could not be opened.
dumpfiles1925.melt could not be opened.
dumpfiles1926.melt could not be opened.
dumpfiles1927.melt could not be opened.
dumpfiles1928.melt could not be opened.
dumpfiles1929.melt could not be opened.
dumpfiles1930.melt could not be opened.
dumpfiles1931.melt could not be opened.
dumpfiles1932.melt could not be opened.
dumpfiles1933.melt could not be opened.
dumpfiles1934.melt could not be opened.
dumpfiles1935.melt could not be opened.
dumpfiles1936.melt could not be opened.
dumpfiles1937.melt could not be opened.
dumpfiles1938.melt could not be opened.
dumpfiles1939.melt could not be opened.
dumpfiles1940.melt could not be opened.
dumpfiles1941.melt could not be opened.
dumpfiles1942.melt could not be opened.
dumpfiles1943.melt could not be opened.
dumpfiles1944.melt could not be opened.
dumpfiles1945.melt could not be opened.
dumpfiles1946.melt could not be opened.
dumpfiles1947.melt could not be opened.
dumpfiles1948.melt could not be opened.
dumpfiles1949.melt could not be opened.
dumpfiles1950.melt could not be opened.
dumpfiles1951.melt could not be opened.
dumpfiles1952.melt could not be opened.
dumpfiles1953.melt could not be opened.
dumpfiles1954.melt could not be opened.
dumpfiles1955.melt could not be opened.
dumpfiles1956.melt could not be opened.
dumpfiles1957.melt could not be opened.
dumpfiles1958.melt could not be opened.
dumpfiles1959.melt could not be opened.
dumpfiles1960.melt could not be opened.
dumpfiles1961.melt could not be opened.
dumpfiles1962.melt could not be opened.
dumpfiles1963.melt could not be opened.
dumpfiles1964.melt could not be opened.
dumpfiles1965.melt could not be opened.
dumpfiles1966.melt could not be opened.
dumpfiles1967.melt could not be opened.
dumpfiles1968.melt could not be opened.
dumpfiles1969.melt could not be opened.
dumpfiles1970.melt could not be opened.
dumpfiles1971.melt could not be opened.
dumpfiles1972.melt could not be opened.
dumpfiles1973.melt could not be opened.
dumpfiles1974.melt could not be opened.
dumpfiles1975.melt could not be opened.
dumpfiles1976.melt could not be opened.
dumpfiles1977.melt could not be opened.
dumpfiles1978.melt could not be opened.
dumpfiles1979.melt could not be opened.
dumpfiles1980.melt could not be opened.
dumpfiles1981.melt could not be opened.
dumpfiles1982.melt could not be opened.
dumpfiles1983.melt could not be opened.
dumpfiles1984.melt could not be opened.
dumpfiles1985.melt could not be opened.
dumpfiles1986.melt could not be opened.
dumpfiles1987.melt could not be opened.
dumpfiles1988.melt could not be opened.
dumpfiles1989.melt could not be opened.
dumpfiles1990.melt could not be opened.
dumpfiles1991.melt could not be opened.
dumpfiles1992.melt could not be opened.
dumpfiles1993.melt could not be opened.
dumpfiles1994.melt could not be opened.
dumpfiles1995.melt could not be opened.
dumpfiles1996.melt could not be opened.
dumpfiles1997.melt could not be opened.
dumpfiles1998.melt could not be opened.
dumpfiles1999.melt could not be opened.
dumpfiles2000.melt could not be opened.
Warning:  only 21 datasets were imported out of the total 2001 requested

RDF (self) calculation ends, beginning normalization & output.
RDF (self) file output complete.

RDF (self) calculation ends, beginning normalization & output.
RDF (self) file output complete.

RDF (cross) calculation ends, beginning normalization & output.
RDF (cross) file output complete.

All RDFs complete.
