0.0025	0
0.0075	0
0.0125	0
0.0175	0
0.0225	0
0.0275	0
0.0325	0
0.0375	0
0.0425	0
0.0475	0
0.0525	0
0.0575	0
0.0625	0
0.0675	0
0.0725	0
0.0775	0
0.0825	0
0.0875	0
0.0925	0
0.0975	0
0.1025	0
0.1075	0
0.1125	0
0.1175	0
0.1225	0
0.1275	0
0.1325	0
0.1375	0
0.1425	0
0.1475	0
0.1525	0
0.1575	0
0.1625	0
0.1675	0
0.1725	0
0.1775	0
0.1825	0
0.1875	0
0.1925	0
0.1975	0
0.2025	0
0.2075	0
0.2125	0
0.2175	0
0.2225	0
0.2275	0
0.2325	0
0.2375	0
0.2425	0
0.2475	0
0.2525	0
0.2575	0
0.2625	0
0.2675	0
0.2725	0
0.2775	0
0.2825	0
0.2875	0
0.2925	0
0.2975	0
0.3025	0
0.3075	0
0.3125	0
0.3175	0
0.3225	0
0.3275	0
0.3325	0
0.3375	0
0.3425	0
0.3475	0
0.3525	0
0.3575	0
0.3625	0
0.3675	0
0.3725	0
0.3775	0
0.3825	0
0.3875	0
0.3925	0
0.3975	0
0.4025	0
0.4075	0
0.4125	0
0.4175	0
0.4225	0
0.4275	0
0.4325	0
0.4375	0
0.4425	0
0.4475	0
0.4525	0
0.4575	0
0.4625	0
0.4675	0
0.4725	0
0.4775	0
0.4825	0
0.4875	0
0.4925	0
0.4975	0
0.5025	0
0.5075	0
0.5125	0
0.5175	0
0.5225	0
0.5275	0
0.5325	0
0.5375	0
0.5425	0
0.5475	0
0.5525	0
0.5575	0
0.5625	0
0.5675	0
0.5725	0
0.5775	0
0.5825	0
0.5875	0
0.5925	0
0.5975	0
0.6025	0
0.6075	0
0.6125	0
0.6175	0
0.6225	0
0.6275	0
0.6325	0
0.6375	0
0.6425	0
0.6475	0
0.6525	0
0.6575	0
0.6625	0
0.6675	0
0.6725	0
0.6775	0
0.6825	0
0.6875	0
0.6925	0
0.6975	0
0.7025	0
0.7075	0
0.7125	0
0.7175	0
0.7225	0
0.7275	0
0.7325	0
0.7375	0
0.7425	0
0.7475	0
0.7525	0
0.7575	0
0.7625	0
0.7675	0
0.7725	0
0.7775	0
0.7825	0
0.7875	0
0.7925	0
0.7975	0
0.8025	0
0.8075	0
0.8125	0
0.8175	0
0.8225	0
0.8275	0
0.8325	0
0.8375	0
0.8425	0
0.8475	0
0.8525	0
0.8575	0
0.8625	0
0.8675	0
0.8725	0
0.8775	0
0.8825	0
0.8875	0
0.8925	0
0.8975	0
0.9025	0
0.9075	0
0.9125	0
0.9175	0
0.9225	0
0.9275	0
0.9325	0
0.9375	0
0.9425	0
0.9475	0
0.9525	0
0.9575	0
0.9625	0
0.9675	0
0.9725	0
0.9775	0
0.9825	0
0.9875	0
0.9925	0
0.9975	0
1.0025	0.00119887
1.0075	0.0017805
1.0125	0.0176296
1.0175	0.0296765
1.0225	0.0489784
1.0275	0.0701865
1.0325	0.0842012
1.0375	0.108577
1.0425	0.0958972
1.0475	0.117495
1.0525	0.149555
1.0575	0.141141
1.0625	0.144618
1.0675	0.157541
1.0725	0.147695
1.0775	0.167083
1.0825	0.162459
1.0875	0.175231
1.0925	0.192307
1.0975	0.193559
1.1025	0.203703
1.1075	0.196465
1.1125	0.194216
1.1175	0.175115
1.1225	0.175471
1.1275	0.1924
1.1325	0.168158
1.1375	0.174599
1.1425	0.175843
1.1475	0.161961
1.1525	0.166001
1.1575	0.174013
1.1625	0.164495
1.1675	0.165741
1.1725	0.178353
1.1775	0.168152
1.1825	0.178365
1.1875	0.173449
1.1925	0.167761
1.1975	0.165943
1.2025	0.180814
1.2075	0.166511
1.2125	0.161862
1.2175	0.171103
1.2225	0.182605
1.2275	0.177522
1.2325	0.187189
1.2375	0.180172
1.2425	0.185749
1.2475	0.177295
1.2525	0.175882
1.2575	0.186297
1.2625	0.188982
1.2675	0.177744
1.2725	0.193836
1.2775	0.185308
1.2825	0.184598
1.2875	0.182441
1.2925	0.199784
1.2975	0.185723
1.3025	0.178618
1.3075	0.177607
1.3125	0.190245
1.3175	0.206504
1.3225	0.192201
1.3275	0.194174
1.3325	0.190684
1.3375	0.204415
1.3425	0.196879
1.3475	0.197411
1.3525	0.202541
1.3575	0.200398
1.3625	0.203149
1.3675	0.199089
1.3725	0.206915
1.3775	0.200971
1.3825	0.201096
1.3875	0.202778
1.3925	0.204121
1.3975	0.206673
1.4025	0.206733
1.4075	0.20253
1.4125	0.222537
1.4175	0.208977
1.4225	0.189648
1.4275	0.211972
1.4325	0.209027
1.4375	0.219529
1.4425	0.213956
1.4475	0.225419
1.4525	0.200741
1.4575	0.21468
1.4625	0.216594
1.4675	0.201414
1.4725	0.215052
1.4775	0.21829
1.4825	0.227784
1.4875	0.227345
1.4925	0.207704
1.4975	0.22808
1.5025	0.224429
1.5075	0.224534
1.5125	0.228582
1.5175	0.221322
1.5225	0.229227
1.5275	0.231086
1.5325	0.239584
1.5375	0.231403
1.5425	0.236741
1.5475	0.233956
1.5525	0.229952
1.5575	0.229471
1.5625	0.243304
1.5675	0.22312
1.5725	0.235834
1.5775	0.251772
1.5825	0.236471
1.5875	0.233789
1.5925	0.239212
1.5975	0.234648
1.6025	0.236705
1.6075	0.237333
1.6125	0.241888
1.6175	0.248223
1.6225	0.24578
1.6275	0.245865
1.6325	0.247526
1.6375	0.242871
1.6425	0.262162
1.6475	0.243261
1.6525	0.264293
1.6575	0.248009
1.6625	0.26897
1.6675	0.25566
1.6725	0.258441
1.6775	0.26932
1.6825	0.268998
1.6875	0.271426
1.6925	0.258889
1.6975	0.262802
1.7025	0.255441
1.7075	0.267998
1.7125	0.268695
1.7175	0.272034
1.7225	0.263554
1.7275	0.264049
1.7325	0.271358
1.7375	0.274588
1.7425	0.276983
1.7475	0.277767
1.7525	0.270692
1.7575	0.281051
1.7625	0.280041
1.7675	0.280001
1.7725	0.286478
1.7775	0.289063
1.7825	0.282893
1.7875	0.281124
1.7925	0.293058
1.7975	0.291803
1.8025	0.2811
1.8075	0.290611
1.8125	0.299279
1.8175	0.308942
1.8225	0.302896
1.8275	0.308276
1.8325	0.31144
1.8375	0.291013
1.8425	0.290855
1.8475	0.306227
1.8525	0.300012
1.8575	0.318304
1.8625	0.311908
1.8675	0.305921
1.8725	0.301025
1.8775	0.32506
1.8825	0.320275
1.8875	0.322808
1.8925	0.333552
1.8975	0.320419
1.9025	0.326726
1.9075	0.334122
1.9125	0.325459
1.9175	0.335725
1.9225	0.322408
1.9275	0.326413
1.9325	0.334889
1.9375	0.337175
1.9425	0.340391
1.9475	0.343728
1.9525	0.339125
1.9575	0.351545
1.9625	0.333175
1.9675	0.347981
1.9725	0.354735
1.9775	0.346935
1.9825	0.350092
1.9875	0.371209
1.9925	0.356602
1.9975	0.368408
2.0025	0.360261
2.0075	0.369381
2.0125	0.374092
2.0175	0.364692
2.0225	0.364658
2.0275	0.373853
2.0325	0.366183
2.0375	0.381222
2.0425	0.382101
2.0475	0.377507
2.0525	0.385108
2.0575	0.3895
2.0625	0.384074
2.0675	0.39307
2.0725	0.381638
2.0775	0.389714
2.0825	0.397569
2.0875	0.394561
2.0925	0.403959
2.0975	0.389712
2.1025	0.402034
2.1075	0.405418
2.1125	0.399722
2.1175	0.398374
2.1225	0.393958
2.1275	0.415135
2.1325	0.40193
2.1375	0.405062
2.1425	0.406848
2.1475	0.399208
2.1525	0.402427
2.1575	0.410788
2.1625	0.41121
2.1675	0.412008
2.1725	0.416112
2.1775	0.416872
2.1825	0.420529
2.1875	0.417224
2.1925	0.413568
2.1975	0.406075
2.2025	0.408828
2.2075	0.412047
2.2125	0.415109
2.2175	0.396088
2.2225	0.427847
2.2275	0.420465
2.2325	0.431759
2.2375	0.420084
2.2425	0.433787
2.2475	0.42196
2.2525	0.426382
2.2575	0.422131
2.2625	0.438038
2.2675	0.422048
2.2725	0.442824
2.2775	0.434842
2.2825	0.434789
2.2875	0.42771
2.2925	0.440519
2.2975	0.434152
2.3025	0.438519
2.3075	0.425419
2.3125	0.428989
2.3175	0.438581
2.3225	0.432227
2.3275	0.431262
2.3325	0.444364
2.3375	0.443237
2.3425	0.437723
2.3475	0.444716
2.3525	0.452516
2.3575	0.464364
2.3625	0.458731
2.3675	0.442285
2.3725	0.440209
2.3775	0.464471
2.3825	0.453715
2.3875	0.45467
2.3925	0.449825
2.3975	0.451304
2.4025	0.44828
2.4075	0.454215
2.4125	0.448608
2.4175	0.445723
2.4225	0.461542
2.4275	0.45034
2.4325	0.456839
2.4375	0.448173
2.4425	0.453207
2.4475	0.464733
2.4525	0.466546
2.4575	0.46036
2.4625	0.469818
2.4675	0.455152
2.4725	0.462379
2.4775	0.455803
2.4825	0.474791
2.4875	0.468113
2.4925	0.476128
2.4975	0.45906
2.5025	0.475313
2.5075	0.477731
2.5125	0.477835
2.5175	0.488676
2.5225	0.478315
2.5275	0.47963
2.5325	0.482905
2.5375	0.493541
2.5425	0.486103
2.5475	0.490138
2.5525	0.483226
2.5575	0.481891
2.5625	0.495426
2.5675	0.485456
2.5725	0.498318
2.5775	0.481787
2.5825	0.493202
2.5875	0.491298
2.5925	0.4929
2.5975	0.500023
2.6025	0.49499
2.6075	0.499296
2.6125	0.494474
2.6175	0.495752
2.6225	0.508667
2.6275	0.511358
2.6325	0.497421
2.6375	0.509912
2.6425	0.50091
2.6475	0.505122
2.6525	0.518632
2.6575	0.513782
2.6625	0.506245
2.6675	0.510784
2.6725	0.514694
2.6775	0.505127
2.6825	0.526101
2.6875	0.508798
2.6925	0.525691
2.6975	0.511739
2.7025	0.534511
2.7075	0.530566
2.7125	0.540812
2.7175	0.530258
2.7225	0.534083
2.7275	0.523137
2.7325	0.525098
2.7375	0.529773
2.7425	0.544824
2.7475	0.541885
2.7525	0.545484
2.7575	0.543349
2.7625	0.538621
2.7675	0.552959
2.7725	0.547988
2.7775	0.539067
2.7825	0.539621
2.7875	0.552263
2.7925	0.545188
2.7975	0.55602
2.8025	0.555725
2.8075	0.565823
2.8125	0.558558
2.8175	0.566747
2.8225	0.553851
2.8275	0.560937
2.8325	0.566692
2.8375	0.567016
2.8425	0.571436
2.8475	0.570099
2.8525	0.588167
2.8575	0.574601
2.8625	0.572448
2.8675	0.560416
2.8725	0.566498
2.8775	0.575372
2.8825	0.580918
2.8875	0.578258
2.8925	0.588933
2.8975	0.575852
2.9025	0.583595
2.9075	0.59007
2.9125	0.574339
2.9175	0.593251
2.9225	0.600252
2.9275	0.585409
2.9325	0.587478
2.9375	0.594765
2.9425	0.579526
2.9475	0.592262
2.9525	0.589083
2.9575	0.599215
2.9625	0.587584
2.9675	0.59792
2.9725	0.594614
2.9775	0.605598
2.9825	0.593749
2.9875	0.595138
2.9925	0.600753
2.9975	0.595599
3.0025	0.602371
3.0075	0.606031
3.0125	0.609598
3.0175	0.608307
3.0225	0.599042
3.0275	0.606398
3.0325	0.612917
3.0375	0.620172
3.0425	0.603167
3.0475	0.607936
3.0525	0.601226
3.0575	0.610474
3.0625	0.620815
3.0675	0.616872
3.0725	0.618568
3.0775	0.617068
3.0825	0.629651
3.0875	0.617185
3.0925	0.615632
3.0975	0.62859
3.1025	0.626941
3.1075	0.629417
3.1125	0.622297
3.1175	0.632328
3.1225	0.621593
3.1275	0.617759
3.1325	0.630155
3.1375	0.622946
3.1425	0.637498
3.1475	0.627447
3.1525	0.636854
3.1575	0.635745
3.1625	0.646085
3.1675	0.63546
3.1725	0.633279
3.1775	0.641372
3.1825	0.644771
3.1875	0.64269
3.1925	0.639555
3.1975	0.630781
3.2025	0.637858
3.2075	0.63148
3.2125	0.647787
3.2175	0.636406
3.2225	0.641626
3.2275	0.643746
3.2325	0.640026
3.2375	0.647132
3.2425	0.646857
3.2475	0.649722
3.2525	0.65456
3.2575	0.654482
3.2625	0.664194
3.2675	0.661203
3.2725	0.66121
3.2775	0.658689
3.2825	0.657578
3.2875	0.661265
3.2925	0.663204
3.2975	0.658757
3.3025	0.655383
3.3075	0.664086
3.3125	0.653628
3.3175	0.650181
3.3225	0.668636
3.3275	0.669185
3.3325	0.664846
3.3375	0.67324
3.3425	0.650413
3.3475	0.666267
3.3525	0.672535
3.3575	0.663907
3.3625	0.675361
3.3675	0.675217
3.3725	0.660027
3.3775	0.67904
3.3825	0.662291
3.3875	0.671205
3.3925	0.672107
3.3975	0.67681
3.4025	0.681795
3.4075	0.683636
3.4125	0.675115
3.4175	0.686449
3.4225	0.683982
3.4275	0.67727
3.4325	0.681946
3.4375	0.682564
3.4425	0.681396
3.4475	0.692245
3.4525	0.695346
3.4575	0.690463
3.4625	0.691737
3.4675	0.698111
3.4725	0.690207
3.4775	0.694251
3.4825	0.688385
3.4875	0.696962
3.4925	0.699265
3.4975	0.708348
3.5025	0.699992
3.5075	0.702209
3.5125	0.687174
3.5175	0.700413
3.5225	0.699106
3.5275	0.702451
3.5325	0.703988
3.5375	0.709847
3.5425	0.698723
3.5475	0.706473
3.5525	0.710262
3.5575	0.707029
3.5625	0.716153
3.5675	0.717082
3.5725	0.72447
3.5775	0.702676
3.5825	0.714751
3.5875	0.709203
3.5925	0.717032
3.5975	0.713318
3.6025	0.724012
3.6075	0.72321
3.6125	0.724672
3.6175	0.725893
3.6225	0.725956
3.6275	0.723727
3.6325	0.72023
3.6375	0.733868
3.6425	0.714328
3.6475	0.725593
3.6525	0.724195
3.6575	0.72055
3.6625	0.73345
3.6675	0.728182
3.6725	0.733883
3.6775	0.741466
3.6825	0.7367
3.6875	0.741437
3.6925	0.742833
3.6975	0.728796
3.7025	0.743089
3.7075	0.729077
3.7125	0.742413
3.7175	0.728298
3.7225	0.74182
3.7275	0.736753
3.7325	0.751559
3.7375	0.746358
3.7425	0.744021
3.7475	0.753018
3.7525	0.753965
3.7575	0.761347
3.7625	0.744515
3.7675	0.747379
3.7725	0.755178
3.7775	0.754066
3.7825	0.742053
3.7875	0.756473
3.7925	0.743506
3.7975	0.765194
3.8025	0.759392
3.8075	0.750168
3.8125	0.759102
3.8175	0.755544
3.8225	0.763134
3.8275	0.761183
3.8325	0.75887
3.8375	0.769248
3.8425	0.760637
3.8475	0.766516
3.8525	0.761402
3.8575	0.768336
3.8625	0.765985
3.8675	0.767832
3.8725	0.762757
3.8775	0.777059
3.8825	0.775579
3.8875	0.77785
3.8925	0.788338
3.8975	0.767836
3.9025	0.777104
3.9075	0.773617
3.9125	0.775144
3.9175	0.766807
3.9225	0.777148
3.9275	0.772593
3.9325	0.771447
3.9375	0.778504
3.9425	0.780639
3.9475	0.779514
3.9525	0.78406
3.9575	0.776156
3.9625	0.77416
3.9675	0.786792
3.9725	0.777445
3.9775	0.785201
3.9825	0.788473
3.9875	0.774334
3.9925	0.784528
3.9975	0.781398
4.0025	0.781139
4.0075	0.779379
4.0125	0.791432
4.0175	0.794092
4.0225	0.78605
4.0275	0.786216
4.0325	0.793641
4.0375	0.789533
4.0425	0.795839
4.0475	0.788799
4.0525	0.787624
4.0575	0.799004
4.0625	0.79306
4.0675	0.793478
4.0725	0.79302
4.0775	0.791692
4.0825	0.796586
4.0875	0.795287
4.0925	0.803561
4.0975	0.798658
4.1025	0.807308
4.1075	0.805058
4.1125	0.802425
4.1175	0.790101
4.1225	0.805272
4.1275	0.808202
4.1325	0.806142
4.1375	0.800781
4.1425	0.806362
4.1475	0.803858
4.1525	0.804264
4.1575	0.805503
4.1625	0.806976
4.1675	0.81295
4.1725	0.806296
4.1775	0.80347
4.1825	0.801102
4.1875	0.81149
4.1925	0.811132
4.1975	0.815937
4.2025	0.810312
4.2075	0.811552
4.2125	0.818352
4.2175	0.814516
4.2225	0.81198
4.2275	0.809589
4.2325	0.817833
4.2375	0.824996
4.2425	0.811003
4.2475	0.809529
4.2525	0.822984
4.2575	0.815967
4.2625	0.819193
4.2675	0.823626
4.2725	0.814604
4.2775	0.820241
4.2825	0.82782
4.2875	0.824547
4.2925	0.824262
4.2975	0.812135
4.3025	0.82242
4.3075	0.830025
4.3125	0.826287
4.3175	0.818396
4.3225	0.825822
4.3275	0.822499
4.3325	0.832894
4.3375	0.834465
4.3425	0.82951
4.3475	0.839014
4.3525	0.826179
4.3575	0.836214
4.3625	0.834014
4.3675	0.833021
4.3725	0.834362
4.3775	0.837488
4.3825	0.840157
4.3875	0.841749
4.3925	0.840052
4.3975	0.832566
4.4025	0.841679
4.4075	0.836701
4.4125	0.837033
4.4175	0.847828
4.4225	0.837749
4.4275	0.834813
4.4325	0.835415
4.4375	0.840753
4.4425	0.843044
4.4475	0.843251
4.4525	0.842634
4.4575	0.846991
4.4625	0.841192
4.4675	0.843415
4.4725	0.851649
4.4775	0.848817
4.4825	0.850222
4.4875	0.84429
4.4925	0.846441
4.4975	0.845752
4.5025	0.841022
4.5075	0.850365
4.5125	0.852624
4.5175	0.855431
4.5225	0.85678
4.5275	0.861619
4.5325	0.85186
4.5375	0.853056
4.5425	0.853807
4.5475	0.84858
4.5525	0.851165
4.5575	0.859276
4.5625	0.858898
4.5675	0.853871
4.5725	0.8599
4.5775	0.85417
4.5825	0.851532
4.5875	0.855889
4.5925	0.858511
4.5975	0.87252
4.6025	0.864909
4.6075	0.855853
4.6125	0.860426
4.6175	0.869725
4.6225	0.855326
4.6275	0.860371
4.6325	0.860536
4.6375	0.866329
4.6425	0.872039
4.6475	0.862744
4.6525	0.865093
4.6575	0.86282
4.6625	0.867733
4.6675	0.871018
4.6725	0.8691
4.6775	0.868537
4.6825	0.870997
4.6875	0.868591
4.6925	0.875961
4.6975	0.868692
4.7025	0.872076
4.7075	0.870279
4.7125	0.862655
4.7175	0.880616
4.7225	0.869676
4.7275	0.87773
4.7325	0.869905
4.7375	0.874619
4.7425	0.869267
4.7475	0.875963
4.7525	0.873161
4.7575	0.882718
4.7625	0.875208
4.7675	0.868258
4.7725	0.877152
4.7775	0.882549
4.7825	0.881784
4.7875	0.878498
4.7925	0.875695
4.7975	0.868296
4.8025	0.882004
4.8075	0.88799
4.8125	0.886328
4.8175	0.890174
4.8225	0.882682
4.8275	0.887239
4.8325	0.886617
4.8375	0.885763
4.8425	0.884834
4.8475	0.882779
4.8525	0.887971
4.8575	0.881574
4.8625	0.881571
4.8675	0.88154
4.8725	0.883209
4.8775	0.890692
4.8825	0.882273
4.8875	0.887732
4.8925	0.87565
4.8975	0.882905
4.9025	0.882233
4.9075	0.887115
4.9125	0.886808
4.9175	0.887596
4.9225	0.883979
4.9275	0.887223
4.9325	0.886985
4.9375	0.891961
4.9425	0.886655
4.9475	0.893133
4.9525	0.893983
4.9575	0.892573
4.9625	0.894225
4.9675	0.895135
4.9725	0.903837
4.9775	0.892661
4.9825	0.896573
4.9875	0.898288
4.9925	0.892888
4.9975	0.900413
5.0025	0.896376
5.0075	0.899536
5.0125	0.898317
5.0175	0.896743
5.0225	0.891281
5.0275	0.903381
5.0325	0.8925
5.0375	0.899275
5.0425	0.902184
5.0475	0.901225
5.0525	0.904634
5.0575	0.894132
5.0625	0.907152
5.0675	0.89924
5.0725	0.907278
5.0775	0.899417
5.0825	0.900097
5.0875	0.899934
5.0925	0.911154
5.0975	0.903965
5.1025	0.899788
5.1075	0.904909
5.1125	0.909616
5.1175	0.900042
5.1225	0.903245
5.1275	0.902125
5.1325	0.905537
5.1375	0.905259
5.1425	0.908101
5.1475	0.908657
5.1525	0.90703
5.1575	0.906337
5.1625	0.908742
5.1675	0.900464
5.1725	0.90638
5.1775	0.910136
5.1825	0.91022
5.1875	0.908779
5.1925	0.90131
5.1975	0.912913
5.2025	0.907308
5.2075	0.912098
5.2125	0.908553
5.2175	0.916638
5.2225	0.915701
5.2275	0.912099
5.2325	0.906484
5.2375	0.915076
5.2425	0.905681
5.2475	0.915989
5.2525	0.909464
5.2575	0.917433
5.2625	0.917257
5.2675	0.917883
5.2725	0.918982
5.2775	0.917306
5.2825	0.906028
5.2875	0.918494
5.2925	0.920007
5.2975	0.913892
5.3025	0.923118
5.3075	0.921166
5.3125	0.913264
5.3175	0.919047
5.3225	0.915365
5.3275	0.913881
5.3325	0.916617
5.3375	0.913462
5.3425	0.913927
5.3475	0.916032
5.3525	0.923259
5.3575	0.919752
5.3625	0.920468
5.3675	0.925822
5.3725	0.922304
5.3775	0.928131
5.3825	0.923642
5.3875	0.920268
5.3925	0.927036
5.3975	0.923354
5.4025	0.921337
5.4075	0.924228
5.4125	0.92248
5.4175	0.919895
5.4225	0.922052
5.4275	0.924628
5.4325	0.930377
5.4375	0.927017
5.4425	0.929728
5.4475	0.923921
5.4525	0.922227
5.4575	0.925028
5.4625	0.927414
5.4675	0.929588
5.4725	0.917128
5.4775	0.930654
5.4825	0.930381
5.4875	0.930367
5.4925	0.939697
5.4975	0.935477
5.5025	0.923152
5.5075	0.934466
5.5125	0.927657
5.5175	0.925185
5.5225	0.927362
5.5275	0.9316
5.5325	0.925489
5.5375	0.932541
5.5425	0.936978
5.5475	0.927283
5.5525	0.935814
5.5575	0.919463
5.5625	0.924197
5.5675	0.936104
5.5725	0.9281
5.5775	0.928431
5.5825	0.939238
5.5875	0.935666
5.5925	0.923246
5.5975	0.932249
5.6025	0.929223
5.6075	0.933085
5.6125	0.936721
5.6175	0.93534
5.6225	0.94353
5.6275	0.931981
5.6325	0.93591
5.6375	0.938895
5.6425	0.935245
5.6475	0.939955
5.6525	0.936897
5.6575	0.93895
5.6625	0.930078
5.6675	0.937159
5.6725	0.938503
5.6775	0.95012
5.6825	0.940464
5.6875	0.95032
5.6925	0.93257
5.6975	0.93266
5.7025	0.941067
5.7075	0.940842
5.7125	0.934969
5.7175	0.932781
5.7225	0.931759
5.7275	0.940968
5.7325	0.937696
5.7375	0.941662
5.7425	0.94333
5.7475	0.937659
5.7525	0.939689
5.7575	0.938839
5.7625	0.942616
5.7675	0.946108
5.7725	0.943132
5.7775	0.940778
5.7825	0.94326
5.7875	0.944635
5.7925	0.949863
5.7975	0.943655
5.8025	0.939578
5.8075	0.942462
5.8125	0.945674
5.8175	0.942269
5.8225	0.943139
5.8275	0.944431
5.8325	0.950073
5.8375	0.940437
5.8425	0.936411
5.8475	0.94672
5.8525	0.938279
5.8575	0.948407
5.8625	0.950173
5.8675	0.940295
5.8725	0.95232
5.8775	0.941719
5.8825	0.944454
5.8875	0.942033
5.8925	0.949926
5.8975	0.949563
5.9025	0.944895
5.9075	0.944038
5.9125	0.948956
5.9175	0.950553
5.9225	0.945978
5.9275	0.946714
5.9325	0.946078
5.9375	0.948672
5.9425	0.946871
5.9475	0.950338
5.9525	0.948538
5.9575	0.942194
5.9625	0.954391
5.9675	0.952623
5.9725	0.945844
5.9775	0.948865
5.9825	0.948896
5.9875	0.949093
5.9925	0.95167
5.9975	0.949448
6.0025	0.961828
6.0075	0.950663
6.0125	0.957715
6.0175	0.951848
6.0225	0.945718
6.0275	0.954231
6.0325	0.95116
6.0375	0.947387
6.0425	0.951842
6.0475	0.947765
6.0525	0.952038
6.0575	0.950877
6.0625	0.950555
6.0675	0.95326
6.0725	0.956478
6.0775	0.958085
6.0825	0.951072
6.0875	0.952876
6.0925	0.956441
6.0975	0.954614
6.1025	0.959165
6.1075	0.9538
6.1125	0.958125
6.1175	0.954934
6.1225	0.951125
6.1275	0.953167
6.1325	0.960184
6.1375	0.957741
6.1425	0.952542
6.1475	0.950275
6.1525	0.953633
6.1575	0.958139
6.1625	0.956966
6.1675	0.952136
6.1725	0.958295
6.1775	0.95856
6.1825	0.951147
6.1875	0.954221
6.1925	0.960033
6.1975	0.950422
6.2025	0.959398
6.2075	0.957822
6.2125	0.9587
6.2175	0.961382
6.2225	0.9599
6.2275	0.967493
6.2325	0.96498
6.2375	0.952904
6.2425	0.96087
6.2475	0.958407
6.2525	0.958662
6.2575	0.9613
6.2625	0.957201
6.2675	0.963956
6.2725	0.966401
6.2775	0.958303
6.2825	0.963281
6.2875	0.966153
6.2925	0.964953
6.2975	0.961447
6.3025	0.955948
6.3075	0.962944
6.3125	0.964246
6.3175	0.96035
6.3225	0.959344
6.3275	0.95816
6.3325	0.960884
6.3375	0.961543
6.3425	0.964236
6.3475	0.964975
6.3525	0.96489
6.3575	0.957694
6.3625	0.960624
6.3675	0.965802
6.3725	0.964273
6.3775	0.962272
6.3825	0.971398
6.3875	0.963352
6.3925	0.961138
6.3975	0.964479
6.4025	0.963164
6.4075	0.965154
6.4125	0.974037
6.4175	0.967005
6.4225	0.964244
6.4275	0.970473
6.4325	0.960826
6.4375	0.966311
6.4425	0.963825
6.4475	0.962693
6.4525	0.962779
6.4575	0.965912
6.4625	0.96886
6.4675	0.968558
6.4725	0.96561
6.4775	0.968284
6.4825	0.958089
6.4875	0.965559
6.4925	0.969474
6.4975	0.967269
6.5025	0.966922
6.5075	0.968638
6.5125	0.967762
6.5175	0.971738
6.5225	0.975035
6.5275	0.967801
6.5325	0.963652
6.5375	0.97261
6.5425	0.972165
6.5475	0.960436
6.5525	0.969607
6.5575	0.973467
6.5625	0.968571
6.5675	0.967627
6.5725	0.970325
6.5775	0.964882
6.5825	0.96471
6.5875	0.969882
6.5925	0.963726
6.5975	0.967719
6.6025	0.972155
6.6075	0.969249
6.6125	0.965056
6.6175	0.968867
6.6225	0.972418
6.6275	0.974668
6.6325	0.971145
6.6375	0.969683
6.6425	0.970026
6.6475	0.973434
6.6525	0.969412
6.6575	0.971504
6.6625	0.972177
6.6675	0.967034
6.6725	0.965084
6.6775	0.973624
6.6825	0.96951
6.6875	0.97155
6.6925	0.974537
6.6975	0.972989
6.7025	0.971417
6.7075	0.970652
6.7125	0.965971
6.7175	0.971182
6.7225	0.970204
6.7275	0.972583
6.7325	0.972362
6.7375	0.975126
6.7425	0.963503
6.7475	0.97806
6.7525	0.975159
6.7575	0.96807
6.7625	0.969247
6.7675	0.966184
6.7725	0.976474
6.7775	0.974798
6.7825	0.977211
6.7875	0.972804
6.7925	0.970928
6.7975	0.97568
6.8025	0.980899
6.8075	0.97357
6.8125	0.974011
6.8175	0.97371
6.8225	0.974691
6.8275	0.977361
6.8325	0.968949
6.8375	0.979156
6.8425	0.977069
6.8475	0.97324
6.8525	0.974245
6.8575	0.975118
6.8625	0.973685
6.8675	0.983036
6.8725	0.97607
6.8775	0.971416
6.8825	0.974393
6.8875	0.971595
6.8925	0.974041
6.8975	0.986153
6.9025	0.974913
6.9075	0.97633
6.9125	0.978524
6.9175	0.979741
6.9225	0.9781
6.9275	0.980743
6.9325	0.974215
6.9375	0.975803
6.9425	0.981185
6.9475	0.977439
6.9525	0.982402
6.9575	0.973138
6.9625	0.976861
6.9675	0.97433
6.9725	0.972239
6.9775	0.969831
6.9825	0.976079
6.9875	0.975374
6.9925	0.980928
6.9975	0.976919
7.0025	0.974615
7.0075	0.977187
7.0125	0.977289
7.0175	0.977769
7.0225	0.974862
7.0275	0.976452
7.0325	0.980436
7.0375	0.981293
7.0425	0.978686
7.0475	0.97412
7.0525	0.973817
7.0575	0.975147
7.0625	0.974721
7.0675	0.984052
7.0725	0.984757
7.0775	0.985543
7.0825	0.979108
7.0875	0.979586
7.0925	0.975211
7.0975	0.980774
7.1025	0.979322
7.1075	0.979781
7.1125	0.979511
7.1175	0.974853
7.1225	0.975563
7.1275	0.982888
7.1325	0.977353
7.1375	0.983849
7.1425	0.977748
7.1475	0.978267
7.1525	0.979314
7.1575	0.97824
7.1625	0.978543
7.1675	0.981106
7.1725	0.982362
7.1775	0.9838
7.1825	0.977725
7.1875	0.979864
7.1925	0.982589
7.1975	0.985853
7.2025	0.981198
7.2075	0.980684
7.2125	0.977066
7.2175	0.980304
7.2225	0.983856
7.2275	0.982091
7.2325	0.97835
7.2375	0.985647
7.2425	0.979245
7.2475	0.983124
7.2525	0.979891
7.2575	0.982602
7.2625	0.985578
7.2675	0.983584
7.2725	0.97968
7.2775	0.983794
7.2825	0.982455
7.2875	0.979202
7.2925	0.984475
7.2975	0.983851
7.3025	0.981159
7.3075	0.978982
7.3125	0.990228
7.3175	0.987301
7.3225	0.977268
7.3275	0.982319
7.3325	0.984397
7.3375	0.982597
7.3425	0.984746
7.3475	0.986229
7.3525	0.979885
7.3575	0.985865
7.3625	0.982337
7.3675	0.983601
7.3725	0.979796
7.3775	0.988585
7.3825	0.989125
7.3875	0.986871
7.3925	0.983717
7.3975	0.983214
7.4025	0.982633
7.4075	0.983064
7.4125	0.987144
7.4175	0.989624
7.4225	0.984092
7.4275	0.991307
7.4325	0.980988
7.4375	0.983753
7.4425	0.980115
7.4475	0.988542
7.4525	0.974699
7.4575	0.980325
7.4625	0.987147
7.4675	0.985415
7.4725	0.980213
7.4775	0.988254
7.4825	0.983814
7.4875	0.983843
7.4925	0.977058
7.4975	0.982882
7.5025	0.984002
7.5075	0.985385
7.5125	0.982014
7.5175	0.986614
7.5225	0.980714
7.5275	0.985376
7.5325	0.985066
7.5375	0.982944
7.5425	0.983293
7.5475	0.986961
7.5525	0.985063
7.5575	0.981471
7.5625	0.991793
7.5675	0.985854
7.5725	0.99592
7.5775	0.980095
7.5825	0.982271
7.5875	0.989694
7.5925	0.990042
7.5975	0.983354
7.6025	0.984656
7.6075	0.992741
7.6125	0.986094
7.6175	0.983845
7.6225	0.984784
7.6275	0.985192
7.6325	0.978886
7.6375	0.98786
7.6425	0.982917
7.6475	0.982837
7.6525	0.988384
7.6575	0.98398
7.6625	0.986103
7.6675	0.980258
7.6725	0.988211
7.6775	0.98951
7.6825	0.977321
7.6875	0.988192
7.6925	0.987864
7.6975	0.989062
7.7025	0.984468
7.7075	0.983181
7.7125	0.983112
7.7175	0.993167
7.7225	0.987295
7.7275	0.98968
7.7325	0.987141
7.7375	0.995184
7.7425	0.984442
7.7475	0.988251
7.7525	0.985673
7.7575	0.988297
7.7625	0.992134
7.7675	0.988141
7.7725	0.989044
7.7775	0.980084
7.7825	0.987667
7.7875	0.989598
7.7925	0.986315
7.7975	0.987339
7.8025	0.987182
7.8075	0.980107
7.8125	0.987055
7.8175	0.989864
7.8225	0.989101
7.8275	0.989087
7.8325	0.983779
7.8375	0.988928
7.8425	0.988353
7.8475	0.988522
7.8525	0.985867
7.8575	0.986906
7.8625	0.986713
7.8675	0.985849
7.8725	0.984237
7.8775	0.987745
7.8825	0.988189
7.8875	0.987169
7.8925	0.988965
7.8975	0.986776
7.9025	0.988316
7.9075	0.990371
7.9125	0.988023
7.9175	0.987073
7.9225	0.985012
7.9275	0.987221
7.9325	0.992171
7.9375	0.987718
7.9425	0.990801
7.9475	0.986274
7.9525	0.987987
7.9575	0.99292
7.9625	0.987227
7.9675	0.990363
7.9725	0.994202
7.9775	0.988384
7.9825	0.988772
7.9875	0.993039
7.9925	0.989534
7.9975	0.99393
8.0025	0.991474
8.0075	0.990922
8.0125	0.988185
8.0175	0.992107
8.0225	0.985695
8.0275	0.989226
8.0325	0.991897
8.0375	0.988565
8.0425	0.983052
8.0475	0.989757
8.0525	0.984644
8.0575	0.98603
8.0625	0.987236
8.0675	0.988771
8.0725	0.997632
8.0775	0.983822
8.0825	0.986893
8.0875	0.989164
8.0925	0.988669
8.0975	0.990627
8.1025	0.984028
8.1075	0.995297
8.1125	0.989256
8.1175	0.992554
8.1225	0.994957
8.1275	0.992056
8.1325	0.988987
8.1375	0.99011
8.1425	0.982607
8.1475	0.987672
8.1525	0.988219
8.1575	0.985886
8.1625	0.990076
8.1675	0.989876
8.1725	0.989928
8.1775	0.986339
8.1825	0.990578
8.1875	0.991525
8.1925	0.991886
8.1975	0.984957
8.2025	0.991108
8.2075	0.988479
8.2125	0.988964
8.2175	0.991195
8.2225	0.994472
8.2275	0.989295
8.2325	0.987622
8.2375	0.994849
8.2425	0.992046
8.2475	0.99118
8.2525	0.991581
8.2575	0.992262
8.2625	0.992659
8.2675	0.988709
8.2725	0.988878
8.2775	0.992203
8.2825	0.9909
8.2875	0.989793
8.2925	0.991526
8.2975	0.992746
8.3025	0.990563
8.3075	0.992592
8.3125	0.987553
8.3175	0.992366
8.3225	0.989078
8.3275	0.993016
8.3325	0.994792
8.3375	0.985566
8.3425	0.99285
8.3475	0.989673
8.3525	0.995595
8.3575	0.998381
8.3625	0.990097
8.3675	0.989405
8.3725	0.995769
8.3775	0.99337
8.3825	0.986844
8.3875	0.989975
8.3925	0.994219
8.3975	0.995128
8.4025	0.996675
8.4075	0.997893
8.4125	0.990859
8.4175	0.991621
8.4225	0.987582
8.4275	0.991093
8.4325	0.989918
8.4375	0.987535
8.4425	0.990431
8.4475	0.996367
8.4525	0.990374
8.4575	0.993027
8.4625	0.992031
8.4675	0.984348
8.4725	0.989111
8.4775	0.990418
8.4825	0.9927
8.4875	0.99281
8.4925	0.992853
8.4975	0.991676
8.5025	0.989769
8.5075	0.994465
8.5125	0.994644
8.5175	0.998418
8.5225	0.990711
8.5275	0.992755
8.5325	0.991261
8.5375	0.995746
8.5425	0.991575
8.5475	0.988008
8.5525	0.9885
8.5575	0.99159
8.5625	0.992692
8.5675	0.993019
8.5725	0.990976
8.5775	0.99204
8.5825	0.989077
8.5875	0.997426
8.5925	0.992423
8.5975	1.00022
8.6025	0.993308
8.6075	0.989365
8.6125	0.990832
8.6175	0.990185
8.6225	0.995755
8.6275	0.993929
8.6325	1.0002
8.6375	0.992049
8.6425	0.992579
8.6475	0.994227
8.6525	0.991751
8.6575	0.993652
8.6625	0.994271
8.6675	0.998553
8.6725	0.994975
8.6775	0.991277
8.6825	0.992892
8.6875	0.990137
8.6925	0.98502
8.6975	0.998088
8.7025	0.994483
8.7075	0.992841
8.7125	0.997209
8.7175	0.992609
8.7225	0.995827
8.7275	0.993413
8.7325	0.991572
8.7375	0.992971
8.7425	0.991205
8.7475	0.992001
8.7525	0.994886
8.7575	0.993719
8.7625	0.992146
8.7675	0.992034
8.7725	0.994559
8.7775	0.99155
8.7825	0.990319
8.7875	0.995925
8.7925	0.994793
8.7975	0.992106
8.8025	0.993654
8.8075	0.9947
8.8125	0.99517
8.8175	0.989981
8.8225	0.99136
8.8275	0.993461
8.8325	0.992406
8.8375	0.992363
8.8425	0.993907
8.8475	0.991245
8.8525	0.993246
8.8575	0.991089
8.8625	0.99109
8.8675	0.995719
8.8725	0.99133
8.8775	0.993431
8.8825	0.994436
8.8875	0.98762
8.8925	0.991088
8.8975	0.992851
8.9025	0.991455
8.9075	0.993
8.9125	0.990983
8.9175	0.99041
8.9225	0.995211
8.9275	0.996084
8.9325	0.994124
8.9375	0.990402
8.9425	0.994674
8.9475	0.996046
8.9525	0.992558
8.9575	0.995475
8.9625	0.991785
8.9675	0.991271
8.9725	0.99634
8.9775	0.992218
8.9825	0.994354
8.9875	0.995896
8.9925	0.994126
8.9975	0.994867
9.0025	0.995531
9.0075	0.994122
9.0125	0.995652
9.0175	0.998275
9.0225	0.993061
9.0275	0.998326
9.0325	0.993441
9.0375	0.991729
9.0425	0.99109
9.0475	0.993461
9.0525	0.99651
9.0575	0.993618
9.0625	0.994312
9.0675	0.995517
9.0725	0.995635
9.0775	0.993054
9.0825	0.99069
9.0875	0.992744
9.0925	0.996921
9.0975	0.991852
9.1025	0.994609
9.1075	0.996059
9.1125	0.995488
9.1175	0.992868
9.1225	0.995797
9.1275	0.995524
9.1325	0.996131
9.1375	0.993844
9.1425	0.998646
9.1475	0.994581
9.1525	0.991135
9.1575	0.995319
9.1625	0.997735
9.1675	0.992425
9.1725	0.997358
9.1775	0.995342
9.1825	0.996223
9.1875	0.992548
9.1925	0.995604
9.1975	0.997954
9.2025	0.991449
9.2075	0.995212
9.2125	0.997468
9.2175	0.994465
9.2225	0.998841
9.2275	0.994299
9.2325	0.995413
9.2375	0.998056
9.2425	0.994459
9.2475	0.99592
9.2525	0.992846
9.2575	0.997727
9.2625	0.996306
9.2675	0.996431
9.2725	0.994334
9.2775	0.996139
9.2825	0.996548
9.2875	0.995811
9.2925	0.991788
9.2975	0.992248
9.3025	0.997914
9.3075	0.998462
9.3125	0.990409
9.3175	0.995869
9.3225	0.996153
9.3275	0.994185
9.3325	0.999262
9.3375	0.996299
9.3425	0.99749
9.3475	1.00276
9.3525	0.998389
9.3575	0.993841
9.3625	0.99581
9.3675	1.00073
9.3725	0.994537
9.3775	0.999259
9.3825	0.995518
9.3875	0.999202
9.3925	1.00067
9.3975	0.997704
9.4025	1.00102
9.4075	0.993331
9.4125	0.996887
9.4175	0.993084
9.4225	0.995566
9.4275	0.999729
9.4325	0.999949
9.4375	0.994
9.4425	0.995886
9.4475	0.995933
9.4525	0.996444
9.4575	0.996993
9.4625	0.998806
9.4675	0.994089
9.4725	1.00235
9.4775	0.994581
9.4825	0.996018
9.4875	0.991227
9.4925	0.994489
9.4975	0.994671
9.5025	0.995633
9.5075	0.995025
9.5125	0.995058
9.5175	0.991566
9.5225	0.996869
9.5275	0.993155
9.5325	0.996529
9.5375	0.99463
9.5425	0.998676
9.5475	0.996883
9.5525	1.00145
9.5575	0.996553
9.5625	0.996433
9.5675	0.994122
9.5725	1.0011
9.5775	0.998693
9.5825	0.99958
9.5875	1.00119
9.5925	1.0016
9.5975	0.996203
9.6025	1.00275
9.6075	1.00006
9.6125	0.999955
9.6175	0.998981
9.6225	0.998021
9.6275	0.999357
9.6325	0.999898
9.6375	1.00156
9.6425	1.00082
9.6475	0.998377
9.6525	0.999502
9.6575	0.997938
9.6625	0.997563
9.6675	0.996042
9.6725	0.995676
9.6775	0.997876
9.6825	0.995779
9.6875	0.997319
9.6925	0.995104
9.6975	0.995494
9.7025	0.99642
9.7075	0.99588
9.7125	0.995149
9.7175	0.99882
9.7225	0.997978
9.7275	1.00378
9.7325	0.994675
9.7375	0.996551
9.7425	0.998156
9.7475	1.00197
9.7525	0.998809
9.7575	1.00058
9.7625	1.00039
9.7675	1.00081
9.7725	0.998648
9.7775	0.999228
9.7825	1.00079
9.7875	0.996288
9.7925	1.00301
9.7975	1.00064
9.8025	1.00139
9.8075	0.996926
9.8125	1.001
9.8175	0.999478
9.8225	0.99713
9.8275	0.998542
9.8325	0.995315
9.8375	0.995611
9.8425	0.998853
9.8475	1.00054
9.8525	0.998868
9.8575	0.999876
9.8625	0.998268
9.8675	0.999688
9.8725	1.00187
9.8775	1.00059
9.8825	0.996866
9.8875	0.99876
9.8925	0.999296
9.8975	0.993816
9.9025	0.997709
9.9075	0.997629
9.9125	1.00015
9.9175	1.00156
9.9225	1.00332
9.9275	1.00245
9.9325	0.99773
9.9375	0.999496
9.9425	0.996322
9.9475	1.00303
9.9525	1.00177
9.9575	1.00061
9.9625	0.995579
9.9675	0.996812
9.9725	0.999489
9.9775	1.00339
9.9825	1.00524
9.9875	1.00097
9.9925	1.00162
9.9975	0.995449
10.0025	1.00287
10.0075	1.005
10.0125	1.00392
10.0175	1.00309
10.0225	1.00009
10.0275	1.00278
10.0325	1.00226
10.0375	1.00093
10.0425	1.00099
10.0475	1.0117
10.0525	0.998411
10.0575	0.999515
10.0625	1.00044
10.0675	1.00025
10.0725	1.00142
10.0775	1.00032
10.0825	0.997077
10.0875	1.00218
10.0925	1.00548
10.0975	1.00193
10.1025	1.00019
10.1075	1.00209
10.1125	0.997209
10.1175	1.00131
10.1225	1.0001
10.1275	1.00264
10.1325	1.00609
10.1375	1.0043
10.1425	1.00304
10.1475	1.00235
10.1525	0.999501
10.1575	0.999212
10.1625	0.997115
10.1675	1.00317
10.1725	1.00459
10.1775	1.00343
10.1825	1.00238
10.1875	1.00172
10.1925	1.00384
10.1975	1.0009
10.2025	1.00494
10.2075	1.00273
10.2125	1.00377
10.2175	1.00587
10.2225	1.00385
10.2275	0.999127
10.2325	1.00785
10.2375	1.00361
10.2425	1.00227
10.2475	1.0043
10.2525	1.00212
10.2575	1.00079
10.2625	1.00166
10.2675	0.998547
10.2725	1.00378
10.2775	1.00218
10.2825	0.998268
10.2875	1.00358
10.2925	1.00411
10.2975	1.00346
10.3025	1.0018
10.3075	1.00075
10.3125	1.00531
10.3175	1.00557
10.3225	1.00384
10.3275	1.00018
10.3325	1.00269
10.3375	1.00235
10.3425	1.00229
10.3475	0.998701
10.3525	1.00744
10.3575	1.00237
10.3625	1.00229
10.3675	1.00659
10.3725	1.00242
10.3775	1.00279
10.3825	1.00218
10.3875	1.00232
10.3925	1.00479
10.3975	1.00622
10.4025	1.00552
10.4075	1.00436
10.4125	1.00535
10.4175	1.00308
10.4225	1.00068
10.4275	1.00889
10.4325	1.00229
10.4375	1.00308
10.4425	1.00547
10.4475	1.00274
10.4525	1.00669
10.4575	1.00339
10.4625	1.00121
10.4675	1.00437
10.4725	1.00459
10.4775	1.0004
10.4825	1.00784
10.4875	1.00716
10.4925	1.00171
10.4975	1.0035
10.5025	1.00602
10.5075	1.0071
10.5125	1.0024
10.5175	1.00515
10.5225	1.00274
10.5275	1.00482
10.5325	1.00282
10.5375	1.00375
10.5425	1.00667
10.5475	1.00467
10.5525	1.00376
10.5575	1.00206
10.5625	1.00271
10.5675	1.00284
10.5725	1.00247
10.5775	0.998801
10.5825	1.0061
10.5875	1.00886
10.5925	1.00338
10.5975	1.00492
10.6025	1.00226
10.6075	1.00341
10.6125	1.00428
10.6175	1.00877
10.6225	1.00597
10.6275	1.00343
10.6325	1.00643
10.6375	1.00751
10.6425	1.00781
10.6475	1.00847
10.6525	1.00631
10.6575	1.0089
10.6625	1.00195
10.6675	1.00827
10.6725	1.00421
10.6775	1.00786
10.6825	1.0068
10.6875	1.00259
10.6925	1.00868
10.6975	1.00709
10.7025	1.00468
10.7075	1.00556
10.7125	1.00939
10.7175	1.0048
10.7225	1.00398
10.7275	1.00827
10.7325	1.00372
10.7375	1.00591
10.7425	1.00635
10.7475	1.00576
10.7525	1.00558
10.7575	1.00865
10.7625	1.00414
10.7675	1.00868
10.7725	1.00001
10.7775	1.00762
10.7825	1.00758
10.7875	1.01036
10.7925	1.00871
10.7975	1.00058
10.8025	1.00607
10.8075	1.00676
10.8125	1.00516
10.8175	1.00543
10.8225	1.01045
10.8275	1.01211
10.8325	1.00449
10.8375	1.01045
10.8425	1.01106
10.8475	1.00528
10.8525	1.00907
10.8575	1.00479
10.8625	1.00964
10.8675	1.00444
10.8725	1.01343
10.8775	1.0058
10.8825	1.01007
10.8875	1.00638
10.8925	1.00558
10.8975	1.00301
10.9025	1.00191
10.9075	1.0082
10.9125	1.00764
10.9175	1.00785
10.9225	1.0078
10.9275	1.01266
10.9325	1.0026
10.9375	1.01002
10.9425	1.00465
10.9475	1.01067
10.9525	1.0072
10.9575	1.01287
10.9625	1.00669
10.9675	1.00721
10.9725	1.0081
10.9775	1.00653
10.9825	1.01245
10.9875	1.00997
10.9925	1.00867
10.9975	1.00876
11.0025	1.00936
11.0075	1.01015
11.0125	1.00586
11.0175	1.00881
11.0225	1.01218
11.0275	1.01059
11.0325	1.00592
11.0375	1.0137
11.0425	1.00801
11.0475	1.00849
11.0525	1.00854
11.0575	1.0088
11.0625	1.01674
11.0675	1.00702
11.0725	1.00553
11.0775	1.0075
11.0825	1.00795
11.0875	1.00941
11.0925	1.0095
11.0975	1.01558
11.1025	1.00517
11.1075	1.00721
11.1125	1.00977
11.1175	1.00831
11.1225	1.01112
11.1275	1.01101
11.1325	1.00907
11.1375	1.00771
11.1425	1.00913
11.1475	1.00833
11.1525	1.01085
11.1575	1.00645
11.1625	1.00798
11.1675	1.00915
11.1725	1.0077
11.1775	1.00755
11.1825	1.00955
11.1875	1.01353
11.1925	1.00828
11.1975	1.01292
11.2025	1.01133
11.2075	1.01035
11.2125	1.00907
11.2175	1.0075
11.2225	1.00805
11.2275	1.00744
11.2325	1.00949
11.2375	1.00858
11.2425	1.00712
11.2475	1.0125
11.2525	1.01184
11.2575	1.01343
11.2625	1.01068
11.2675	1.01007
11.2725	1.00833
11.2775	1.0103
11.2825	1.00861
11.2875	1.00783
11.2925	1.01037
11.2975	1.01119
11.3025	1.00663
11.3075	1.01093
11.3125	1.01239
11.3175	1.01139
11.3225	1.01277
11.3275	1.00894
11.3325	1.00932
11.3375	1.0112
11.3425	1.01501
11.3475	1.0087
11.3525	1.0122
11.3575	1.01
11.3625	1.0132
11.3675	1.01424
11.3725	1.01183
11.3775	1.00896
11.3825	1.00966
11.3875	1.01036
11.3925	1.01273
11.3975	1.01237
11.4025	1.00764
11.4075	1.01179
11.4125	1.01086
11.4175	1.01433
11.4225	1.01082
11.4275	1.00616
11.4325	1.01176
11.4375	1.01261
11.4425	1.01075
11.4475	1.01192
11.4525	1.00951
11.4575	1.0072
11.4625	1.01367
11.4675	1.01204
11.4725	1.01816
11.4775	1.01085
11.4825	1.01481
11.4875	1.0113
11.4925	1.01283
11.4975	1.01221
11.5025	1.01352
11.5075	1.01328
11.5125	1.01159
11.5175	1.01063
11.5225	1.01428
11.5275	1.01465
11.5325	1.01004
11.5375	1.01121
11.5425	1.01497
11.5475	1.01115
11.5525	1.01179
11.5575	1.01017
11.5625	1.01395
11.5675	1.01151
11.5725	1.01336
11.5775	1.01083
11.5825	1.01578
11.5875	1.0119
11.5925	1.01495
11.5975	1.0119
11.6025	1.01148
11.6075	1.01371
11.6125	1.01688
11.6175	1.0132
11.6225	1.01209
11.6275	1.01048
11.6325	1.01424
11.6375	1.01499
11.6425	1.01297
11.6475	1.00993
11.6525	1.01224
11.6575	1.01122
11.6625	1.01383
11.6675	1.01572
11.6725	1.01716
11.6775	1.01436
11.6825	1.01418
11.6875	1.01361
11.6925	1.01212
11.6975	1.01311
11.7025	1.01158
11.7075	1.01241
11.7125	1.01482
11.7175	1.01241
11.7225	1.01694
11.7275	1.01342
11.7325	1.01217
11.7375	1.01483
11.7425	1.01311
11.7475	1.014
11.7525	1.01382
11.7575	1.01234
11.7625	1.01173
11.7675	1.01369
11.7725	1.01049
11.7775	1.01333
11.7825	1.01456
11.7875	1.01453
11.7925	1.01487
11.7975	1.01291
11.8025	1.01286
11.8075	1.01282
11.8125	1.01062
11.8175	1.01319
11.8225	1.01344
11.8275	1.01666
11.8325	1.01237
11.8375	1.01436
11.8425	1.01485
11.8475	1.01205
11.8525	1.01199
11.8575	1.01243
11.8625	1.01842
11.8675	1.01594
11.8725	1.01324
11.8775	1.01533
11.8825	1.0182
11.8875	1.01274
11.8925	1.01504
11.8975	1.0155
11.9025	1.01738
11.9075	1.01563
11.9125	1.01276
11.9175	1.01455
11.9225	1.0121
11.9275	1.0116
11.9325	1.0156
11.9375	1.01618
11.9425	1.01345
11.9475	1.01697
11.9525	1.01283
11.9575	1.01512
11.9625	1.0141
11.9675	1.01176
11.9725	1.01554
11.9775	1.01741
11.9825	1.01653
11.9875	1.0156
