0.0024999999999999745	0.
0.0074999999999999616	0.
0.012500000000000094	0.
0.017500000000000057	0.
0.02250000000000007	0.
0.027499999999999896	0.
0.0325000000000002	0.
0.03749999999999977	0.
0.04250000000000032	0.
0.04749999999999974	0.
0.052499999999999776	0.
0.057500000000000065	0.
0.0625	0.
0.06749999999999981	0.
0.0725000000000006	0.
0.0775000000000004	0.
0.08249999999999974	0.
0.08749999999999934	0.
0.09250000000000054	0.
0.09749999999999949	0.
0.10249999999999931	0.
0.10750000000000105	0.
0.11249999999999956	0.
0.11749999999999976	0.
0.12250000000000044	0.
0.1274999999999995	0.
0.13250000000000026	0.
0.1375000000000009	0.
0.1424999999999988	0.
0.14750000000000077	0.
0.15250000000000158	0.
0.15749999999999922	0.
0.1625000000000009	0.
0.16749999999999887	0.
0.17249999999999954	0.
0.17750000000000007	0.
0.18249999999999958	0.
0.18750000000000003	0.
0.19250000000000023	0.
0.19750000000000048	0.
0.2025000000000005	0.
0.20750000000000013	0.
0.21250000000000063	0.
0.21750000000000086	0.
0.22249999999999787	0.
0.22750000000000137	0.
0.2325000000000014	0.
0.2374999999999983	0.
0.24250000000000219	0.
0.24750000000000136	0.
0.2524999999999986	0.
0.2574999999999976	0.
0.2625000000000018	0.
0.2674999999999986	0.
0.2724999999999978	0.
0.2775000000000024	0.
0.28249999999999914	0.
0.28749999999999815	0.
0.2925000000000011	0.
0.29749999999999954	0.
0.30249999999999794	0.
0.30750000000000166	0.
0.3125	0.
0.3174999999999983	0.
0.3225000000000022	0.
0.3275000000000001	0.
0.33249999999999913	0.
0.33750000000000246	0.
0.34250000000000097	0.
0.3474999999999975	0.
0.3525000000000018	0.
0.35750000000000004	0.
0.36249999999999954	0.
0.3675000000000037	0.
0.3725000000000017	0.
0.37749999999999834	0.
0.3824999999999962	0.
0.3874999999999996	0.
0.3925000000000011	0.
0.39749999999999935	0.
0.4025000000000028	0.
0.40749999999999903	0.
0.41249999999999704	0.
0.41749999999999865	0.
0.42250000000000293	0.
0.42750000000000066	0.
0.4325000000000024	0.
0.43750000000000006	0.
0.44249999999999756	0.
0.447499999999999	0.
0.45249999999999646	0.
0.4575000000000023	0.
0.46250000000000335	0.
0.4675000000000011	0.
0.47249999999999726	0.
0.47749999999999937	0.
0.48249999999999676	0.
0.4875000000000027	0.
0.4925000000000046	0.
0.49750000000000183	0.
0.5024999999999983	0.
0.5074999999999955	0.
0.5124999999999971	0.
0.5175000000000038	0.
0.5225000000000014	0.
0.527500000000003	0.
0.5324999999999991	0.
0.5374999999999964	0.
0.5424999999999967	0.
0.5475000000000055	0.
0.5525000000000027	0.
0.557500000000003	0.
0.5625	0.
0.5674999999999971	0.
0.5724999999999973	0.
0.5774999999999942	0.
0.5825000000000039	0.
0.5875000000000038	0.
0.592500000000001	0.
0.597499999999997	0.
0.6024999999999978	0.
0.6074999999999947	0.
0.6125000000000044	0.
0.617500000000005	0.
0.6225000000000019	0.
0.6274999999999981	0.
0.6324999999999951	0.
0.6374999999999953	0.
0.6425000000000055	0.
0.6475000000000023	0.
0.6525000000000024	0.
0.6574999999999999	0.
0.6624999999999969	0.
0.6674999999999965	0.
0.6725000000000069	0.
0.6775000000000037	0.
0.6825000000000032	0.
0.6875000000000001	0.
0.6924999999999969	0.
0.6974999999999962	0.
0.702499999999993	0.
0.7075000000000023	0.
0.7125000000000014	0.
0.7174999999999979	0.
0.7225000000000003	0.
0.7275000000000003	0.
0.7324999999999974	0.
0.7375000000000056	0.
0.7425000000000054	0.
0.7475000000000019	0.
0.7524999999999981	0.
0.7574999999999947	0.
0.7624999999999943	0.
0.7675000000000021	0.
0.7724999999999987	0.
0.7774999999999981	0.
0.7825000000000042	0.
0.7875000000000011	0.
0.7925	0.
0.7975000000000081	0.
0.8025000000000045	0.
0.8075000000000034	0.
0.8125000000000001	0.
0.8174999999999967	0.
0.8224999999999953	0.
0.827499999999992	0.
0.8324999999999992	0.
0.8374999999999978	0.
0.8424999999999944	0.
0.8475000000000039	0.
0.8525000000000033	0.
0.8574999999999998	0.
0.8625000000000065	0.
0.8675000000000056	0.
0.872500000000002	0.
0.8774999999999981	0.
0.8824999999999945	0.
0.8874999999999934	0.
0.8924999999999996	0.
0.897499999999996	0.
0.9024999999999946	0.
0.9075000000000072	0.
0.912500000000004	0.
0.9175000000000024	0.
0.9225000000000089	0.
0.927500000000005	0.
0.9325000000000037	0.
0.9375000000000001	0.
0.9424999999999965	0.
0.9474999999999947	0.
0.9524999999999911	0.
0.957499999999997	0.
0.9624999999999952	0.
0.9674999999999914	0.
0.9725000000000066	0.
0.9775000000000055	0.
0.9825000000000021	0.
0.9875000000000069	0.
0.9925000000000058	0.
0.9975000000000022	0.
1.002499999999998	0.0044956536261648965
1.0074999999999943	0.33383569271621094
1.012499999999993	4.110531824806399
1.0174999999999979	21.9440536286534
1.0224999999999942	67.63587277950441
1.0274999999999923	142.1922899888067
1.03250000000001	232.05138688454306
1.0375000000000063	321.5959696593168
1.0425000000000042	392.40174597430723
1.0475000000000094	444.57323331053686
1.0525000000000058	476.25558542162935
1.0575000000000037	485.5235020582863
1.0625	482.3934315674918
1.0674999999999966	463.9288689635896
1.0724999999999945	435.12637676155913
1.0774999999999906	393.19725486738326
1.0824999999999951	346.68227051259584
1.0874999999999932	293.56719366621564
1.0924999999999896	240.08786106822308
1.097500000000009	181.54075188016168
1.1025000000000071	121.81565200820951
1.1075000000000035	72.6433545251924
1.1125000000000076	39.75237015859872
1.117500000000006	20.653868268124633
1.122500000000002	11.013263791988578
1.1274999999999982	6.9660207603979485
1.1324999999999943	5.1679165586730536
1.1374999999999929	4.199564637870457
1.1424999999999963	3.6748327420652003
1.1474999999999926	3.3088997482235536
1.1524999999999905	3.0874955705254807
1.1575000000000117	2.9810694658109753
1.1625000000000079	2.7905446966121357
1.167500000000006	2.7081338159027286
1.1725000000000099	2.717951198061812
1.1775000000000062	2.6503827320920754
1.1825000000000039	2.5784721879970975
1.1875	2.6027287067364586
1.1924999999999963	2.5629445220938663
1.1974999999999938	2.6224554453113287
1.2024999999999904	2.6538103225263807
1.2074999999999938	2.661832788071264
1.2124999999999915	2.571288826888407
1.217499999999988	2.5857735438090814
1.2225000000000108	2.5636575790132015
1.2275000000000087	2.624776752367385
1.2325000000000048	2.5807204768462184
1.2375000000000076	2.644484631002219
1.2425000000000062	2.6212928127196524
1.247500000000002	2.608064517997665
1.2524999999999982	2.6160841643883717
1.257499999999994	2.5248432401986194
1.2624999999999922	2.690081123954683
1.2674999999999952	2.674524149157488
1.2724999999999913	2.6070430826225177
1.277499999999989	2.6503505183069693
1.2825000000000133	2.6791700232003595
1.2875000000000092	2.6656697241781218
1.2925000000000069	2.798345400982291
1.2975000000000099	2.690044155752943
1.3025000000000064	2.755541565758666
1.3075000000000039	2.7556500952119976
1.3125	2.838731980257793
1.3174999999999963	2.8762260468507526
1.3224999999999938	2.8631297002782317
1.32749999999999	2.803999350047449
1.332499999999993	2.934826318283431
1.3374999999999904	2.7597015229535797
1.3424999999999865	2.8946099042200593
1.3475000000000092	2.903028166058401
1.3525000000000067	2.8050353746216885
1.3575000000000024	2.793400085178609
1.362500000000005	2.814310699094686
1.3675000000000024	2.8815518166894356
1.3724999999999983	2.8486027352808914
1.3775000000000022	2.9994004425398018
1.3824999999999983	3.1345505402366163
1.387499999999996	3.165978796918549
1.3924999999999987	3.328913754307444
1.397499999999995	3.3876486258426497
1.402499999999993	3.5273882474071288
1.4075000000000144	3.885526438162491
1.4125000000000107	4.2422885054881725
1.4175000000000082	4.687621555577882
1.4225000000000108	5.267268407115242
1.4275000000000069	6.084066258377228
1.4325000000000039	7.242369689863103
1.4375000000000002	8.953653168575398
1.4424999999999963	10.892230290261361
1.4474999999999933	13.599558408437442
1.4524999999999895	16.85762893711591
1.4574999999999916	21.233448106540603
1.462499999999989	26.063849854643564
1.4674999999999854	31.28680219042194
1.4725000000000055	37.550377017950396
1.477500000000003	43.83414729735626
1.4824999999999993	49.77683406888441
1.4875000000000007	54.970360016055345
1.492499999999998	59.46789604885425
1.4974999999999936	62.50127842556898
1.5025000000000066	63.67242939280129
1.5075000000000027	63.851178196658864
1.5125000000000004	60.95304560876462
1.5175000000000023	57.75092134982693
1.5224999999999984	53.04769160002019
1.5274999999999956	47.28932596843742
1.5325000000000157	41.319493791335226
1.5375000000000116	35.44020769018645
1.542500000000009	30.056459517139253
1.5475000000000108	24.830113351111148
1.5525000000000069	20.512039928992426
1.5575000000000039	16.906912535563574
1.5625000000000002	14.021686869131578
1.5674999999999961	11.58477459396028
1.5724999999999933	9.930711841152872
1.577499999999989	8.414158225353162
1.5824999999999911	7.294814511453438
1.5874999999999881	6.525834605655114
1.5924999999999843	5.929070095131898
1.5975000000000028	5.437011281435682
1.6024999999999998	5.111074529954409
1.6074999999999957	4.895155803175269
1.6124999999999972	4.5920340326487885
1.6174999999999948	4.551024114123759
1.6224999999999905	4.372555756870001
1.6275000000000097	4.308203431940216
1.6325000000000065	4.287504766277349
1.637500000000004	4.21923656012439
1.6425000000000052	4.241039190862037
1.6475000000000013	4.233091793984312
1.6524999999999983	4.181593034038969
1.6575000000000164	4.268782449650746
1.662500000000013	4.461104599413006
1.6675000000000095	4.645630354121496
1.6725000000000112	4.995316879233393
1.6775000000000069	5.6292305825016244
1.682500000000004	6.737545135891478
1.6875000000000002	8.480517109876795
1.6924999999999961	10.741178830417848
1.6974999999999933	13.443925748196717
1.702499999999989	16.869758243309033
1.7074999999999907	20.708830448743758
1.7124999999999873	25.190483418325087
1.7174999999999834	29.338864840650565
1.7225000000000001	32.992543416838245
1.7274999999999974	35.865668459191575
1.7324999999999933	37.816510665789664
1.737499999999994	38.044171071426454
1.742499999999991	37.3886676938337
1.7474999999999867	35.86759516604289
1.7525000000000135	33.41339916483071
1.7575000000000096	30.909472651698078
1.7625000000000066	28.26417832353076
1.7675000000000078	26.22099454556781
1.772500000000004	25.06803763404508
1.7775000000000007	24.921962915990065
1.7825000000000173	26.49349842040712
1.7875000000000134	29.62518417965017
1.79250000000001	34.95646839249412
1.7975000000000112	41.577025978196254
1.8025000000000069	50.01587208066445
1.807500000000004	60.21167960723438
1.8125000000000002	71.35567024885022
1.8174999999999961	82.90288021612143
1.822499999999993	93.38569458272035
1.827499999999989	102.99826624800431
1.8324999999999902	109.59891013815955
1.8374999999999868	112.72869849566302
1.8424999999999825	112.80888797154532
1.8474999999999984	109.42637730159981
1.8524999999999952	102.71571906494796
1.857499999999991	94.10920411472067
1.8624999999999914	82.85960666378188
1.8674999999999884	71.60460722903085
1.872499999999984	60.45473415891112
1.8775000000000162	49.37631791642261
1.8825000000000118	39.65511517055031
1.8875000000000093	31.486489096163186
1.8925000000000096	24.904717769630146
1.8975000000000057	19.83447287501023
1.902500000000003	16.02711669719104
1.907500000000018	13.026755197215408
1.9125000000000139	11.031308762866207
1.9175000000000109	9.629515040354825
1.9225000000000112	8.739264045910321
1.9275000000000073	8.282531840469515
1.9325000000000043	7.744102375616222
1.9375000000000002	7.538088886816928
1.9424999999999961	7.330498959173536
1.947499999999993	7.408856253077145
1.9524999999999886	7.579549069037803
1.9574999999999894	7.790065758948921
1.9624999999999864	8.109005837987507
1.967499999999982	9.174317241648986
1.972499999999996	10.344862170791973
1.9774999999999932	12.369239742772145
1.9824999999999888	15.02566226728365
1.9874999999999892	18.872609175983044
1.9924999999999862	23.70505612616524
1.9974999999999818	29.622445487995364
2.0025000000000186	36.11636052133395
2.007500000000014	43.16078566618091
2.0125000000000113	50.531610526143396
2.017500000000012	57.330892869928824
2.0225000000000075	63.34481521643641
2.0275000000000047	67.95458021373094
2.032500000000019	70.64256548579155
2.0375000000000143	71.43432640655321
2.0425000000000115	70.00560088131292
2.047500000000012	67.45366370550006
2.0525000000000073	63.45033403283025
2.057500000000004	58.51348483009329
2.0625	52.854019901576216
2.0674999999999963	47.794663224938574
2.072499999999993	43.01978227006508
2.0774999999999886	39.299413432904736
2.082499999999989	36.12090684520636
2.087499999999986	34.258040062079296
2.0924999999999816	33.01035016958783
2.097499999999995	32.3889672379571
2.102499999999991	32.48721690298288
2.107499999999987	32.3095135366724
2.1124999999999874	32.33291455124288
2.1174999999999837	31.926134033019704
2.1224999999999796	31.506107818014073
2.127500000000021	30.41022259460055
2.1325000000000163	28.82715696183905
2.1375000000000135	26.610497835096396
2.142500000000014	24.30493724110089
2.1475000000000093	21.47222613665759
2.1525000000000065	19.02700175901934
2.1575000000000193	16.201046177478634
2.1625000000000147	13.801950286612435
2.1675000000000115	11.666823749372499
2.172500000000012	9.744875639909791
2.1775000000000073	8.15076383201443
2.182500000000004	6.887319781382075
2.1875	5.945028012287763
2.1924999999999963	5.265650850307414
2.197499999999993	4.709342139393465
2.2024999999999886	4.474386375931581
2.2074999999999885	4.21894736926626
2.2124999999999853	4.09621798637248
2.217499999999981	4.019267755633897
2.2224999999999935	4.080477680412178
2.22749999999999	4.122279101462907
2.2324999999999857	4.177867737955095
2.237499999999985	4.2085519938267435
2.242499999999982	4.390161659905151
2.247499999999978	4.380488967854665
2.2525000000000226	4.503839768356224
2.257500000000019	4.5837967622391345
2.2625000000000153	4.80275557459239
2.2675000000000147	4.843696771902423
2.272500000000011	4.95509781579266
2.277500000000008	5.1726147290504
2.2825000000000197	5.301166849605485
2.287500000000015	5.5220878682788115
2.2925000000000124	5.737021315444244
2.2975000000000123	6.070437908589943
2.3025000000000078	6.449485221117695
2.307500000000004	6.968316327054243
2.3125	7.611309315844531
2.3174999999999963	8.458725405167552
2.3224999999999927	9.384498559005545
2.327499999999988	10.661437086893878
2.332499999999988	12.127769836531138
2.3374999999999853	13.775520880722418
2.3424999999999807	15.521911919573787
2.3474999999999917	17.356893466349504
2.352499999999988	19.348955793748996
2.3574999999999844	20.937562235778916
2.362499999999984	22.542782522436408
2.3674999999999806	23.747079034110616
2.3724999999999765	24.49152534774388
2.377500000000024	25.012090413511075
2.3825000000000203	24.791802466604032
2.387500000000017	24.422008644498906
2.392500000000017	23.493346658297977
2.397500000000013	22.504349545139863
2.4025000000000087	21.49910746999003
2.4075000000000197	20.320644143446334
2.412500000000015	19.315295463852998
2.417500000000013	18.46367998133685
2.4225000000000123	18.033130193691022
2.427500000000008	17.819118992911324
2.432500000000004	17.68459873777974
2.4375	17.905656325353437
2.4424999999999963	18.358776764107812
2.4474999999999922	18.614457247014784
2.452499999999988	19.082489419994456
2.4574999999999876	19.487959069571136
2.4624999999999853	19.701721661839528
2.4674999999999803	20.035046354800752
2.472499999999991	20.276334406888147
2.477499999999987	20.387923243356074
2.482499999999983	20.721078082131015
2.4874999999999825	21.132443381312783
2.4924999999999784	21.467860431827948
2.4974999999999743	22.095720074989387
2.502500000000026	22.791984720834282
2.507500000000022	23.268625788843075
2.5125000000000184	24.043096128219773
2.517500000000018	24.312212302312524
2.5225000000000137	24.60835741950136
2.52750000000001	24.47572823506087
2.53250000000002	24.29933705570816
2.537500000000016	23.483728309026695
2.542500000000013	22.553657311031643
2.5475000000000123	21.509329192926444
2.552500000000008	20.324830249922794
2.557500000000004	19.067910356695254
2.5625	18.108250814883096
2.567499999999997	17.19521083153011
2.5724999999999927	16.31620738277435
2.577499999999989	15.733605919959647
2.5824999999999876	15.435856865281208
2.5874999999999857	15.047386375964745
2.5924999999999807	14.993433817749722
2.5974999999999913	14.89603395937088
2.602499999999986	14.81706012839669
2.6074999999999844	14.81876837777412
2.6124999999999807	14.935982161101489
2.61749999999998	15.006030781422268
2.6224999999999734	15.436320868150464
2.627500000000027	15.96576071774955
2.6325000000000194	16.727517380707894
2.6375000000000193	17.929376648584334
2.6425000000000147	19.343532368108672
2.6475000000000146	21.12698658332481
2.6525000000000074	22.603181850649907
2.6575000000000206	24.282447325227192
2.6625000000000125	25.716952866808334
2.667500000000013	26.868140103920453
2.6725000000000074	27.60441320104091
2.6775000000000078	27.889007109601053
2.682499999999999	27.757510438420237
2.6875	27.263559488095414
2.6925000000000012	26.831251257480616
2.6974999999999927	25.94806144812025
2.702499999999995	25.27103548783966
2.7074999999999876	24.75640848088151
2.71249999999999	24.33096213433248
2.71749999999998	23.99882178756295
2.7224999999999957	23.943060250602162
2.727499999999986	24.11570383263368
2.732499999999988	24.220159615722956
2.73749999999998	24.30600661976698
2.742499999999983	24.446733473399604
2.7474999999999725	24.48492453923951
2.752500000000028	24.573963886982302
2.7575000000000167	24.827780255033176
2.7625000000000206	24.705819288436587
2.7675000000000116	25.103305987792563
2.7725000000000155	25.49169342825197
2.777500000000003	26.03935508177246
2.7825000000000206	26.868089781386125
2.787500000000008	27.518986598123913
2.792500000000013	28.27417327961371
2.797500000000002	29.036683604915314
2.8025000000000078	29.686193553501692
2.8074999999999943	30.111734581931188
2.8125000000000004	30.08663578381295
2.817500000000006	29.70409270888911
2.8224999999999927	29.146741575437755
2.8274999999999992	28.244074504051664
2.8324999999999867	27.255425246019012
2.8374999999999946	26.09193246395926
2.84249999999998	25.053507880225723
2.8474999999999993	23.9807887765906
2.852499999999984	23.140873572899398
2.8574999999999915	22.14252832941297
2.862499999999978	21.478178620009906
2.867499999999987	20.805136244680227
2.8724999999999716	20.312051751464566
2.8775000000000297	19.563071580584
2.8825000000000127	18.976132762598994
2.8875000000000224	18.267237264373872
2.892500000000008	17.321193533840695
2.8975000000000173	16.35985945333056
2.9024999999999994	15.439186273838432
2.9075000000000215	14.378299324164821
2.9125000000000036	13.373070053275246
2.9175000000000137	12.296965968529074
2.9224999999999985	11.41082192675539
2.9275000000000078	10.484613490292507
2.93249999999999	9.70650696215993
2.9375000000000004	9.079894212774704
2.9425000000000106	8.603593380506313
2.9474999999999927	8.133589815998194
2.9525000000000037	7.85503423894855
2.9574999999999867	7.716233316069141
2.962499999999999	7.647994650458924
2.967499999999979	7.76522078205917
2.972500000000002	7.834571315784352
2.977499999999983	8.123914497924352
2.982499999999995	8.359805036713345
2.987499999999978	8.769733485906693
2.9924999999999904	9.193359424975034
2.99749999999997	9.696245611221839
3.002500000000031	10.194564388010953
3.007500000000009	10.828717493160385
3.0125000000000233	11.50474291995349
3.0175000000000045	12.23743146011897
3.0225000000000173	13.117211368972168
3.027499999999996	13.985859371568461
3.0325000000000215	14.739148417324598
3.0375	15.625990840057243
3.0425000000000137	16.424278587661785
3.047499999999994	16.892271425351172
3.052500000000008	17.409966312227972
3.0574999999999863	17.798203347050897
3.0625000000000004	17.954828446968925
3.067500000000015	17.819036658100305
3.0724999999999927	17.47918937171944
3.0775000000000072	16.86603643205791
3.0824999999999867	16.20747242115121
3.0875000000000026	15.346116724255639
3.092499999999979	14.46740799082242
3.0975000000000055	13.399958671549413
3.1024999999999823	12.536299478824857
3.107499999999999	11.578153314991564
3.112499999999977	10.75932464254183
3.117499999999993	10.026730991366232
3.122499999999969	9.480269715412186
3.127500000000032	9.039179530759204
3.1325000000000065	8.786568892112996
3.1375000000000233	8.643687905911998
3.142500000000001	8.675529358273305
3.147500000000018	8.725823863165655
3.152499999999993	9.002764744143686
3.1575000000000224	9.159778805386045
3.1624999999999956	9.394511331063969
3.1675000000000137	9.775274796310995
3.1724999999999905	10.074584946026249
3.177500000000008	10.276945448764424
3.182499999999982	10.46876624894183
3.1875000000000004	10.469152703585472
3.1925000000000185	10.496083557655496
3.1974999999999922	10.36547222492558
3.2025000000000112	10.22240860515887
3.2074999999999867	9.952095775747594
3.2125000000000057	9.605194654771987
3.217499999999978	9.327902968536597
3.2225000000000095	8.99412798103748
3.2274999999999823	8.731773407166015
3.2325000000000013	8.518849999711989
3.2374999999999763	8.44355954038056
3.2424999999999957	8.215706340569266
3.247499999999968	8.296674045233964
3.252500000000033	8.377532519993961
3.2575000000000047	8.700129295419764
3.262500000000024	8.981799589967036
3.2674999999999987	9.434366250593305
3.272500000000019	9.913237882801713
3.27749999999999	10.453218198627752
3.2825000000000224	11.049549190576737
3.2874999999999925	11.589810790378827
3.2925000000000137	12.091454450325115
3.2974999999999866	12.493188197586658
3.302500000000008	12.959822326092675
3.3074999999999783	13.225747044681976
3.3125000000000004	13.3799295176563
3.3175000000000225	13.594701980769356
3.3224999999999922	13.586695419130109
3.327500000000015	13.527123704552531
3.3324999999999867	13.593696798499797
3.3375000000000092	13.551509862837667
3.342499999999978	13.684757737286288
3.3475000000000112	13.59753966659238
3.3524999999999814	13.69060814793609
3.3575000000000044	13.6486599130808
3.3624999999999745	13.59584454067237
3.3674999999999984	13.69189517604833
3.3724999999999676	13.762687660440386
3.3775000000000333	13.730551191335698
3.382500000000001	13.599951158508977
3.387500000000026	13.599600554061498
3.3924999999999956	13.530361436085464
3.397500000000019	13.390754072864132
3.4024999999999874	13.201693431935952
3.4075000000000224	13.055320511544213
3.41249999999999	12.89203007231032
3.4175000000000137	12.683861113324177
3.422499999999983	12.568269054639101
3.427500000000008	12.471373143471647
3.4324999999999766	12.38125155050674
3.4375000000000004	12.313013533459218
3.442500000000026	12.155397634935865
3.4474999999999922	12.17972130347815
3.4525000000000174	12.165190209652748
3.4574999999999867	12.339038856961515
3.4625000000000123	12.420758222489365
3.467499999999978	12.534898335042941
3.472500000000015	12.750621764123078
3.4774999999999814	12.897677741626337
3.482500000000006	13.142065239757674
3.4874999999999745	13.389828439813147
3.4925	13.628217748432961
3.497499999999967	13.814218760388625
3.5025000000000337	13.951959999987615
3.5074999999999994	14.086901555638892
3.512500000000027	14.119700766536274
3.5174999999999934	14.179887832804045
3.52250000000002	14.136262649949748
3.5274999999999856	14.047560967253805
3.5325000000000224	13.837647415506261
3.5374999999999868	13.599859191374057
3.5425000000000137	13.221024195422167
3.5474999999999812	12.928997968285566
3.552500000000008	12.485572973313436
3.5574999999999726	12.160019218728376
3.5625000000000004	11.931176583871006
3.567500000000028	11.654695852276253
3.5724999999999922	11.401309853697473
3.57750000000002	11.264026401351488
3.5824999999999867	11.031475271397959
3.5875000000000146	10.970907035660199
3.592499999999978	10.948558491787585
3.5975000000000175	10.853095237320787
3.6024999999999805	10.872077383472718
3.607500000000009	10.804813007628852
3.6124999999999736	10.942838795751845
3.6175000000000033	10.918134126986681
3.622499999999965	10.948727927948648
3.6275000000000355	10.980599568064548
3.6324999999999967	10.917291614852758
3.637500000000027	10.97983827088384
3.642499999999991	10.995801179105902
3.64750000000002	11.074914760449523
3.652499999999983	11.078142791167126
3.6575000000000224	11.131298605080323
3.6624999999999837	11.066233528508754
3.6675000000000146	11.121289347258724
3.6724999999999777	11.160706395133753
3.677500000000008	11.077815688617097
3.68249999999997	11.05575007531466
3.6875000000000004	10.984032750975993
3.6925000000000314	10.856881393564686
3.6974999999999922	10.770585651736571
3.7025000000000228	10.640001945043425
3.707499999999986	10.528599799222205
3.7125000000000177	10.462997338430327
3.717499999999978	10.259961168172834
3.7225000000000183	10.151772993114056
3.7274999999999805	10.050306460661727
3.7325000000000106	9.940914713670582
3.7374999999999727	9.886195054806539
3.742500000000005	9.781947130795984
3.7474999999999645	9.771840754338507
3.752500000000036	9.693516388181273
3.757499999999996	9.656002050025275
3.7625000000000277	9.560459117478711
3.767499999999989	9.559610012527598
3.7725000000000217	9.614712522576639
3.777499999999981	9.608380196494519
3.7825000000000224	9.719839080298597
3.787499999999982	9.831201236397286
3.7925000000000146	9.973669979941223
3.797499999999976	10.067628056241544
3.8025000000000087	10.190222695984323
3.8074999999999672	10.352966677685934
3.8125000000000004	10.305313450100563
3.817500000000033	10.42880431750187
3.8224999999999922	10.409063836416756
3.8275000000000254	10.381474922773739
3.832499999999986	10.166148290423264
3.83750000000002	9.987190740268689
3.842499999999978	9.753435919980221
3.84750000000002	9.446898025133736
3.8524999999999787	9.174084951186437
3.8575000000000133	8.783831519605373
3.8624999999999727	8.542852094901361
3.8675000000000077	8.10694717588114
3.872499999999964	7.772989417390505
3.8775000000000364	7.491612478235775
3.882499999999993	7.308273324761094
3.8875000000000277	7.0270936034386535
3.892499999999987	6.805681035201367
3.8975000000000217	6.67114084062054
3.9024999999999785	6.4761529272761535
3.9075000000000233	6.345367354700485
3.912499999999979	6.225756036269114
3.9175000000000146	6.157862553395442
3.9224999999999732	6.066019360432322
3.9275000000000087	5.956853898299438
3.9324999999999646	5.850463581879523
3.9375000000000004	5.797827066976178
3.942500000000036	5.679647420885701
3.9474999999999922	5.653380759638608
3.9525000000000277	5.558106700759913
3.957499999999986	5.493298033367774
3.962500000000022	5.441939412662755
3.967499999999977	5.386420936774318
3.9725000000000232	5.3532103312145125
3.9774999999999787	5.3104395501598916
3.9825000000000146	5.368616541135805
3.987499999999972	5.346636605931299
3.9925000000000086	5.374164211807146
3.9974999999999636	5.436125837936517
4.002500000000037	5.539126094457412
4.007499999999991	5.63475002360778
4.012500000000029	5.703407760093402
4.017499999999985	5.8751875446790995
4.022500000000023	5.985315920784606
4.027499999999977	6.237029128389191
4.032500000000024	6.315948914857858
4.037499999999977	6.48037982983001
4.042500000000015	6.698997764305389
4.047499999999971	6.9047490090026
4.052500000000008	7.023812165218411
4.057499999999963	7.190477569735861
4.062500000000001	7.337320750509291
4.067500000000038	7.528844742976363
4.072499999999992	7.590097547364196
4.077500000000029	7.6922433386051505
4.082499999999986	7.821607582260494
4.0875000000000234	7.873335220260041
4.092499999999977	7.978649883251146
4.097500000000025	7.994980963737225
4.102499999999978	8.02740532741312
4.107500000000016	8.012962098988723
4.112499999999972	8.042822723058912
4.11750000000001	7.990344301602226
4.122499999999963	7.934551955480438
4.127500000000038	7.8486841079242975
4.1324999999999905	7.796367495950682
4.137500000000029	7.739090101465293
4.142499999999983	7.597110855001988
4.147500000000023	7.5325768678107226
4.152499999999975	7.405270736715709
4.157500000000024	7.3327508436850355
4.162499999999976	7.233785654718221
4.167500000000015	7.218519594887829
4.172499999999968	7.088944359005288
4.177500000000008	7.036516075353983
4.18249999999996	6.95487417814335
4.187500000000001	6.9485819788974394
4.192500000000041	6.97460251449576
4.197499999999993	6.954748121214262
4.202500000000032	6.843041111905399
4.207499999999986	6.88285012740389
4.212500000000026	6.839446739037136
4.217499999999977	6.803934702059725
4.222500000000027	6.754042769602791
4.227499999999978	6.7777670318884615
4.232500000000018	6.683156291140582
4.237499999999972	6.661103668169908
4.242500000000012	6.586086211709629
4.247499999999962	6.605567019948818
4.252500000000039	6.5418223456829425
4.257499999999989	6.50187227766686
4.262500000000029	6.5180436200030405
4.267499999999982	6.467963099144876
4.272500000000024	6.439220143421999
4.277499999999973	6.453560492822254
4.282500000000024	6.439485116080662
4.287499999999973	6.481250848249033
4.292500000000015	6.462155501382959
4.297499999999967	6.526064997814794
4.302500000000008	6.566310429788954
4.307499999999958	6.6483971060340625
4.312500000000001	6.7090306048109385
4.3175000000000425	6.730342291768517
4.322499999999993	6.856084377334148
4.327500000000034	6.920188499960249
4.332499999999986	6.990397411423742
4.337500000000028	7.060024238015821
4.342499999999977	7.1698839300917925
4.347500000000028	7.188939764507805
4.352499999999978	7.233249459390996
4.35750000000002	7.296055786180638
4.362499999999971	7.249586011426968
4.367500000000014	7.303739562842846
4.372499999999962	7.30973215072355
4.377500000000039	7.326131307843954
4.382499999999987	7.297191370597725
4.3875000000000295	7.272588996343162
4.3924999999999805	7.2412886179538845
4.397500000000024	7.221638044701017
4.402499999999972	7.193044365061984
4.407500000000024	7.1546382365257655
4.412499999999972	7.070053744596539
4.417500000000015	7.051974374781553
4.422499999999965	6.998229428197847
4.427500000000008	6.944632306351172
4.432499999999957	6.944534696253592
4.437500000000001	6.899830348504619
4.442500000000044	6.783806278094221
4.447499999999993	6.7567601733260085
4.452500000000037	6.696316285265845
4.457499999999986	6.673115931249746
4.46250000000003	6.608558337532469
4.467499999999977	6.512580018814525
4.4725000000000295	6.433201604250847
4.477499999999977	6.370312651928775
4.482500000000022	6.334297157104346
4.4874999999999705	6.272624389056582
4.492500000000015	6.1916594537598
4.497499999999961	6.202768472184036
4.5025000000000395	6.162700980182557
4.507499999999986	6.075429482909364
4.51250000000003	6.045775779403026
4.517499999999979	6.053801609132869
4.522500000000024	6.01634441553695
4.527499999999971	6.014304586256648
4.532500000000024	5.918568420441305
4.53749999999997	5.878027936673718
4.542500000000015	5.837505531272938
4.547499999999963	5.774352006258334
4.552500000000008	5.7129150448675325
4.557499999999955	5.738671121287106
4.562500000000001	5.664313643813014
4.567500000000046	5.613152429714025
4.572499999999993	5.50111702086404
4.577500000000038	5.514046859680262
4.582499999999985	5.441059154245541
4.5875000000000306	5.424195583618345
4.592499999999976	5.34626782738641
4.59750000000003	5.323387677151096
4.602499999999976	5.2628415682661736
4.607500000000022	5.188640735138356
4.6124999999999705	5.154957496585613
4.617500000000017	5.072315737879036
4.622499999999961	5.054864092375056
4.6275000000000395	4.987681461281767
4.632499999999984	4.954463111851002
4.63750000000003	4.928029034236951
4.642499999999977	4.866269385565221
4.647500000000026	4.834049398403388
4.65249999999997	4.808566459031809
4.657500000000025	4.805051607816707
4.662499999999968	4.7417527259164345
4.6675000000000155	4.747499203355349
4.672499999999962	4.716442255072095
4.677500000000008	4.681239367037864
4.682499999999954	4.676536431850732
4.687500000000001	4.659436743810581
4.692500000000047	4.683505458799328
4.697499999999993	4.649857535930957
4.70250000000004	4.663539319205127
4.707499999999985	4.641472924367623
4.712500000000033	4.638749654480287
4.717499999999976	4.654705328281255
4.722500000000032	4.619260202656005
4.727499999999976	4.57883310135938
4.732500000000025	4.610384100815854
4.7374999999999705	4.556503697497319
4.7425000000000175	4.539133395246057
4.747499999999961	4.553165048788137
4.7525000000000395	4.542655998255993
4.757499999999983	4.519804581665403
4.76250000000003	4.52559127198473
4.767499999999975	4.486021042526135
4.772500000000026	4.507439327607918
4.777499999999967	4.501572687350373
4.782500000000025	4.504346577434643
4.787499999999967	4.496322819677522
4.7925000000000155	4.487011287831351
4.79749999999996	4.475438555202051
4.802500000000008	4.469977070878915
4.807499999999952	4.5030400843489
4.812500000000001	4.476715697726048
4.817500000000049	4.4344622717232856
4.822499999999993	4.472351104689036
4.8275000000000405	4.467744540026588
4.832499999999985	4.477141949582577
4.837500000000035	4.470787747699778
4.842499999999976	4.386545691831019
4.847500000000034	4.3969212253253875
4.852499999999975	4.3943886932283265
4.857500000000026	4.330645599484447
4.8624999999999705	4.31601119759112
4.867500000000018	4.242247209828784
4.8724999999999605	4.219716064331287
4.87750000000004	4.208030407732321
4.8824999999999825	4.153234080141223
4.88750000000003	4.09550068680774
4.892499999999975	4.081093795130329
4.897500000000026	4.0385443401090955
4.902499999999966	3.9918361936787004
4.907500000000025	3.9598179545316317
4.912499999999966	3.916813215445829
4.917500000000016	3.9091013379401898
4.922499999999958	3.837766899695026
4.927500000000008	3.873464030328022
4.9324999999999495	3.8379447249953524
4.937500000000001	3.7835957312099584
4.942500000000051	3.7560307498713583
4.947499999999993	3.751519188949663
4.952500000000044	3.6927990007665574
4.957499999999985	3.7007350181898127
4.962500000000036	3.7038002338696536
4.967499999999976	3.7326626193494037
4.972500000000036	3.7163277707927302
4.977499999999975	3.724609389554763
4.982500000000027	3.7408582320660204
4.987499999999969	3.796570084636645
4.992500000000019	3.7632894066731146
4.9974999999999605	3.8378345880561255
5.00250000000004	3.8471981112801195
5.007499999999982	3.917479463638104
5.012500000000032	3.9447341099417628
5.017499999999974	3.955301486845025
5.022500000000026	4.009342990738259
5.027499999999965	4.067571084797489
5.032500000000025	4.1172346358106005
5.037499999999964	4.128531890678686
5.042500000000016	4.108916888428945
5.047499999999957	4.219007935576436
5.052500000000008	4.24564684240148
5.057499999999949	4.277824711136902
5.062500000000001	4.29940725026588
5.067500000000052	4.2973784471708445
5.072499999999993	4.308050837987818
5.077500000000045	4.365815624301635
5.0824999999999845	4.391395159385878
5.087500000000037	4.4114542808502195
5.092499999999976	4.441008347944417
5.097500000000037	4.4600632270734515
5.102499999999975	4.484125395403968
5.107500000000028	4.510798291522579
5.112499999999969	4.51436786701563
5.11750000000002	4.526138478711445
5.122499999999961	4.566265290054711
5.1275000000000395	4.594082942629182
5.132499999999981	4.569128181083687
5.13750000000003	4.609139900246892
5.142499999999973	4.576262480553062
5.147500000000026	4.549699523207407
5.152499999999965	4.5712237478690305
5.157500000000023	4.53592368345364
5.162499999999964	4.467354647020005
5.1675000000000155	4.437620076135888
5.172499999999957	4.39330007927346
5.177500000000007	4.38015566075038
5.182499999999947	4.315970226738415
5.187500000000001	4.287898263180776
5.192500000000054	4.228366393485336
5.197499999999997	4.169055556013889
5.2025000000000405	4.136117408329271
5.207499999999985	4.134843049510481
5.2125000000000385	4.087780343331275
5.217499999999982	4.070931480219692
5.222500000000032	4.038457572833367
5.227499999999975	4.038065872513947
5.232500000000029	3.9795252540635886
5.237499999999973	3.9713268136010607
5.242500000000017	3.963097597339499
5.24749999999996	3.9292959255580286
5.252500000000041	3.941962200376249
5.257499999999984	3.918449177661267
5.262500000000027	3.8784861586413344
5.267499999999972	3.8835565039336166
5.272500000000026	3.889250762947206
5.2774999999999705	3.861444964973884
5.2825000000000175	3.8678472323789097
5.2874999999999615	3.818625383037475
5.2925000000000155	3.8058755801547153
5.297499999999962	3.805885929989972
5.3025	3.8000509044945336
5.307499999999946	3.7758929590844894
5.312500000000002	3.7889067355401944
5.317500000000055	3.821998352860432
5.322500000000001	3.786644477408281
5.327500000000039	3.8046390244844854
5.332499999999985	3.8287562244715545
5.3375000000000385	3.8314719625120546
5.342499999999986	3.8418746318573036
5.347500000000028	3.8415929535861895
5.352499999999975	3.850294883067137
5.357500000000029	3.828577115204772
5.362499999999979	3.8223836186051225
5.367500000000011	3.839207707212754
5.37249999999996	3.7982535798405195
5.377500000000041	3.782183595840828
5.38249999999999	3.7561857336102027
5.3875000000000215	3.7248295865028336
5.392499999999972	3.7124872252704906
5.3975000000000275	3.690827229706221
5.402499999999974	3.669757024623053
5.407500000000011	3.635470149589704
5.4124999999999615	3.597756375747141
5.4175000000000155	3.5714648488613046
5.422499999999966	3.551666668555686
5.427499999999997	3.497067436526622
5.432499999999945	3.4713940647840933
5.437500000000002	3.448254194948234
5.442500000000056	3.4208208296286697
5.447500000000006	3.3805407584645693
5.452500000000035	3.3756100739166413
5.457499999999985	3.32174443612977
5.462500000000041	3.299464419712896
5.467499999999991	3.2581156685842227
5.472500000000025	3.247839953096122
5.477499999999975	3.219475248385955
5.482500000000031	3.1658552696720332
5.487499999999982	3.1627894455898917
5.492500000000008	3.130424704000123
5.49749999999996	3.0983219166765448
5.502500000000041	3.080009574235822
5.507499999999993	3.0621558058552196
5.512500000000018	3.017003794615789
5.51749999999997	2.994421013014969
5.5225000000000275	2.99665547729581
5.527499999999978	2.96111865513834
5.532500000000008	2.946961373964293
5.53749999999996	2.931475155032403
5.5425000000000155	2.875838365233667
5.54749999999997	2.8719780030549202
5.55249999999999	2.851517893962019
5.557499999999944	2.8400989569019837
5.562500000000002	2.8311501734858235
5.567500000000057	2.8255814491951443
5.5725000000000104	2.808097162202665
5.577500000000032	2.792462282679694
5.582499999999985	2.81114225016736
5.587500000000043	2.7811251206205343
5.592499999999997	2.792863706439944
5.597500000000021	2.7959518187195833
5.602499999999975	2.7809352845241877
5.607500000000031	2.760220274116504
5.612499999999988	2.766683513958255
5.617500000000004	2.7693012992628026
5.62249999999996	2.74860887549299
5.627500000000041	2.753903899373126
5.6324999999999985	2.7466431526867425
5.637500000000013	2.7615340031534616
5.642499999999968	2.732091215920454
5.6475000000000275	2.7088397404375737
5.652499999999982	2.7180492032627117
5.657500000000002	2.7107061074787775
5.662499999999958	2.6983118881934702
5.6675000000000155	2.7048528777506666
5.672499999999974	2.6920361590684374
5.677499999999985	2.6847736399906608
5.682499999999943	2.6666186469328346
5.687500000000002	2.656252018416569
5.692500000000058	2.6492175260282953
5.697500000000016	2.6629886505560076
5.702500000000027	2.6282631650170165
5.707499999999985	2.6253246311540632
5.712500000000045	2.63231499433141
5.7175	2.6209405899089497
5.722500000000018	2.6246408473037453
5.727499999999973	2.623136319882949
5.732500000000033	2.5993136693160777
5.737499999999991	2.6176147479804928
5.742500000000001	2.6203657516702274
5.747499999999958	2.5817062014563947
5.752500000000043	2.5938776502129706
5.7575	2.594326610381531
5.762500000000009	2.6047027191212933
5.767499999999968	2.5909975191400902
5.7725000000000275	2.5566806681441925
5.777499999999985	2.565657746382484
5.782499999999999	2.594237928512139
5.787499999999956	2.5716820907211244
5.7925000000000155	2.5741567474226894
5.7974999999999755	2.5878659606440926
5.802499999999982	2.5729855883375183
5.8074999999999415	2.5582419113448953
5.812500000000002	2.5702024550575877
5.817500000000059	2.5657417998604024
5.822500000000019	2.5510306175473674
5.827500000000025	2.565192498766607
5.832499999999985	2.551897558025467
5.837500000000045	2.5538479645816046
5.842500000000004	2.5354482516857497
5.847500000000014	2.535694876932485
5.852499999999973	2.5625828959984776
5.857500000000035	2.544339018341503
5.862499999999995	2.51966821843422
5.867499999999999	2.5480100358598263
5.872499999999958	2.5424065336078834
5.877500000000043	2.541570468745518
5.882500000000004	2.5379916319112454
5.887500000000004	2.559665126885264
5.892499999999966	2.5489468702061098
5.8975000000000275	2.5644155164870366
5.902499999999989	2.576758896053421
5.9074999999999935	2.5819362120188996
5.912499999999956	2.5786482052046775
5.9175000000000155	2.5852168020755126
5.922499999999981	2.593133532740743
5.927499999999978	2.6162367931938033
5.93249999999994	2.610330913775962
5.937500000000002	2.620546750377341
5.942500000000062	2.6007000425519102
5.947500000000025	2.620384972736761
5.95250000000002	2.6293738120514965
5.957499999999985	2.632388047553684
5.962500000000045	2.63733716649584
5.967500000000009	2.6276753317114783
5.97250000000001	2.6432903218965897
5.977499999999973	2.634907964151098
5.982500000000035	2.6188492834516888
5.9875	2.623425327252868
5.9924999999999935	2.636202636267334
5.997499999999958	2.622932572173881
6.002500000000043	2.628262272376064
6.007500000000007	2.6263929553006675
6.012500000000001	2.6223181786403282
6.017499999999966	2.6166312277579973
6.0225000000000275	2.617187973787503
6.027499999999993	2.6124331558900553
6.03249999999999	2.600323908382936
6.037499999999954	2.5983737963481635
6.042500000000016	2.596096587551727
6.047499999999983	2.5703917654555366
6.0524999999999745	2.5964464484019274
6.057499999999939	2.567945662099288
6.062500000000002	2.601860995375716
6.067500000000063	2.6025245904998116
6.072500000000028	2.6022022668802562
6.077500000000018	2.6053025593967196
6.082499999999985	2.6392863197957532
6.0875000000000465	2.628206128489072
6.092500000000013	2.6524988835531538
6.097500000000008	2.645517525056981
6.102499999999973	2.679401240270585
6.107500000000035	2.6892684012825843
6.1125000000000025	2.6878534558751817
6.117499999999992	2.6903028954755475
6.122499999999958	2.696879041122695
6.127500000000043	2.709446952258703
6.132500000000011	2.7119185993374395
6.1374999999999975	2.710860234075256
6.1424999999999645	2.694114591376465
6.1475000000000275	2.6941574294102013
6.1524999999999945	2.675576391304414
6.157499999999986	2.6548276897697765
6.162499999999954	2.641122529439474
6.167500000000016	2.640761690434428
6.172499999999984	2.6388964409999653
6.177499999999971	2.6141833429356303
6.182499999999938	2.5850549326216017
6.187500000000002	2.5724604508575797
6.192500000000064	2.5403838980989066
6.19750000000003	2.5121325163415205
6.2025000000000166	2.5008024593689018
6.207499999999985	2.4752005996369952
6.2125000000000465	2.448468208484298
6.217500000000016	2.399144338076838
6.222500000000003	2.3756086223067436
6.227499999999973	2.332650628325959
6.232500000000036	2.322550823897085
6.237500000000008	2.305590061417346
6.242499999999988	2.274883392893108
6.247499999999956	2.2310370665211883
6.252500000000045	2.2304751503924147
6.257500000000014	2.2094500362990823
6.262499999999993	2.181922578216181
6.2674999999999645	2.162416502610665
6.2725000000000275	2.133361811278648
6.277499999999999	2.139863197159674
6.282499999999983	2.1237521433090203
6.287499999999953	2.109670629217245
6.292500000000016	2.0859700293450993
6.297499999999988	2.080912087969858
6.302499999999966	2.0749955111168874
6.307499999999938	2.0664830562440732
6.312500000000002	2.0454468988215853
6.317500000000064	2.0556065544632993
6.322500000000035	2.051490038769389
6.327500000000011	2.0586312579209904
6.3324999999999845	2.0501612211018028
6.337500000000048	2.0605392145858246
6.34250000000002	2.041080775464512
6.3475	2.0473235397541574
6.352499999999973	2.047647429196358
6.357500000000036	2.0674558979543356
6.3625000000000105	2.0629428110333907
6.367499999999985	2.0728165572881854
6.372499999999956	2.052987198250927
6.377500000000045	2.0614334402653536
6.382500000000017	2.062937154641004
6.38749999999999	2.0492254781978616
6.3924999999999645	2.0408981761907863
6.3975000000000275	2.045804766797339
6.402500000000002	2.0233588041890602
6.407499999999979	2.000430140366229
6.412499999999953	1.9836503745089875
6.417500000000016	1.9771962570080484
6.422499999999991	1.9601348977126327
6.427499999999964	1.9619714465306193
6.432499999999937	1.9195031326130536
6.437500000000002	1.924263347233563
6.442500000000065	1.9107911876289811
6.447500000000039	1.8926849232118534
6.4525000000000095	1.8879441487222128
6.4574999999999845	1.8670353388861518
6.462500000000048	1.8553845566603806
6.4675000000000225	1.8425793772835133
6.472499999999998	1.83825975146616
6.477499999999973	1.8174757443148235
6.482500000000036	1.7970403608406162
6.487500000000014	1.8094437562589158
6.492499999999983	1.7898653613719842
6.497499999999956	1.7720930779894173
6.502500000000045	1.765593273581109
6.507500000000021	1.7346787495577733
6.512499999999987	1.7169600883828788
6.5174999999999645	1.714929451835289
6.5225000000000275	1.7042298259905377
6.527500000000003	1.6961766057162837
6.532499999999976	1.7041688289284536
6.537499999999953	1.6786227813982462
6.542500000000016	1.682426470661557
6.547499999999993	1.6678079563488697
6.55249999999996	1.6590549307969573
6.557499999999936	1.6617094228569038
6.562500000000002	1.6448403290116937
6.567500000000066	1.6508915139863214
6.572500000000043	1.652320310504271
6.577500000000008	1.665961602123108
6.5824999999999845	1.6390660459376207
6.587500000000048	1.65806163154562
6.592500000000028	1.6474387086543203
6.597499999999996	1.6543885276363413
6.602499999999973	1.642003014249441
6.607500000000038	1.6341375421384219
6.612500000000017	1.6369370779295482
6.61749999999998	1.6246627363495414
6.622499999999956	1.6481369369541932
6.627500000000045	1.6337531345399043
6.6325000000000225	1.6378984134836676
6.637499999999983	1.6371067512745243
6.642499999999963	1.6495593308425778
6.6475000000000275	1.6459881683027742
6.652500000000007	1.6487555930433353
6.657499999999971	1.645838249081228
6.662499999999949	1.6434706608260905
6.667500000000016	1.6503569597025776
6.672499999999997	1.6452121786976022
6.677499999999957	1.6360615582686597
6.682499999999934	1.6447100112975959
6.687500000000002	1.6552166065568374
6.6925000000000665	1.6544927982263216
6.697500000000047	1.6601485520541837
6.702500000000004	1.6531802290255937
6.7074999999999845	1.6410087395859951
6.712500000000052	1.6401693489452533
6.71750000000003	1.6447708208941219
6.722499999999992	1.6529559718285198
6.727499999999973	1.6634110396304702
6.732500000000038	1.6601437958052534
6.737500000000019	1.6773549331689763
6.742499999999975	1.6780815676331482
6.747499999999956	1.6612391337455181
6.752500000000045	1.6864261918804067
6.757500000000026	1.7024340459638714
6.762499999999981	1.707557888943069
6.767499999999963	1.7268048584787627
6.7725000000000275	1.7271127551554077
6.777500000000009	1.7420080956846393
6.782499999999968	1.7334167325443868
6.787499999999949	1.7512627077032394
6.792500000000016	1.7650719061050613
6.7974999999999985	1.7860745477686
6.802499999999953	1.7817574805425704
6.807499999999935	1.8010127192652643
6.812500000000002	1.7977534319840784
6.8175000000000665	1.8163416747815544
6.822500000000049	1.8221252714803131
6.827500000000002	1.8408134143903574
6.8324999999999845	1.8408946708217233
6.837500000000052	1.8636202619493334
6.842500000000035	1.8537565701731917
6.84749999999999	1.8758149686842234
6.852499999999973	1.8833740679183946
6.857500000000038	1.8671134384297516
6.862500000000023	1.8806074690195547
6.867499999999973	1.8649689935912033
6.872499999999956	1.8741819969876912
6.877500000000045	1.8671275861828285
6.882500000000028	1.8597419522860532
6.887499999999978	1.8426608644973723
6.892499999999963	1.82179141463194
6.8975000000000275	1.8203224144735024
6.902500000000011	1.8146199792502025
6.907499999999966	1.7964957131495525
6.912499999999949	1.783717142235012
6.917500000000016	1.775914941554924
6.9225	1.7681648410964275
6.927499999999949	1.7695675778211035
6.9324999999999335	1.7453931986592952
6.937500000000002	1.7538930559631813
6.942500000000067	1.7496178158859894
6.947500000000052	1.752373539122016
6.952500000000001	1.754807955534288
6.9574999999999845	1.7546823420790534
6.962500000000052	1.7477203583978342
6.967500000000037	1.7565053316883217
6.972499999999989	1.7524071275764581
6.977499999999973	1.7456894391735354
6.98250000000004	1.763701269921053
6.987500000000026	1.7745960635350093
6.992499999999971	1.7633113996811118
6.997499999999956	1.7633145242942239
7.002500000000045	1.7665408017099087
7.00750000000003	1.7757060759318612
7.012499999999975	1.7652731748877728
7.017499999999961	1.75939443977972
7.022500000000029	1.7543857492654644
7.027500000000014	1.7494505184757674
7.0324999999999624	1.762007231184131
7.037499999999947	1.755429553045509
7.042500000000016	1.7385746994621911
7.047500000000002	1.7496629830771813
7.052499999999947	1.7393101659165036
7.057499999999932	1.7404447634877254
7.062500000000002	1.7422386792433835
7.067500000000069	1.7228593921196582
7.072500000000056	1.7287042113029834
7.077499999999999	1.7037428031057744
7.0824999999999845	1.7023288762584359
7.087500000000054	1.7134795406729828
7.092500000000038	1.7007952876331232
7.097499999999985	1.679773849792397
7.102499999999973	1.6680649854646472
7.10750000000004	1.665927594763224
7.112500000000028	1.6564410714401774
7.1174999999999695	1.649863304099585
7.122499999999956	1.641966422283026
7.127500000000045	1.6321037826661695
7.132500000000031	1.603379506556836
7.137499999999973	1.6027894072216062
7.142499999999961	1.5936381075654746
7.147500000000029	1.5603664155866472
7.152500000000017	1.5707561341559095
7.157499999999961	1.5486892594164634
7.162499999999947	1.5505790640562438
7.167500000000016	1.5232632788593292
7.172500000000005	1.509927856151512
7.177499999999943	1.516916804835307
7.182499999999932	1.4877429666759199
7.187500000000002	1.4806302881568478
7.192500000000069	1.4814254665427546
7.1975000000000575	1.461139662567845
7.202499999999995	1.460882653354654
7.2074999999999845	1.4523913411039273
7.212500000000054	1.4385661534952512
7.217500000000044	1.4237659731772534
7.222499999999983	1.4373858577287457
7.227499999999972	1.4216740481547008
7.23250000000004	1.4099199419407609
7.23750000000003	1.3871275300147645
7.242499999999966	1.377230980202278
7.247499999999956	1.3662421852960827
7.252500000000045	1.3561699949879018
7.257500000000035	1.3380894845175466
7.262499999999969	1.33042261215822
7.267499999999961	1.3254274462983535
7.272500000000029	1.3064916824972357
7.2775000000000185	1.2951992458257129
7.282499999999957	1.286549150142107
7.287499999999947	1.2725050824311628
7.292500000000016	1.2637940887448995
7.297500000000008	1.2614972464962797
7.302499999999942	1.2503092233293842
7.30749999999993	1.249473123928319
7.312500000000002	1.240723781495927
7.317500000000071	1.2381850087624022
7.322500000000061	1.2159903358263822
7.3274999999999935	1.2199413709481206
7.3324999999999845	1.2182221696925677
7.337500000000054	1.2044779648671038
7.3425000000000455	1.1961615675790724
7.3474999999999815	1.1991929848549452
7.352499999999972	1.1959466961699343
7.35750000000004	1.1995800341790506
7.3625000000000345	1.2012575411407969
7.367499999999964	1.1992669141019632
7.372499999999956	1.203321014646068
7.377500000000045	1.1896259997349368
7.382500000000037	1.186218961007183
7.387499999999966	1.1974183407698393
7.392499999999961	1.1943385034859666
7.397500000000029	1.191018202977455
7.40250000000002	1.1867163462418981
7.407499999999955	1.1992226964397534
7.412499999999947	1.1929182636976863
7.417500000000017	1.1919675150247329
7.42250000000001	1.189432735279654
7.427499999999938	1.1918995208618062
7.432499999999929	1.186643205151934
7.437500000000002	1.1897583901252464
7.442500000000072	1.1976223234096932
7.447500000000063	1.1846647604091056
7.452499999999992	1.1874414661216202
7.4574999999999845	1.1931343432598034
7.462500000000054	1.19164421535683
7.467500000000047	1.1923986627407823
7.47249999999998	1.1946604433980899
7.477499999999972	1.1922282970651674
7.4825000000000434	1.2086044879015378
7.487500000000036	1.2246135216100682
7.492499999999962	1.2197602587469107
7.497499999999956	1.2320122686912958
7.502500000000045	1.2332068688046116
7.5075000000000385	1.2289995793916269
7.512499999999965	1.232781302407557
7.517499999999957	1.2379110213625197
7.522500000000029	1.2451019412318096
7.527500000000021	1.2381857646786987
7.532499999999954	1.2464964407960788
7.5374999999999455	1.2441275308763626
7.542500000000017	1.2515060356750474
7.547500000000012	1.2544751301429549
7.552499999999936	1.2456329502125307
7.557499999999929	1.249443561016676
7.562500000000002	1.2403658714124335
7.567500000000072	1.2528498134505568
7.572500000000065	1.2512746788713507
7.57749999999999	1.2446927825280758
7.5824999999999845	1.2561754247065384
7.587500000000055	1.2576596288641013
7.592500000000049	1.25898207955696
7.597499999999978	1.257403799067258
7.602499999999972	1.2626816336583084
7.6075000000000434	1.2536578857238214
7.612500000000038	1.26362858961603
7.617499999999961	1.2670833640078458
7.622499999999956	1.2605485279683097
7.627500000000045	1.2605531823769616
7.63250000000004	1.265572186139699
7.637499999999963	1.271919556698859
7.642499999999957	1.2740978229435471
7.647500000000029	1.2742349397224113
7.652500000000026	1.2683526349004688
7.65749999999995	1.2684690369186682
7.6624999999999455	1.2655059637345063
7.667500000000017	1.2630875018296652
7.672500000000015	1.2684773691698241
7.6774999999999345	1.2678221806693732
7.682499999999928	1.2715821295885257
7.687500000000002	1.2622323490564276
7.692500000000073	1.2823017930870892
7.697500000000066	1.2718926649474211
7.702499999999986	1.2738719888987386
7.7074999999999845	1.2770620093451497
7.712500000000055	1.2780905528700313
7.717500000000053	1.29317462903931
7.722499999999975	1.2934198997100532
7.727499999999972	1.3002209266707263
7.7325000000000434	1.296877531564643
7.737500000000042	1.3184208779304545
7.742499999999957	1.3199846366590124
7.747499999999956	1.333285852223723
7.752500000000045	1.3387333669846437
7.757500000000044	1.3274230999182903
7.76249999999996	1.3411849708063448
7.767499999999957	1.3625736407857627
7.772500000000029	1.3652337192981199
7.777500000000027	1.3754049727288755
7.782499999999948	1.3621502217731432
7.7874999999999455	1.3691183364874153
7.792500000000017	1.3783492399615531
7.797500000000015	1.3882241454271924
7.802499999999931	1.3851343698134653
7.807499999999928	1.3822984362931519
7.812500000000002	1.3826023797030358
7.817500000000073	1.3922690109849811
7.822500000000072	1.384287484200641
7.827499999999986	1.38868932421636
7.8324999999999845	1.3786192181383743
7.837500000000055	1.3774982450937845
7.842500000000055	1.3907037919800271
7.8474999999999735	1.3788320260613365
7.852499999999972	1.3664764456318266
7.8575000000000434	1.3693482800872314
7.862500000000044	1.3575942715408185
7.867499999999957	1.3708574115986263
7.872499999999954	1.35711217448946
7.877500000000047	1.3434492586147069
7.8825000000000465	1.344145108239975
7.8874999999999575	1.3383019003633378
7.892499999999957	1.3303931476934927
7.897500000000029	1.3284193427697093
7.902500000000029	1.3222290989223036
7.907499999999945	1.3009515867227968
7.9124999999999455	1.311311611624679
7.917500000000017	1.2956733107510305
7.922500000000017	1.3032043972620686
7.927499999999929	1.2912323042268834
7.932499999999927	1.2840044119110345
7.937500000000002	1.2736383500420123
7.942500000000074	1.2613874379812395
7.9475000000000735	1.2479741347178666
7.952499999999984	1.254502131362447
7.9574999999999845	1.24203297546407
7.962500000000057	1.2398560002793682
7.967500000000057	1.219178398711963
7.972499999999972	1.2127922242574374
7.977499999999972	1.2088585985744125
7.9825000000000434	1.1916744013704001
7.987500000000045	1.204983807131603
7.992499999999955	1.1961679775720166
7.997499999999954	1.172562279602137
8.002500000000047	1.177776442730523
8.007500000000046	1.1745679431271372
8.012499999999955	1.1689268208898234
8.017499999999957	1.1496628748875783
8.02250000000003	1.1356409015145355
8.02750000000003	1.1289447677041566
8.032499999999942	1.1204437381077976
8.037499999999945	1.1254612428110722
8.042500000000016	1.1097658599508144
8.047500000000019	1.1028990520644235
8.052499999999927	1.1009956371685603
8.057499999999928	1.0930415565092229
8.0625	1.0779703924122914
8.067500000000074	1.0724694182517245
8.072500000000076	1.07054038807493
8.077499999999983	1.059451464256868
8.082499999999984	1.055812600119781
8.087500000000057	1.05172140825784
8.092500000000058	1.0458457330892437
8.09749999999997	1.0435439361130818
8.102499999999973	1.037347135051982
8.107500000000046	1.0303858063208882
8.112500000000047	1.0326173276131838
8.117499999999954	1.017792135424586
8.122499999999954	1.0265151649923125
8.127500000000047	1.0151067156247697
8.132500000000048	1.0053650915149832
8.137499999999953	1.0103390025877477
8.142499999999956	0.9975589975759268
8.14750000000003	1.003912726152012
8.152500000000032	0.9980137298302799
8.157499999999942	0.9955459020811945
8.162499999999945	0.9945074535781835
8.167500000000016	0.9938094534215505
8.17250000000002	0.9910604380677148
8.177499999999926	0.980074478432896
8.182499999999926	0.9870874330511542
8.1875	0.9746263990213266
8.192500000000075	0.9696673112068216
8.197500000000078	0.9654815976404889
8.202499999999981	0.9670358162650621
8.207499999999985	0.9640469991540094
8.212500000000057	0.9567103740825841
8.217500000000062	0.9493239770851161
8.222499999999968	0.9596641010690745
8.227499999999973	0.9534253320679938
8.232500000000046	0.955511931878214
8.237500000000049	0.9470502553081762
8.242499999999952	0.9413350451091564
8.247499999999954	0.938777011169423
8.252500000000047	0.9396300621425593
8.25750000000005	0.9418939511235502
8.262499999999951	0.9335184406487421
8.267499999999956	0.9356286339337433
8.27250000000003	0.9410341470122282
8.277500000000034	0.9394799978913365
8.282499999999938	0.9268420248983725
8.287499999999945	0.9353722127454084
8.292500000000016	0.9398294155434896
8.29750000000002	0.9294002448931648
8.302499999999922	0.9337870052161041
8.307499999999926	0.9458876289066134
8.3125	0.9355957175849853
8.317500000000075	0.9430920678567237
8.32250000000008	0.950243577859495
8.327499999999981	0.9436299926225075
8.332499999999985	0.9500899058196985
8.337500000000057	0.950510628400802
8.342500000000063	0.9548680634775788
8.347499999999966	0.9577230367671722
8.352499999999973	0.9657083865614264
8.357500000000046	0.9679600246238663
8.362500000000052	0.9773771417092327
8.367499999999948	0.97947901788281
8.372499999999954	0.9860010423399125
8.377500000000047	0.9934724647155457
8.382500000000054	1.004247564845675
8.38749999999995	0.9996039186202061
8.392499999999956	1.0126539522329496
8.39750000000003	1.0204610859956833
8.402500000000035	1.0227666943957965
8.407499999999937	1.0214227252789758
8.412499999999945	1.0336159142491017
8.417500000000016	1.0336849384841509
8.422500000000023	1.0397188267777866
8.42749999999992	1.0390368081611614
8.432499999999925	1.0449426947422769
8.4375	1.0423506891393728
8.442500000000077	1.0433773157604787
8.447500000000081	1.043598793110474
8.452499999999977	1.0419218151724667
8.457499999999985	1.0523758075175595
8.462500000000057	1.0460222552271188
8.467500000000065	1.0395989499552525
8.472499999999965	1.0456525558812777
8.477499999999973	1.0497841772334233
8.482500000000046	1.0559775191308225
8.487500000000052	1.0515559390755482
8.492499999999948	1.048438714934213
8.497499999999954	1.057112493612577
8.502500000000047	1.0599111292461183
8.507500000000054	1.0611418322207338
8.512499999999948	1.0546580872573619
8.517499999999956	1.059046051137566
8.52250000000003	1.0647915146749156
8.527500000000035	1.0679339234260545
8.532499999999935	1.0669722949708762
8.537499999999943	1.0692355132759859
8.542500000000016	1.0834834822788895
8.547500000000026	1.0864008994891299
8.552499999999919	1.0834220329507769
8.557499999999925	1.0975396358453853
8.5625	1.095498162660967
8.567500000000077	1.0914294335003816
8.572500000000083	1.0967966782928145
8.577499999999976	1.0981590024432124
8.582499999999985	1.100785075704392
8.587500000000059	1.1098986277104463
8.592500000000067	1.109362048603398
8.597499999999963	1.1120248360752119
8.602499999999973	1.1058075239980505
8.607500000000046	1.1008845454817417
8.612500000000056	1.100500054553847
8.617499999999946	1.1050033149571779
8.622499999999954	1.1116831474262066
8.627500000000047	1.0957256890596336
8.632500000000055	1.099185912907188
8.637499999999946	1.1013050710869345
8.642499999999956	1.0871467758638869
8.64750000000003	1.0842787565793317
8.65250000000004	1.0855003408292716
8.657499999999931	1.0830613581044934
8.662499999999943	1.0778776449218217
8.667500000000016	1.0776969193973027
8.672500000000026	1.0721694639930228
8.677499999999917	1.0671340533626246
8.682499999999925	1.066384815777982
8.6875	1.0588518975945433
8.692500000000077	1.0607435256013127
8.697500000000085	1.0540890867881394
8.702499999999976	1.0599179232359557
8.707499999999985	1.0504378382124235
8.712500000000059	1.0521490906170134
8.717500000000072	1.0499317855661583
8.722499999999961	1.0538751702450224
8.727499999999973	1.0486146203833195
8.732500000000046	1.0536353521682706
8.737500000000058	1.0442430052011589
8.742499999999945	1.0456105141773016
8.747499999999954	1.0547093142683817
8.752500000000047	1.0511847755127508
8.757500000000057	1.0449969283267893
8.762499999999944	1.0442558318329422
8.767499999999954	1.040165429459292
8.77250000000003	1.0512701194520686
8.77750000000004	1.0522816831293023
8.78249999999993	1.051181495006486
8.787499999999943	1.0485033525473646
8.792500000000016	1.0504671543025568
8.797500000000028	1.0456345905704958
8.802499999999913	1.0508029423978797
8.807499999999925	1.0399027362722366
8.8125	1.0363764974938552
8.817500000000077	1.0328188441139659
8.822500000000089	1.0263081948845791
8.827499999999974	1.0245274321635696
8.832499999999985	1.0168426564852593
8.83750000000006	1.0089239277863047
8.842500000000072	1.0057607942780193
8.84749999999996	1.0029697204621766
8.852499999999973	0.9887111317286155
8.857500000000048	0.983410398276279
8.862500000000058	0.9826078757207072
8.867499999999943	0.9714830219516382
8.872499999999954	0.9682074012982965
8.877500000000047	0.9538356525135849
8.882500000000059	0.9481999767976589
8.887499999999942	0.9449025480803539
8.892499999999954	0.9355554494075861
8.89750000000003	0.9285306807289159
8.902500000000042	0.9143000403216166
8.907499999999928	0.9221382310692494
8.912499999999941	0.9076042253476688
8.917500000000016	0.9063594649957131
8.922500000000028	0.8947878647338762
8.927499999999911	0.8929355199562113
8.932499999999925	0.8862546691616292
8.9375	0.876137878701411
8.942500000000077	0.8741037492932525
8.94750000000009	0.8643794596417221
8.952499999999972	0.8626813583452508
8.957499999999985	0.8551489940023068
8.96250000000006	0.8459454679840592
8.967500000000074	0.8405637768211438
8.972499999999958	0.834538792572085
8.977499999999973	0.8376083956971188
8.982500000000048	0.8291351797555286
8.987500000000061	0.827690832520819
8.992499999999943	0.8189857005691319
8.997499999999954	0.8138712977595071
9.002500000000047	0.8162938490340517
9.007500000000059	0.8161489185097096
9.01249999999994	0.8060654298659297
9.017499999999954	0.8093575770064213
9.02250000000003	0.8020965514901688
9.027500000000044	0.800579967858109
9.032499999999926	0.7960388543849295
9.037499999999941	0.8096515766386674
9.042500000000016	0.7959184510226804
9.04750000000003	0.8005217569077143
9.052499999999911	0.7970279793949727
9.057499999999923	0.8013802778848772
9.0625	0.7951232898858593
9.067500000000079	0.7969942624962645
9.072500000000092	0.7949084094207894
9.077499999999972	0.7933018733002106
9.082499999999985	0.7933597829167348
9.08750000000006	0.7886572388332571
9.092500000000076	0.7959148463076597
9.097499999999958	0.7960774372877786
9.10249999999997	0.7935126555228443
9.10750000000005	0.7960914412255734
9.112500000000061	0.7918082936690408
9.117499999999941	0.7965563970314227
9.122499999999953	0.7923716549096154
9.12750000000005	0.7927511232114862
9.13250000000006	0.7942849770070333
9.13749999999994	0.8050504148368975
9.142499999999952	0.7999718577333261
9.147500000000031	0.7996375267511115
9.152500000000044	0.8012271849696867
9.157499999999926	0.7977483964985717
9.162499999999941	0.7999456425478072
9.167500000000016	0.8021913819149064
9.172500000000033	0.8110728457925273
9.17749999999991	0.8057369485884739
9.182499999999923	0.8137011891606551
9.1875	0.8117809258690666
9.192500000000079	0.8181697449850219
9.197500000000092	0.8275173544414354
9.202499999999969	0.8227770224987042
9.207499999999985	0.8192900251220602
9.21250000000006	0.8256588182108591
9.217500000000078	0.8307015772878149
9.222499999999958	0.8329706330191595
9.22749999999997	0.8326518695278458
9.23250000000005	0.8289762701400967
9.237500000000063	0.8295087190354733
9.242499999999941	0.8387313211833122
9.247499999999953	0.8455207431073075
9.25250000000005	0.8435868061337871
9.25750000000006	0.8475084681494461
9.262499999999939	0.8450313889188852
9.267499999999952	0.8495207203896684
9.272500000000031	0.8473961560522449
9.277500000000048	0.8498775546216345
9.282499999999924	0.8516714437522518
9.287499999999941	0.8576339119984013
9.292500000000016	0.8522462845031037
9.297500000000033	0.8576542348419708
9.302499999999908	0.8684452196737653
9.307499999999923	0.8698767732019904
9.3125	0.8637330216883429
9.317500000000079	0.8671431999485176
9.322500000000094	0.8761082140844225
9.327499999999969	0.8800161438589166
9.332499999999985	0.8820130779628036
9.33750000000006	0.8723110807877361
9.342500000000078	0.8777619796198466
9.347499999999954	0.8867169753964108
9.35249999999997	0.8849082158065327
9.35750000000005	0.900732535562332
9.362500000000066	0.8853040218436495
9.36749999999994	0.8946055197129458
9.372499999999953	0.8961029685702323
9.37750000000005	0.8950277499262064
9.382500000000062	0.898487984331596
9.387499999999935	0.8967962594301631
9.392499999999952	0.8909250402523269
9.397500000000031	0.8907105533900509
9.40250000000005	0.8888606119985342
9.407499999999922	0.8917108971040781
9.412499999999941	0.8899308138064457
9.417500000000016	0.8872879627593105
9.422500000000035	0.8978645869873473
9.427499999999906	0.889676825996651
9.432499999999923	0.8839942292251468
9.4375	0.8797266497433955
9.442500000000079	0.8778661989048306
9.447500000000096	0.8723813713007941
9.452499999999967	0.8738690757516294
9.457499999999985	0.8661259650120022
9.46250000000006	0.8702905627199778
9.46750000000008	0.8692875535156709
9.472499999999952	0.8680847608501463
9.47749999999997	0.8650899598940962
9.48250000000005	0.8625699702296163
9.487500000000068	0.8564073204634959
9.492499999999934	0.8526472728673196
9.497499999999953	0.858294735230636
9.50250000000005	0.8593765227553487
9.507500000000068	0.8675032853164723
9.512499999999934	0.8633959583262341
9.517499999999952	0.8626552928275307
9.522500000000031	0.8617164003844484
9.527500000000051	0.8615090252557742
9.53249999999992	0.8666384423746377
9.537499999999941	0.867832709375641
9.542500000000016	0.8580584477937915
9.547500000000035	0.8644461474315512
9.552499999999906	0.8726025121263016
9.557499999999923	0.8595220341720209
9.5625	0.8686702323998801
9.567500000000079	0.8589437392988462
9.572500000000097	0.8620898736808875
9.577499999999967	0.8703844216020097
9.582499999999985	0.8615052230716423
9.58750000000006	0.8553311099751908
9.592500000000081	0.8514117212975607
9.59749999999995	0.8640792102138339
9.60249999999997	0.8520566530792079
9.607500000000051	0.8514473940405922
9.612500000000068	0.8460143530814197
9.617499999999934	0.8443696503244711
9.622499999999953	0.8436550374790968
9.62750000000005	0.8410078777251655
9.632500000000068	0.841985420646566
9.637499999999934	0.8298913279674893
9.64249999999995	0.8248518018998271
9.647500000000031	0.8229614342254897
9.652500000000051	0.823725513730022
9.65749999999992	0.8156386073677346
9.662499999999941	0.812487959891096
9.667500000000016	0.8065556092796533
9.672500000000037	0.8016009495603316
9.677499999999904	0.8019950106282382
9.682499999999921	0.7953837242722527
9.6875	0.7930704415792429
9.69250000000008	0.7961800980650247
9.697500000000097	0.7842930634020119
9.702499999999965	0.7875644979481371
9.707499999999985	0.7845958652941718
9.71250000000006	0.7807388655295797
9.717500000000086	0.7789468013092172
9.72249999999995	0.7735094552439346
9.727499999999969	0.773287463942818
9.732500000000051	0.7714119383270518
9.73750000000007	0.7738760525496781
9.742499999999932	0.760943515081947
9.747499999999953	0.760305718635007
9.75250000000005	0.7581962044396462
9.75750000000007	0.7600926833886128
9.762499999999932	0.7524087119901604
9.76749999999995	0.7491286032382406
9.772500000000031	0.7490561084408831
9.777500000000051	0.7438633819671706
9.782499999999915	0.743874321955245
9.787499999999941	0.7428786667379496
9.792500000000016	0.7442719053608139
9.797500000000037	0.7361069731197788
9.8024999999999	0.7336478090508635
9.807499999999921	0.7293300240380896
9.8125	0.7334045680162352
9.81750000000008	0.7195008826718482
9.822500000000101	0.7206729611613085
9.827499999999965	0.7194096318682087
9.832499999999985	0.7141916720344752
9.83750000000006	0.7130145629638396
9.842500000000086	0.7078129537938034
9.847499999999949	0.7083057516932224
9.852499999999969	0.7037393348030945
9.857500000000051	0.6999412739358848
9.86250000000007	0.6939673875884655
9.867499999999932	0.6852210530519446
9.872499999999953	0.6906152780219195
9.87750000000005	0.682707457018355
9.88250000000007	0.6803205164461179
9.887499999999932	0.676859687431132
9.89249999999995	0.6723590088107061
9.897500000000031	0.6772145409750558
9.902500000000053	0.6699880690046399
9.907499999999914	0.663880539384467
9.912499999999941	0.6557923974723391
9.917500000000016	0.6657120279395641
9.922500000000039	0.6541652997075826
9.927499999999899	0.6622016057248246
9.932499999999921	0.6582528904971593
9.9375	0.6577279197140282
9.94250000000008	0.6520389165426211
9.947500000000105	0.6532708754282179
9.952499999999963	0.6513982783624522
9.957499999999985	0.646157065357192
9.962500000000064	0.6545220881123066
9.967500000000088	0.6454978632776921
9.972499999999949	0.6508022376009103
9.977499999999969	0.650725016719623
9.982500000000051	0.6548642667202489
9.987500000000072	0.6451044803271574
9.99249999999993	0.6479131015214448
9.997499999999953	0.6497363564343843
10.00250000000005	0.6520222870049851
10.007500000000071	0.6521829680759067
10.012499999999926	0.658817908863171
10.01749999999995	0.6565395430637767
10.022500000000031	0.6623766183710713
10.027500000000053	0.6629743810039591
10.032499999999914	0.6605331046541667
10.037499999999937	0.6678725127812969
10.042500000000016	0.6626529572071224
10.047500000000039	0.6728990259373763
10.052499999999897	0.6722447113324141
10.057499999999921	0.6737353593635963
10.0625	0.6787627390727402
10.06750000000008	0.6814766120948911
10.072500000000105	0.6847340111746416
10.077499999999963	0.682512411227776
10.082499999999985	0.6869024177909743
10.087500000000064	0.6929114338964378
10.092500000000088	0.6889869612418608
10.097499999999947	0.6880389157729105
10.102499999999969	0.6929950113548247
10.107500000000051	0.700815638216264
10.112500000000074	0.7038046241972805
10.11749999999993	0.703844804266425
10.122499999999953	0.7010624972612067
10.12750000000005	0.6997977657441045
10.132500000000071	0.7028919569014557
10.137499999999928	0.702960818542655
10.14249999999995	0.7093977513777299
10.147500000000033	0.7017954042855202
10.152500000000057	0.7027261988899292
10.157499999999912	0.7006916030177814
10.162499999999937	0.701883462974045
10.167500000000016	0.7063651063147348
10.17250000000004	0.6981755200796937
10.177499999999895	0.6990890697292089
10.182499999999921	0.7009591746813644
10.1875	0.7042764012919287
10.19250000000008	0.7038320456009093
10.197500000000106	0.698550953095527
10.202499999999961	0.6961880713281525
10.207499999999985	0.6934970298704115
10.212500000000064	0.6951574626396846
10.21750000000009	0.693164485279166
10.222499999999945	0.7009176472543451
10.227499999999969	0.6965178034891402
10.232500000000051	0.6956790547942794
10.237500000000074	0.7006470471425682
10.24249999999993	0.6969340684581895
10.247499999999953	0.6935865474295525
10.25250000000005	0.7018794553427851
10.257500000000071	0.6929505519267549
10.262499999999928	0.6930762884629471
10.26749999999995	0.695258641040156
10.272500000000031	0.6987351816109824
10.277500000000055	0.7025183109080247
10.282499999999914	0.6997413345231766
10.287499999999941	0.6968698098468032
10.292500000000015	0.7006853930370569
10.297500000000037	0.7010277262511767
10.302499999999895	0.7062926956929754
10.307499999999923	0.7003060495476949
10.3125	0.7010716160467292
10.317500000000079	0.7028115757436796
10.322500000000106	0.7043499571806784
10.327499999999965	0.7041905677064494
10.332499999999987	0.7020279824147249
10.337500000000059	0.6986431405487303
10.342500000000088	0.704078341347947
10.347499999999947	0.7017804833678027
10.35249999999997	0.6988403242865304
10.357500000000051	0.7036128396466288
10.362500000000074	0.6996941600791106
10.367499999999932	0.696133005302157
10.37249999999996	0.7030630942138797
10.377500000000042	0.6977847756218192
10.382500000000068	0.6945002232857629
10.387499999999928	0.692547667839193
10.39249999999995	0.6979891024729059
10.397500000000031	0.6883742346581979
10.402500000000058	0.6949776658199511
10.40749999999992	0.6869964104683006
10.412499999999945	0.6848226774346512
10.417500000000008	0.6862609749452182
10.422500000000033	0.6793776277252119
10.427499999999894	0.6777289876554211
10.432499999999923	0.6777160459551999
10.4375	0.6773572064240061
10.442500000000079	0.6702864867453346
10.447500000000108	0.6683066572630373
10.452499999999969	0.669624878755695
10.457499999999994	0.6668638703019089
10.462500000000055	0.662594400378436
10.467500000000081	0.6628824873881484
10.472499999999943	0.6647901233105683
10.47749999999997	0.6606985661916237
10.482500000000051	0.657848053360553
10.487500000000077	0.6622736359215236
10.492499999999938	0.6568272698380129
10.497499999999963	0.6571174012651662
10.502500000000039	0.6568059121681387
10.50750000000006	0.6540530003902428
10.512499999999923	0.6550799584072137
10.51749999999995	0.6610605119174777
10.522500000000031	0.6555765052180607
10.527500000000058	0.6501433835533473
10.532499999999924	0.6542779273923645
10.537499999999948	0.6510258859512896
10.542500000000004	0.6485927456754197
10.547500000000033	0.651199918356547
10.552499999999894	0.6435906434097485
10.55749999999992	0.6480616879074419
10.5625	0.6409551718885433
10.567500000000082	0.6410231021196345
10.57250000000011	0.6394468296203379
10.577499999999972	0.6354098995633968
10.582499999999998	0.6399199290668108
10.587500000000052	0.6356343292276035
10.592500000000078	0.632121635750779
10.597499999999943	0.6304793011061536
10.60249999999997	0.6245257784941355
10.607500000000051	0.6258110447122739
10.612500000000077	0.6143364459329631
10.617499999999943	0.6099504602643854
10.622499999999967	0.607174113478557
10.627500000000035	0.6069629577167364
10.632500000000059	0.6030750497792657
10.637499999999923	0.603825891543528
10.64249999999995	0.5957192491509334
10.647500000000031	0.5913206614189015
10.652500000000058	0.5876733026350253
10.657499999999924	0.5867772646898161
10.662499999999952	0.587551792215379
10.6675	0.5808602077295764
10.67250000000003	0.5823787642972439
10.677499999999892	0.5758361360126467
10.68249999999992	0.5722089741383556
10.6875	0.5717791813284779
10.692500000000082	0.5681489174937142
10.69750000000011	0.5674600096853379
10.70249999999998	0.5612629884618642
10.707500000000005	0.5542365844154612
10.712500000000047	0.5565147006652186
10.717500000000074	0.5544352886023545
10.722499999999943	0.5549269811868145
10.72749999999997	0.5511118528033716
10.732500000000051	0.5479181131871028
10.737500000000077	0.54569672605181
10.742499999999946	0.547211708198181
10.747499999999972	0.5431822895896284
10.752500000000023	0.5440580305045801
10.757500000000055	0.542016721062795
10.762499999999923	0.5427744298567984
10.76749999999995	0.5369705126114172
10.772500000000031	0.5408717108849587
10.777500000000058	0.5419388576165219
10.782499999999928	0.534026703514525
10.787499999999959	0.538333238550268
10.792499999999997	0.5387525780584483
10.797500000000023	0.5348821387030238
10.80249999999989	0.5278179370599214
10.80749999999992	0.5329643869624624
10.8125	0.5321752960061281
10.817500000000082	0.5332150133063113
10.822500000000112	0.5294821257069506
10.827499999999983	0.537921540847769
10.832500000000008	0.5276707443882053
10.837500000000041	0.526940330006807
10.84250000000007	0.5331930227661204
10.847499999999943	0.5314088841375436
10.85249999999997	0.5308042455568569
10.857500000000051	0.5337265628234432
10.862500000000079	0.5329545234192071
10.86749999999995	0.5295694966308914
10.872499999999983	0.5315923912373024
10.877500000000019	0.5389064706152289
10.882500000000052	0.5420865861304861
10.887499999999923	0.5424654680061604
10.89249999999995	0.5398477273702669
10.897500000000031	0.5406206534993383
10.902500000000058	0.5378188926516826
10.907499999999931	0.5454655089384818
10.912499999999962	0.5403369120691903
10.91749999999999	0.5501400877348072
10.922500000000019	0.5479954064784466
10.92749999999989	0.5473931387103812
10.93249999999992	0.5474343901797224
10.937500000000002	0.5478530195159339
10.942500000000082	0.5545344494215809
10.947500000000112	0.5509241212407868
10.952499999999983	0.5522542454286689
10.957500000000017	0.5509977546313299
10.962500000000038	0.5555832600023218
10.96750000000007	0.5531861889467935
10.97249999999994	0.5582737660999576
10.97749999999997	0.556240585737864
10.982500000000051	0.5637754928054358
10.987500000000082	0.558846323688183
10.992499999999955	0.5640713698458968
10.997499999999986	0.5610930011665426
11.002500000000015	0.5633575118430574
11.007500000000046	0.5632062978107226
11.01249999999992	0.5665695636721392
11.01749999999995	0.571167217446921
11.022500000000031	0.564909811100059
11.027500000000062	0.5731288996216822
11.032499999999935	0.5717804998935812
11.037499999999966	0.5706568293674426
11.04249999999998	0.572141045937083
11.047500000000015	0.5744861385054185
11.052499999999888	0.5755692184698147
11.05749999999992	0.5758740939173299
11.062500000000002	0.5736061239309856
11.067500000000082	0.5766782140886447
11.072500000000113	0.5748062401530366
11.077499999999986	0.5745206527475805
11.082500000000021	0.5682391671420223
11.087500000000034	0.572651708037679
11.092500000000063	0.5717928523891068
11.09749999999994	0.5713388687268471
11.10249999999997	0.5655950821173937
11.107500000000051	0.5663066947006613
11.112500000000082	0.567004601813041
11.117499999999959	0.5608408469531303
11.12249999999999	0.5613106473744667
11.127500000000012	0.5628254079587657
11.132500000000043	0.5582489561596367
11.137499999999916	0.5536197871589346
11.14249999999995	0.5546999994862304
11.147500000000031	0.5550387592708843
11.152500000000062	0.5500851958064423
11.15749999999994	0.5501487881063669
11.162499999999973	0.5545029285614288
11.167499999999977	0.5431379514023168
11.172500000000012	0.543206928805279
11.177499999999888	0.5419375076741697
11.18249999999992	0.5411518910913972
11.187500000000002	0.5445429249827594
11.192500000000082	0.5408946477336669
11.197500000000113	0.5354989816199434
11.202499999999993	0.5403494401097015
11.207500000000024	0.5360185852004532
11.212500000000029	0.535576575623116
11.217500000000058	0.5334475460680421
11.22249999999994	0.5333190992008187
11.22749999999997	0.5335371454661262
11.232500000000051	0.5335874768435197
11.237500000000086	0.5331723858854021
11.242499999999962	0.5301721396776237
11.247499999999997	0.5301532654185097
11.252500000000005	0.531299868316165
11.25750000000004	0.5272034455373381
11.262499999999916	0.5215111899403209
11.267499999999947	0.5253309070958762
11.272500000000031	0.5282073158451178
11.277500000000066	0.5280587739964774
11.282499999999944	0.5255677008154224
11.287499999999977	0.5237900794051907
11.29249999999997	0.527684345063793
11.297500000000005	0.5257305865008952
11.302499999999887	0.5225421893997485
11.30749999999992	0.5229164798654962
11.312500000000002	0.5238312592614821
11.317500000000082	0.5232156544423647
11.322500000000115	0.5253734135425525
11.327499999999997	0.5233016841805305
11.332500000000032	0.5193805275127436
11.337500000000023	0.5176219623283843
11.342500000000054	0.5223633520660198
11.347499999999936	0.5154351799170904
11.35249999999997	0.5187908208188377
11.357500000000055	0.5232845538084469
11.362500000000086	0.515031742430216
11.367499999999964	0.5166766635569937
11.3725	0.5160943503341597
11.377500000000001	0.515838626812892
11.382500000000036	0.5140138760427568
11.387499999999912	0.5079762228516228
11.392499999999947	0.5113829218151775
11.397500000000031	0.5063548290009044
11.402500000000066	0.5060498552626639
11.407499999999947	0.5083260857350427
11.41249999999998	0.5060306527021317
11.417499999999967	0.5072511925486598
11.422500000000001	0.5024554958831617
11.427499999999887	0.5045070101812201
11.432499999999916	0.4986500887694169
11.437500000000002	0.49762705566179916
11.442500000000086	0.4973302893145259
11.447500000000115	0.5004931371988673
11.4525	0.4956698588002905
11.457500000000035	0.4903959037199231
11.46250000000002	0.49074762647034204
11.467500000000054	0.4834825765375181
11.472499999999936	0.4880044486817452
11.47749999999997	0.4873621375089516
11.482500000000055	0.48950789580442017
11.48750000000009	0.48618302855511075
11.492499999999968	0.4806630168776706
11.497500000000004	0.48283123809219114
11.502499999999998	0.4827530573530539
11.507500000000034	0.47974056752141886
11.512499999999912	0.4797216584542105
11.517499999999947	0.4789986924318271
11.522500000000031	0.47461284364858775
11.527500000000066	0.4740992075505012
11.532499999999951	0.47440160118855346
11.537499999999984	0.47376422711676314
11.542499999999963	0.4751286301414079
11.547500000000001	0.46878767419700373
11.552499999999883	0.4720269250664745
11.557499999999916	0.4716073223828693
11.562500000000002	0.4660400860803689
11.567500000000086	0.4663463779986193
11.572500000000119	0.46602220695177393
11.577500000000004	0.46382201010874835
11.582500000000039	0.46296136757865547
11.587500000000016	0.4634255978529166
11.59250000000005	0.46128884512338564
11.597499999999933	0.4585509511337584
11.60249999999997	0.45883826435257463
11.607500000000055	0.45862190274596054
11.61250000000009	0.4565182890484312
11.617499999999973	0.45864729563229983
11.622500000000008	0.4565469389205179
11.627499999999994	0.45632147283466157
11.632500000000029	0.4576099054690227
11.637499999999912	0.4544589014439512
11.642499999999947	0.45573527362514415
11.647500000000031	0.45400082118877505
11.65250000000007	0.4546761033488522
11.657499999999951	0.4495872576295286
11.662499999999987	0.452080773238502
11.667499999999963	0.4533196947445254
11.672499999999998	0.45283192774454284
11.677499999999883	0.4490315145873161
11.682499999999916	0.45509163466987496
11.687500000000002	0.45611359778504784
11.692500000000086	0.4543355662748056
11.697500000000119	0.4495445855019051
11.702500000000004	0.44748894210177564
11.707500000000042	0.45240294557364463
11.712500000000011	0.45066641902213345
11.717500000000044	0.4505890264136188
11.722499999999933	0.4478374221379932
11.72749999999997	0.45579984613672964
11.732500000000055	0.45405474186771916
11.73750000000009	0.45517656585822525
11.742499999999977	0.45460333498788447
11.747500000000015	0.4527213362738618
11.752499999999987	0.455607366879224
11.757500000000025	0.45605882983407714
11.762499999999912	0.45716248103072227
11.767499999999947	0.45859037491999216
11.772500000000031	0.45908112910585713
11.77750000000007	0.4554775584570476
11.782499999999958	0.4557853679009762
11.787499999999994	0.4570355029961898
11.79249999999996	0.4575469127165615
11.797499999999994	0.4601348941548861
11.80249999999988	0.46390761172884154
11.807499999999916	0.4578002661341619
11.812500000000002	0.457045817348041
11.817500000000086	0.4582659993127022
11.822500000000124	0.46005503604354253
11.827500000000008	0.45779285949425536
11.832500000000042	0.4640645845605897
11.837500000000007	0.465843702164653
11.84250000000004	0.4648168318886578
11.847499999999933	0.46121639941730674
11.85249999999997	0.4656409255002553
11.857500000000055	0.46627662601046405
11.86250000000009	0.46747832666038946
11.867499999999978	0.4645287313920986
11.872500000000018	0.4636567438533137
11.877499999999984	0.46688547943526193
11.882500000000022	0.4628660029755015
11.887499999999912	0.46386220328791783
11.892499999999947	0.46346159063059866
11.897500000000031	0.46464680430990163
11.90250000000007	0.46367181628149173
11.907499999999962	0.4643022006424173
11.912499999999996	0.4609196748690683
11.917499999999952	0.4619539372531678
11.922499999999987	0.46255190227361026
11.92749999999988	0.46235473327731935
11.932499999999916	0.466134829440685
11.937500000000002	0.45816679767404156
11.942500000000086	0.4609511379393302
11.947500000000124	0.4619686669297943
11.952500000000015	0.46012744553773327
11.95750000000005	0.46426146782322675
11.962500000000004	0.4594111060024001
11.96750000000004	0.4588800854244879
11.972499999999933	0.4555864961543282
11.977499999999969	0.4585235926488855
11.982500000000055	0.4550256903343635
11.987500000000093	0.45690998446410525
11.992499999999984	0.28721035721075155