0.0024999999999999745	0.
0.0074999999999999616	0.
0.012500000000000094	0.
0.017500000000000057	0.
0.02250000000000007	0.
0.027499999999999896	0.
0.0325000000000002	0.
0.03749999999999977	0.
0.04250000000000032	0.
0.04749999999999974	0.
0.052499999999999776	0.
0.057500000000000065	0.
0.0625	0.
0.06749999999999981	0.
0.0725000000000006	0.
0.0775000000000004	0.
0.08249999999999974	0.
0.08749999999999934	0.
0.09250000000000054	0.
0.09749999999999949	0.
0.10249999999999931	0.
0.10750000000000105	0.
0.11249999999999956	0.
0.11749999999999976	0.
0.12250000000000044	0.
0.1274999999999995	0.
0.13250000000000026	0.
0.1375000000000009	0.
0.1424999999999988	0.
0.14750000000000077	0.
0.15250000000000158	0.
0.15749999999999922	0.
0.1625000000000009	0.
0.16749999999999887	0.
0.17249999999999954	0.
0.17750000000000007	0.
0.18249999999999958	0.
0.18750000000000003	0.
0.19250000000000023	0.
0.19750000000000048	0.
0.2025000000000005	0.
0.20750000000000013	0.
0.21250000000000063	0.
0.21750000000000086	0.
0.22249999999999787	0.
0.22750000000000137	0.
0.2325000000000014	0.
0.2374999999999983	0.
0.24250000000000219	0.
0.24750000000000136	0.
0.2524999999999986	0.
0.2574999999999976	0.
0.2625000000000018	0.
0.2674999999999986	0.
0.2724999999999978	0.
0.2775000000000024	0.
0.28249999999999914	0.
0.28749999999999815	0.
0.2925000000000011	0.
0.29749999999999954	0.
0.30249999999999794	0.
0.30750000000000166	0.
0.3125	0.
0.3174999999999983	0.
0.3225000000000022	0.
0.3275000000000001	0.
0.33249999999999913	0.
0.33750000000000246	0.
0.34250000000000097	0.
0.3474999999999975	0.
0.3525000000000018	0.
0.35750000000000004	0.
0.36249999999999954	0.
0.3675000000000037	0.
0.3725000000000017	0.
0.37749999999999834	0.
0.3824999999999962	0.
0.3874999999999996	0.
0.3925000000000011	0.
0.39749999999999935	0.
0.4025000000000028	0.
0.40749999999999903	0.
0.41249999999999704	0.
0.41749999999999865	0.
0.42250000000000293	0.
0.42750000000000066	0.
0.4325000000000024	0.
0.43750000000000006	0.
0.44249999999999756	0.
0.447499999999999	0.
0.45249999999999646	0.
0.4575000000000023	0.
0.46250000000000335	0.
0.4675000000000011	0.
0.47249999999999726	0.
0.47749999999999937	0.
0.48249999999999676	0.
0.4875000000000027	0.
0.4925000000000046	0.
0.49750000000000183	0.
0.5024999999999983	0.
0.5074999999999955	0.
0.5124999999999971	0.
0.5175000000000038	0.
0.5225000000000014	0.
0.527500000000003	0.
0.5324999999999991	0.
0.5374999999999964	0.
0.5424999999999967	0.
0.5475000000000055	0.
0.5525000000000027	0.
0.557500000000003	0.
0.5625	0.
0.5674999999999971	0.
0.5724999999999973	0.
0.5774999999999942	0.
0.5825000000000039	0.
0.5875000000000038	0.
0.592500000000001	0.
0.597499999999997	0.
0.6024999999999978	0.
0.6074999999999947	0.
0.6125000000000044	0.
0.617500000000005	0.
0.6225000000000019	0.
0.6274999999999981	0.
0.6324999999999951	0.
0.6374999999999953	0.
0.6425000000000055	0.
0.6475000000000023	0.
0.6525000000000024	0.
0.6574999999999999	0.
0.6624999999999969	0.
0.6674999999999965	0.
0.6725000000000069	0.
0.6775000000000037	0.
0.6825000000000032	0.
0.6875000000000001	0.
0.6924999999999969	0.
0.6974999999999962	0.
0.702499999999993	0.
0.7075000000000023	0.
0.7125000000000014	0.
0.7174999999999979	0.
0.7225000000000003	0.
0.7275000000000003	0.
0.7324999999999974	0.
0.7375000000000056	0.
0.7425000000000054	0.
0.7475000000000019	0.
0.7524999999999981	0.
0.7574999999999947	0.
0.7624999999999943	0.
0.7675000000000021	0.
0.7724999999999987	0.
0.7774999999999981	0.
0.7825000000000042	0.
0.7875000000000011	0.
0.7925	0.
0.7975000000000081	0.
0.8025000000000045	0.
0.8075000000000034	0.
0.8125000000000001	0.
0.8174999999999967	0.
0.8224999999999953	0.
0.827499999999992	0.
0.8324999999999992	0.
0.8374999999999978	0.
0.8424999999999944	0.
0.8475000000000039	0.
0.8525000000000033	0.
0.8574999999999998	0.
0.8625000000000065	0.
0.8675000000000056	0.
0.872500000000002	0.
0.8774999999999981	0.
0.8824999999999945	0.
0.8874999999999934	0.
0.8924999999999996	0.
0.897499999999996	0.
0.9024999999999946	0.
0.9075000000000072	0.
0.912500000000004	0.
0.9175000000000024	0.
0.9225000000000089	0.
0.927500000000005	0.
0.9325000000000037	0.
0.9375000000000001	0.
0.9424999999999965	0.
0.9474999999999947	0.
0.9524999999999911	0.
0.957499999999997	0.
0.9624999999999952	0.
0.9674999999999914	0.
0.9725000000000066	0.
0.9775000000000055	0.
0.9825000000000021	0.
0.9875000000000069	0.0015444224811614982
0.9925000000000058	0.02140461089886812
0.9975000000000022	0.05297641645636393
1.002499999999998	0.11838554548900894
1.0074999999999943	0.30416140891921445
1.012499999999993	0.4612962805536831
1.0174999999999979	0.6560668337104868
1.0224999999999942	0.7649063626587623
1.0274999999999923	0.850203704261009
1.03250000000001	0.9338169254928734
1.0375000000000063	0.9514218313965814
1.0425000000000042	0.9492461903837688
1.0475000000000094	1.041775498865999
1.0525000000000058	1.0754066281719228
1.0575000000000037	1.0666080856043398
1.0625	0.9765481313397527
1.0674999999999966	1.0705074860995782
1.0724999999999945	1.0788798316478274
1.0774999999999906	0.9858696713740799
1.0824999999999951	1.0114848943742798
1.0874999999999932	1.0455025875267876
1.0924999999999896	1.0081946328842026
1.097500000000009	1.0602964184967274
1.1025000000000071	1.032115527873046
1.1075000000000035	1.0473746900035352
1.1125000000000076	1.1000410990379907
1.117500000000006	1.0588635022429915
1.122500000000002	1.0279364945854301
1.1274999999999982	1.0733358518572362
1.1324999999999943	1.0803188443488356
1.1374999999999929	1.0557109552518056
1.1424999999999963	1.0730280848102471
1.1474999999999926	0.9973593433981809
1.1524999999999905	1.0726297501715385
1.1575000000000117	1.004930657026775
1.1625000000000079	1.1367234786519083
1.167500000000006	1.0960704795493736
1.1725000000000099	0.9903377198903188
1.1775000000000062	1.0558082031120892
1.1825000000000039	1.021049137101611
1.1875	0.9964488647456363
1.1924999999999963	1.043181964571263
1.1974999999999938	1.0397400443965612
1.2024999999999904	1.0748556722320333
1.2074999999999938	1.0463471534017048
1.2124999999999915	1.03363762005195
1.217499999999988	1.0759662801154495
1.2225000000000108	1.0399743009204505
1.2275000000000087	1.0275211353517402
1.2325000000000048	0.9944151510859652
1.2375000000000076	1.0247500875806261
1.2425000000000062	1.0613943357792999
1.247500000000002	1.086774194327041
1.2524999999999982	1.0435535730973082
1.257499999999994	1.0009846267252904
1.2624999999999922	1.0148040488680503
1.2674999999999952	1.0752468275792637
1.2724999999999913	1.0565825693397033
1.277499999999989	1.0750899560681144
1.2825000000000133	1.0502419742347227
1.2875000000000092	1.0348322480705132
1.2925000000000069	1.0475764677646326
1.2975000000000099	1.1164533110673986
1.3025000000000064	1.0510828652893895
1.3075000000000039	1.0157495395714309
1.3125	1.0945772834255496
1.3174999999999963	1.048976558263216
1.3224999999999938	1.0367543335744382
1.32749999999999	1.0588708304507137
1.332499999999993	1.0551803294637592
1.3374999999999904	1.0228911990203162
1.3424999999999865	0.9868747970219108
1.3475000000000092	0.9737585905578756
1.3525000000000067	1.0151478182883926
1.3575000000000024	1.044460301011776
1.362500000000005	1.0116591068812557
1.3675000000000024	1.033267462496515
1.3724999999999983	0.9585951949485829
1.3775000000000022	1.0207009709198693
1.3824999999999983	1.0314546649496525
1.387499999999996	1.0866183713664108
1.3924999999999987	1.074168857257863
1.397499999999995	1.0287100539208074
1.402499999999993	1.0213883051966801
1.4075000000000144	1.08940704087005
1.4125000000000107	1.0552881371303278
1.4175000000000082	1.0051327959753638
1.4225000000000108	1.0412474920947024
1.4275000000000069	1.044313122338071
1.4325000000000039	1.0671266243474773
1.4375000000000002	1.067733161738953
1.4424999999999963	1.0400780734338197
1.4474999999999933	1.038655491553496
1.4524999999999895	1.057215687311824
1.4574999999999916	1.0272876896954053
1.462499999999989	1.0456239743393616
1.4674999999999854	1.0566935962655348
1.4725000000000055	1.0564755266144263
1.477500000000003	1.0762432879090273
1.4824999999999993	1.058031825472984
1.4875000000000007	1.0175788836691295
1.492499999999998	1.0094201575876802
1.4974999999999936	1.0208237686631214
1.5025000000000066	1.0287178194474065
1.5075000000000027	1.012627146225087
1.5125000000000004	0.9894846688481322
1.5175000000000023	1.0241774666073524
1.5224999999999984	0.9986196919572201
1.5274999999999956	1.0430851966885744
1.5325000000000157	1.0401374884307293
1.5375000000000116	1.0282865373282934
1.542500000000009	0.9804872334270237
1.5475000000000108	0.9930284428702835
1.5525000000000069	1.0016388950003026
1.5575000000000039	1.0498527136324172
1.5625000000000002	1.0382093709084232
1.5674999999999961	1.0199505250978784
1.5724999999999933	1.0323555087858978
1.577499999999989	1.0270320440497924
1.5824999999999911	1.0325800920169446
1.5874999999999881	0.996803307896768
1.5924999999999843	0.9834274917406255
1.5975000000000028	1.0280336103615466
1.6024999999999998	0.9764703490962785
1.6074999999999957	1.0595777176059846
1.6124999999999972	0.9904614273245984
1.6174999999999948	0.9924064726472801
1.6224999999999905	1.0520908068669286
1.6275000000000097	1.0314215422382988
1.6325000000000065	1.0522385494673034
1.637500000000004	1.0154925054186548
1.6425000000000052	1.036115405849671
1.6475000000000013	1.016519093797259
1.6524999999999983	1.0010012340781729
1.6575000000000164	1.036633827184991
1.662500000000013	1.0233241037862049
1.6675000000000095	1.0090718607588192
1.6725000000000112	1.0127388499502017
1.6775000000000069	1.0495266374106935
1.682500000000004	1.0135046970841222
1.6875000000000002	1.062510687480035
1.6924999999999961	1.0604482477216237
1.6974999999999933	1.000376093696004
1.702499999999989	1.0090575202053174
1.7074999999999907	1.0641105194415585
1.7124999999999873	1.0019292413999863
1.7174999999999834	1.0425651191112428
1.7225000000000001	1.0116488304038447
1.7274999999999974	0.9982311618770894
1.7324999999999933	1.0180673514075889
1.737499999999994	1.0157085274249213
1.742499999999991	1.0480810692386453
1.7474999999999867	1.0593533958043109
1.7525000000000135	1.010654921245043
1.7575000000000096	1.0088132588197942
1.7625000000000066	1.022005693265682
1.7675000000000078	0.9964662485648079
1.772500000000004	1.0320779635541215
1.7775000000000007	1.077283939141548
1.7825000000000173	1.0044142048707823
1.7875000000000134	0.9874904274612493
1.79250000000001	1.0133940043789937
1.7975000000000112	0.9951786547019409
1.8025000000000069	1.0137694718246966
1.807500000000004	1.0491959850712402
1.8125000000000002	1.0145334232415848
1.8174999999999961	1.0281078719022976
1.822499999999993	1.0066045270525674
1.827499999999989	0.9600677257928947
1.8324999999999902	1.022557791224906
1.8374999999999868	1.0259214820062297
1.8424999999999825	1.0664990057675718
1.8474999999999984	1.0426434363190165
1.8524999999999952	1.0027917644942443
1.857499999999991	1.0231538703381495
1.8624999999999914	1.0042088865833958
1.8674999999999884	1.0178396229439344
1.872499999999984	1.0102634888753323
1.8775000000000162	1.017279981993307
1.8825000000000118	1.0424820224344622
1.8875000000000093	0.9955383352102412
1.8925000000000096	1.0083664811328283
1.8975000000000057	1.0001312717564912
1.902500000000003	1.0181825265596953
1.907500000000018	1.0012621003451987
1.9125000000000139	1.0141507776096286
1.9175000000000109	1.0072303153784767
1.9225000000000112	1.0305216940414557
1.9275000000000073	1.006535168357757
1.9325000000000043	1.01625464701103
1.9375000000000002	1.0487287428888958
1.9424999999999961	1.0142000356778804
1.947499999999993	1.002248535897026
1.9524999999999886	1.0026527435222472
1.9574999999999894	1.022691781270691
1.9624999999999864	1.0448600857936328
1.967499999999982	1.0123223554035277
1.972499999999996	0.9990678863541316
1.9774999999999932	1.0259879401794962
1.9824999999999888	1.013538628403685
1.9874999999999892	1.0240773383169766
1.9924999999999862	1.021220251754525
1.9974999999999818	0.9798782921142675
2.0025000000000186	1.0219379280861594
2.007500000000014	1.005268788352875
2.0125000000000113	1.0281687156329027
2.017500000000012	0.9808975952484851
2.0225000000000075	1.0500584898154373
2.0275000000000047	1.015209869324883
2.032500000000019	1.0149605321383293
2.0375000000000143	0.9784232064805904
2.0425000000000115	1.05089447632493
2.047500000000012	1.0252910899613221
2.0525000000000073	1.0052868951585452
2.057500000000004	0.9854648056480912
2.0625	1.0107860432117783
2.0674999999999963	1.0354987742113657
2.072499999999993	1.0126261793429745
2.0774999999999886	1.0196219782011462
2.082499999999989	1.0595299316885851
2.087499999999986	1.0033099310978921
2.0924999999999816	1.0308532729496922
2.097499999999995	0.998900876186212
2.102499999999991	1.024136899065249
2.107499999999987	0.9897829670309801
2.1124999999999874	1.0009646952622107
2.1174999999999837	1.0110222350277627
2.1224999999999796	1.0072674135551332
2.127500000000021	1.0461270962801101
2.1325000000000163	0.9908879834316222
2.1375000000000135	1.038998726293526
2.142500000000014	0.9862530723518043
2.1475000000000093	1.043387363030542
2.1525000000000065	1.0109161266003233
2.1575000000000193	1.0240311375735422
2.1625000000000147	1.021877642790301
2.1675000000000115	1.0162068276504614
2.172500000000012	1.0105773323158664
2.1775000000000073	1.0183293264268096
2.182500000000004	1.0462351905886855
2.1875	1.0150201355089188
2.1924999999999963	0.9859584236281003
2.197499999999993	0.9948875115672309
2.2024999999999886	0.9819930687671105
2.2074999999999885	1.055123164506269
2.2124999999999853	1.0051332553311438
2.217499999999981	1.011937869741248
2.2224999999999935	1.0223299456341683
2.22749999999999	1.0289762281098036
2.2324999999999857	1.0065440065910882
2.237499999999985	1.0110752860079837
2.242499999999982	1.0224443622973012
2.247499999999978	1.033106062729133
2.2525000000000226	1.0172450330295104
2.257500000000019	0.9787592596567584
2.2625000000000153	1.0153338328790977
2.2675000000000147	1.0152547781454933
2.272500000000011	1.0306230169508142
2.277500000000008	1.0121658683957149
2.2825000000000197	1.0138069659486555
2.287500000000015	1.018877882503231
2.2925000000000124	0.9966713354203357
2.2975000000000123	1.0003269086067108
2.3025000000000078	1.0073503322945525
2.307500000000004	1.0253347412555505
2.3125	1.0524481208211018
2.3174999999999963	0.9963153112733427
2.3224999999999927	1.0316777892810516
2.327499999999988	1.029474081013015
2.332499999999988	1.0242347445884668
2.3374999999999853	1.0259216983422141
2.3424999999999807	1.0075492212178665
2.3474999999999917	1.005174841272765
2.352499999999988	1.0237657936749665
2.3574999999999844	0.9939556633038754
2.362499999999984	1.0526243326194265
2.3674999999999806	1.0336733052447222
2.3724999999999765	1.0271804862619593
2.377500000000024	1.038851030863169
2.3825000000000203	1.0204331366284178
2.387500000000017	1.031223694345947
2.392500000000017	1.0282335144709804
2.397500000000013	1.0126826288504571
2.4025000000000087	1.0191697870986587
2.4075000000000197	1.0315707284727393
2.412500000000015	1.034803421037835
2.417500000000013	0.99470759854234
2.4225000000000123	1.031410460642745
2.427500000000008	1.0238434716312534
2.432500000000004	1.0010582446126595
2.4375	1.0385270529314652
2.4424999999999963	1.0047430870721634
2.4474999999999922	1.0142186516985507
2.452499999999988	1.0213551285153866
2.4574999999999876	1.0042357502292176
2.4624999999999853	1.0230112639628488
2.4674999999999803	1.00724367569693
2.472499999999991	0.9967686747942905
2.477499999999987	1.0187582114573481
2.482499999999983	1.0034171858479106
2.4874999999999825	0.9964666413634035
2.4924999999999784	1.0428964223510957
2.4974999999999743	1.018925809909684
2.502500000000026	1.0119723943831758
2.507500000000022	0.9985989820541594
2.5125000000000184	1.019679022515176
2.517500000000018	0.9992361792106859
2.5225000000000137	1.0236815381444835
2.52750000000001	1.0276510019999228
2.53250000000002	1.0064550161942556
2.537500000000016	1.0008553045719222
2.542500000000013	1.0230164687024454
2.5475000000000123	1.0150595115752135
2.552500000000008	1.030966300237197
2.557500000000004	1.0151960677518839
2.5625	1.02041250222179
2.567499999999997	1.0047903013003516
2.5724999999999927	1.0152256243051312
2.577499999999989	1.029653018391686
2.5824999999999876	0.9945068193211649
2.5874999999999857	1.0142864749559024
2.5924999999999807	0.9937959226692202
2.5974999999999913	0.9953308771497593
2.602499999999986	1.021528839646646
2.6074999999999844	0.9992296469624186
2.6124999999999807	1.0095309052999741
2.61749999999998	1.0175480332118048
2.6224999999999734	1.002284555667035
2.627500000000027	0.9707685134516436
2.6325000000000194	1.0398873688361527
2.6375000000000193	0.9974115585344212
2.6425000000000147	1.018659583152076
2.6475000000000146	1.0150304560302121
2.6525000000000074	1.0186993809046254
2.6575000000000206	1.0204142591902114
2.6625000000000125	0.999801567900339
2.667500000000013	1.0098146904555187
2.6725000000000074	1.021643739661163
2.6775000000000078	1.007957938396791
2.682499999999999	1.0033667240357003
2.6875	0.9971345208917235
2.6925000000000012	0.9973817296052329
2.6974999999999927	1.0147991934156524
2.702499999999995	1.0279568495053475
2.7074999999999876	1.029710780223723
2.71249999999999	1.0271462654592591
2.71749999999998	1.0370339643577042
2.7224999999999957	1.0009209046078504
2.727499999999986	1.0112233833161703
2.732499999999988	0.9859434041911305
2.73749999999998	0.9801343962412351
2.742499999999983	1.0144088835613878
2.7474999999999725	1.0051338344158804
2.752500000000028	1.0142077637225648
2.7575000000000167	1.008354375141595
2.7625000000000206	0.9991817351291985
2.7675000000000116	1.0122887541821537
2.7725000000000155	1.009424585474679
2.777500000000003	0.9903708771035934
2.7825000000000206	1.0165767989221475
2.787500000000008	1.0245627009655214
2.792500000000013	1.0122060558098873
2.797500000000002	1.014556754913438
2.8025000000000078	1.0122820955025171
2.8074999999999943	1.0100171899594361
2.8125000000000004	1.02242241054458
2.817500000000006	1.0043780772626516
2.8224999999999927	1.0140561553720921
2.8274999999999992	1.0246014581876808
2.8324999999999867	1.0072840791359101
2.8374999999999946	0.9998091521841408
2.84249999999998	1.0223905447033914
2.8474999999999993	1.008030088922805
2.852499999999984	0.9809925368641496
2.8574999999999915	1.0033849020983674
2.862499999999978	1.015322054656921
2.867499999999987	0.992186065881672
2.8724999999999716	1.0371039686911172
2.8775000000000297	1.0138587220389326
2.8825000000000127	1.0081693612147784
2.8875000000000224	1.011364311357069
2.892500000000008	1.0093109010667305
2.8975000000000173	1.0002694830124674
2.9024999999999994	0.993787113651305
2.9075000000000215	1.0010614316467479
2.9125000000000036	1.027632424369465
2.9175000000000137	1.0205743925304727
2.9224999999999985	1.0147929315811195
2.9275000000000078	1.0120324001574559
2.93249999999999	1.0325773139595633
2.9375000000000004	1.010215245248068
2.9425000000000106	1.0180913035482497
2.9474999999999927	1.0323222437449502
2.9525000000000037	1.000840481815624
2.9574999999999867	1.008134646886791
2.962499999999999	1.0354514387199114
2.967499999999979	1.026492272353075
2.972500000000002	1.0116217204590563
2.977499999999983	1.0275931328247345
2.982499999999995	1.0155158500122863
2.987499999999978	1.0119507362756655
2.9924999999999904	0.9756087740428874
2.99749999999997	1.0204633478161076
3.002500000000031	1.0174015883025531
3.007500000000009	1.0075277858247642
3.0125000000000233	1.032398207068598
3.0175000000000045	0.9990415086722823
3.0225000000000173	0.9973874694569588
3.027499999999996	1.0000110452126598
3.0325000000000215	1.0258675269019477
3.0375	1.0014358787789461
3.0425000000000137	1.0232024570362093
3.047499999999994	1.0224423175719883
3.052500000000008	1.0192571701178994
3.0574999999999863	1.0239815025331829
3.0625000000000004	0.9769631104733659
3.067500000000015	1.015875556174998
3.0724999999999927	1.0305994116746295
3.0775000000000072	1.0277303652548504
3.0824999999999867	1.0133038432571808
3.0875000000000026	0.993751664664976
3.092499999999979	1.010855586684184
3.0975000000000055	1.0295706595915537
3.1024999999999823	0.991988950547281
3.107499999999999	1.0204595705644044
3.112499999999977	1.0246457645536406
3.117499999999993	1.0326739510148428
3.122499999999969	1.0043457113698013
3.127500000000032	0.9988273364909052
3.1325000000000065	1.0160544659339725
3.1375000000000233	1.0033330139117256
3.142500000000001	0.9969401155826136
3.147500000000018	1.0244839021198207
3.152499999999993	1.0051733528801676
3.1575000000000224	0.9920223533044787
3.1624999999999956	0.9872315752713803
3.1675000000000137	1.0108367573955903
3.1724999999999905	1.0178283126066885
3.177500000000008	0.9977718315545925
3.182499999999982	1.003858371754134
3.1875000000000004	1.0287272539238976
3.1925000000000185	1.0318614616591084
3.1974999999999922	0.9915158177266922
3.2025000000000112	1.0186724964300813
3.2074999999999867	0.9942726892927437
3.2125000000000057	1.005481565678281
3.217499999999978	1.0083236450751323
3.2225000000000095	1.014623957613172
3.2274999999999823	1.0273865256701313
3.2325000000000013	1.0206073505678182
3.2374999999999763	1.0250728138637395
3.2424999999999957	1.0263544989046751
3.247499999999968	1.0084875917835794
3.252500000000033	1.0307304859334954
3.2575000000000047	1.0010279436955878
3.262500000000024	1.0057442182407383
3.2674999999999987	1.0205834216450476
3.272500000000019	1.0105762072578521
3.27749999999999	1.0034293120467102
3.2825000000000224	1.0104385859773242
3.2874999999999925	1.0109904687290905
3.2925000000000137	1.0063940073782067
3.2974999999999866	1.0130398172612682
3.302500000000008	1.0094222947165497
3.3074999999999783	0.9949460162792648
3.3125000000000004	1.0156898548517337
3.3175000000000225	1.0051042422317071
3.3224999999999922	1.0323689260300752
3.327500000000015	1.0119940910604561
3.3324999999999867	0.9899738288395592
3.3375000000000092	1.0162145122030513
3.342499999999978	1.0077843991051003
3.3475000000000112	1.0123025023600778
3.3524999999999814	1.019067182462921
3.3575000000000044	1.0185726622682814
3.3624999999999745	1.0075534751895405
3.3674999999999984	1.0028371936014457
3.3724999999999676	1.0080755576405929
3.3775000000000333	1.0106380647270163
3.382500000000001	1.0214739199747376
3.387500000000026	1.011111008188471
3.3924999999999956	1.0230506272649713
3.397500000000019	0.9987744799650641
3.4024999999999874	0.9908977924050428
3.4075000000000224	1.022235059278898
3.41249999999999	1.0277774064508858
3.4175000000000137	1.0053006368259634
3.422499999999983	1.021780177974819
3.427500000000008	1.0153398433023468
3.4324999999999766	1.002030052698974
3.4375000000000004	1.0147941013943282
3.442500000000026	1.00854419988762
3.4474999999999922	1.0086620776096682
3.4525000000000174	1.0018258155453432
3.4574999999999867	1.017954012765327
3.4625000000000123	1.0162724047528635
3.467499999999978	0.9978115770340573
3.472500000000015	1.0094283862710896
3.4774999999999814	1.0049087193030597
3.482500000000006	1.0005350105994308
3.4874999999999745	1.0266434941321907
3.4925	0.997406504841149
3.497499999999967	1.0220123520969833
3.5025000000000337	0.9946656687042993
3.5074999999999994	1.0138671326108988
3.512500000000027	0.9958460681202633
3.5174999999999934	1.000320347231022
3.52250000000002	1.0201802049785593
3.5274999999999856	0.9979247492741645
3.5325000000000224	1.0212918321370867
3.5374999999999868	1.0128707010017879
3.5425000000000137	1.0174542107637587
3.5474999999999812	1.0056126654772812
3.552500000000008	1.0123308533583517
3.5574999999999726	1.0009191424168593
3.5625000000000004	0.9983488517361461
3.567500000000028	0.9875055781584257
3.5724999999999922	1.0092881572654642
3.57750000000002	0.9882293905115798
3.5824999999999867	0.9954472462691394
3.5875000000000146	1.0053124949959682
3.592499999999978	0.9880460521403618
3.5975000000000175	0.992632766923422
3.6024999999999805	1.0125084074716824
3.607500000000009	1.0113238317339113
3.6124999999999736	1.0007941071783708
3.6175000000000033	1.0065458798408933
3.622499999999965	0.9816187967016589
3.6275000000000355	1.0019196228771876
3.6324999999999967	1.000304691192572
3.637500000000027	0.9998330901116845
3.642499999999991	1.0133222922284553
3.64750000000002	1.0090744544294108
3.652499999999983	1.010039065662963
3.6575000000000224	1.0144847047736345
3.6624999999999837	0.9857809764344294
3.6675000000000146	1.0187013257758426
3.6724999999999777	1.0045395078503168
3.677500000000008	1.004148378144081
3.68249999999997	0.9855419111216941
3.6875000000000004	1.0175384828550305
3.6925000000000314	1.0056165817844662
3.6974999999999922	1.0181008120254187
3.7025000000000228	1.0139246855981054
3.707499999999986	1.0039603296834652
3.7125000000000177	1.0113108902912988
3.717499999999978	1.0202529709542867
3.7225000000000183	1.0192530071133654
3.7274999999999805	1.0146777262538187
3.7325000000000106	0.9961778775566231
3.7374999999999727	0.9998753810229037
3.742500000000005	0.9984958125200213
3.7474999999999645	1.0129916019960414
3.752500000000036	1.0093312975027167
3.757499999999996	1.0248875157049473
3.7625000000000277	1.0180162832599304
3.767499999999989	1.0101168455787446
3.7725000000000217	1.0195049357500126
3.777499999999981	1.008258796062173
3.7825000000000224	0.9993843446110978
3.787499999999982	0.9979023061442118
3.7925000000000146	1.0149583529193693
3.797499999999976	1.0110341927207656
3.8025000000000087	0.993898775094886
3.8074999999999672	1.0243261965359203
3.8125000000000004	1.0008146415021588
3.817500000000033	1.0056354402125605
3.8224999999999922	0.9977495909029304
3.8275000000000254	0.9974061941193144
3.832499999999986	1.0071097310915802
3.83750000000002	0.9995781344247814
3.842499999999978	1.0113608921511823
3.84750000000002	1.0209425629445628
3.8524999999999787	0.9990140954830425
3.8575000000000133	0.999158684613408
3.8624999999999727	1.0120188153782708
3.8675000000000077	1.0243057022944633
3.872499999999964	1.0140297442749446
3.8775000000000364	0.9999968895188848
3.882499999999993	1.0111108595920841
3.8875000000000277	1.0031302182859207
3.892499999999987	0.9993619957924063
3.8975000000000217	1.021982251922612
3.9024999999999785	1.006014899358361
3.9075000000000233	0.988942221331061
3.912499999999979	1.004322407405851
3.9175000000000146	1.0196209012060573
3.9224999999999732	1.0042002326681096
3.9275000000000087	1.0118967694673955
3.9324999999999646	1.019550941150863
3.9375000000000004	1.0078320485863796
3.942500000000036	1.021264885888651
3.9474999999999922	1.012880472544409
3.9525000000000277	0.9966300182546942
3.957499999999986	1.0028639356858913
3.962500000000022	1.0086795604752197
3.967499999999977	1.0132189015673736
3.9725000000000232	0.9981677753364603
3.9774999999999787	1.0141279314472493
3.9825000000000146	1.0056007423568303
3.987499999999972	0.9852731584477041
3.9925000000000086	1.0135137042907045
3.9974999999999636	1.0204987963449446
4.002500000000037	1.0038490909133733
4.007499999999991	1.0190694910137923
4.012500000000029	1.0045578379170914
4.017499999999985	1.0137227222761214
4.022500000000023	0.994543117280164
4.027499999999977	1.0164941555281712
4.032500000000024	0.9940622298614119
4.037499999999977	1.0176551305985981
4.042500000000015	1.0019604574767602
4.047499999999971	1.0112537992334785
4.052500000000008	0.996471425980378
4.057499999999963	0.9841372699831912
4.062500000000001	1.0182180826339469
4.067500000000038	0.9938690425697456
4.072499999999992	1.0092282603506073
4.077500000000029	1.0139108279635363
4.082499999999986	1.0031154343985922
4.0875000000000234	1.0023755226379791
4.092499999999977	1.0117074444258234
4.097500000000025	1.0136352761223262
4.102499999999978	1.0133136167078358
4.107500000000016	1.006920430864961
4.112499999999972	1.005631118718149
4.11750000000001	1.0012359432489766
4.122499999999963	1.0037712900781477
4.127500000000038	1.0047001665471984
4.1324999999999905	1.0214956699914821
4.137500000000029	0.9975620982688581
4.142499999999983	1.0185884105582437
4.147500000000023	0.9917943948225716
4.152499999999975	1.00617702290458
4.157500000000024	0.9951322811617198
4.162499999999976	1.0232528415585325
4.167500000000015	0.9946980391970467
4.172499999999968	0.9971598914695317
4.177500000000008	0.9973633276450421
4.18249999999996	1.001781512655831
4.187500000000001	1.0168258537775718
4.192500000000041	1.0139735400066683
4.197499999999993	1.0131834207707822
4.202500000000032	1.0086420540789178
4.207499999999986	0.9899972428477738
4.212500000000026	1.0042832906835726
4.217499999999977	1.0079997340404345
4.222500000000027	1.0124559973543485
4.227499999999978	0.9967477956107487
4.232500000000018	0.9937216313342134
4.237499999999972	1.0147784948335719
4.242500000000012	1.007702150268314
4.247499999999962	1.0070841351295032
4.252500000000039	0.9910590186330615
4.257499999999989	1.0108336715068247
4.262500000000029	1.003158519823444
4.267499999999982	1.008169310868855
4.272500000000024	0.9871650289702953
4.277499999999973	1.0196763862185905
4.282500000000024	1.0089205536646446
4.287499999999973	1.0129591511427456
4.292500000000015	1.0109276402871787
4.297499999999967	0.9940612326106145
4.302500000000008	0.9947623886435177
4.307499999999958	1.013477148336443
4.312500000000001	1.000357949729377
4.3175000000000425	1.0085454644868306
4.322499999999993	1.0003292786248648
4.327500000000034	1.0040505917722704
4.332499999999986	0.9987657474106175
4.337500000000028	1.0078315681911585
4.342499999999977	0.9981643834326965
4.347500000000028	0.9940370601001377
4.352499999999978	1.0019304603693444
4.35750000000002	1.00891254756395
4.362499999999971	1.005730691182467
4.367500000000014	1.0072190517716282
4.372499999999962	1.0127154398959184
4.377500000000039	0.9940557719423933
4.382499999999987	1.0089616411682971
4.3875000000000295	1.0080715730701488
4.3924999999999805	1.0060120699830684
4.397500000000024	1.0129934759824646
4.402499999999972	1.0025349292214556
4.407500000000024	1.0232873173744783
4.412499999999972	0.9990789396747184
4.417500000000015	0.9986708298823866
4.422499999999965	1.004114209958957
4.427500000000008	0.9935500767303523
4.432499999999957	0.9936861521462316
4.437500000000001	0.9961900623991061
4.442500000000044	0.98853084498276
4.447499999999993	0.9922482993259618
4.452500000000037	0.9945791392315065
4.457499999999986	1.0172867274733979
4.46250000000003	1.0186385325149896
4.467499999999977	1.0058708739925097
4.4725000000000295	1.0161966417294555
4.477499999999977	0.9992794596157554
4.482500000000022	0.992104382678959
4.4874999999999705	1.0021600392664811
4.492500000000015	1.0222424236152927
4.497499999999961	1.0064942647402881
4.5025000000000395	0.9847959615365146
4.507499999999986	1.007370416084947
4.51250000000003	0.9918261505932637
4.517499999999979	0.9933217483290496
4.522500000000024	1.0150579250740686
4.527499999999971	1.003486183868325
4.532500000000024	1.003032875385259
4.53749999999997	0.9939475540839279
4.542500000000015	1.0092047785157499
4.547499999999963	1.0048019199670315
4.552500000000008	1.0102260955486537
4.557499999999955	0.9984395898682566
4.562500000000001	1.0113734711124156
4.567500000000046	0.9840378728995544
4.572499999999993	1.017615526637069
4.577500000000038	1.0076310407979772
4.582499999999985	1.016836747540313
4.5875000000000306	1.00882480793535
4.592499999999976	1.0136986520312163
4.59750000000003	0.9943944536663546
4.602499999999976	1.0127111208459998
4.607500000000022	1.0061868187052865
4.6124999999999705	0.9986265693183692
4.617500000000017	1.0091795589282375
4.622499999999961	1.0032619252181068
4.6275000000000395	1.0117150728392093
4.632499999999984	0.9972508862898245
4.63750000000003	1.0071465010287572
4.642499999999977	1.01783572472922
4.647500000000026	0.9928460273463219
4.65249999999997	0.9943311957000135
4.657500000000025	0.9968491234526202
4.662499999999968	1.0068361341497252
4.6675000000000155	0.9992879544587715
4.672499999999962	1.0158448559797528
4.677500000000008	1.0204889806243005
4.682499999999954	0.9970172628749188
4.687500000000001	1.0065436176298272
4.692500000000047	1.0137016532049898
4.697499999999993	1.0092925661810206
4.70250000000004	0.995841868206164
4.707499999999985	1.013912008882515
4.712500000000033	1.0067431561053177
4.717499999999976	1.0015649277218253
4.722500000000032	1.0103850876736247
4.727499999999976	0.9987473567323143
4.732500000000025	1.0104905395627177
4.7374999999999705	0.9956762125895045
4.7425000000000175	1.004961334708021
4.747499999999961	0.9963640158861132
4.7525000000000395	1.0090049403400987
4.757499999999983	1.0124080132797317
4.76250000000003	1.004772098240406
4.767499999999975	0.9926602055786232
4.772500000000026	1.0229813671725996
4.777499999999967	1.0019697642610241
4.782500000000025	0.9885502239102177
4.787499999999967	1.0033736110433706
4.7925000000000155	1.0096742581365674
4.79749999999996	1.0040372715990984
4.802500000000008	1.019056040087303
4.807499999999952	0.9941954527510835
4.812500000000001	0.9944066419189524
4.817500000000049	1.0138231370620139
4.822499999999993	1.0067355459369227
4.8275000000000405	1.0082701755069092
4.832499999999985	1.0096673200908175
4.837500000000035	0.9994721846285671
4.842499999999976	0.9947118546863689
4.847500000000034	1.0013133580639157
4.852499999999975	0.9985473586883138
4.857500000000026	1.0025564560650617
4.8624999999999705	1.0061647757777594
4.867500000000018	0.9972970986859433
4.8724999999999605	1.005845215893757
4.87750000000004	1.0052401023661688
4.8824999999999825	1.0082996032712783
4.88750000000003	0.9958348088506324
4.892499999999975	0.9932341496681847
4.897500000000026	1.0040163562042415
4.902499999999966	1.0059798168610705
4.907500000000025	1.0106221844412024
4.912499999999966	0.9960845054608058
4.917500000000016	1.0043985163458147
4.922499999999958	0.9934710932647497
4.927500000000008	0.9945573408214875
4.9324999999999495	1.0174267661294116
4.937500000000001	0.9962163204371192
4.942500000000051	1.0005518940246247
4.947499999999993	1.0092978986687593
4.952500000000044	0.9846645290371235
4.957499999999985	1.0048012467629002
4.962500000000036	1.0115839649363143
4.967499999999976	1.0123561082302972
4.972500000000036	1.0025855982700123
4.977499999999975	1.0016665609264168
4.982500000000027	1.0090604572264412
4.987499999999969	1.0026790816283273
4.992500000000019	1.00544516436596
4.9974999999999605	1.0101881592495063
5.00250000000004	1.0010081372981618
5.007499999999982	0.9949259063406931
5.012500000000032	1.0042111344018945
5.017499999999974	1.0082528133352386
5.022500000000026	0.9999774511105121
5.027499999999965	1.0023391311574505
5.032500000000025	1.0110523900579447
5.037499999999964	1.0080967554348235
5.042500000000016	1.0029000699842714
5.047499999999957	0.992815545221537
5.052500000000008	1.0019429204116561
5.057499999999949	1.0077938661283
5.062500000000001	0.9942276429288821
5.067500000000052	1.012206985011353
5.072499999999993	0.9934721929480204
5.077500000000045	1.0154092082907764
5.0824999999999845	0.999361458650752
5.087500000000037	0.9947214357656204
5.092499999999976	0.9862648390671103
5.097500000000037	1.0045009913894576
5.102499999999975	1.0080865510682024
5.107500000000028	1.0100396266598501
5.112499999999969	0.9974628530244607
5.11750000000002	1.0000002796050214
5.122499999999961	0.9985656189996214
5.1275000000000395	0.9964472473102532
5.132499999999981	0.9993663660123696
5.13750000000003	0.9987915323106099
5.142499999999973	1.0042537281854849
5.147500000000026	1.0197533780481514
5.152499999999965	0.9900347089576823
5.157500000000023	0.9991567566051265
5.162499999999964	1.0018560563786925
5.1675000000000155	0.999072228729567
5.172499999999957	1.013972712604787
5.177500000000007	0.9960594090715276
5.182499999999947	0.9966617054924536
5.187500000000001	0.9860106453054044
5.192500000000054	0.9947257356229597
5.197499999999997	0.9866244473760075
5.2025000000000405	1.0052614903255215
5.207499999999985	1.013550820039307
5.2125000000000385	0.9936477969592453
5.217499999999982	0.9965574759550089
5.222500000000032	1.0030986144729122
5.227499999999975	0.9938506309495692
5.232500000000029	1.0062541360506667
5.237499999999973	1.0029063359423052
5.242500000000017	1.0188583505341893
5.24749999999996	0.9906647518113716
5.252500000000041	1.0037916791142423
5.257499999999984	1.0049345305391573
5.262500000000027	1.006071228352399
5.267499999999972	1.001393944499793
5.272500000000026	1.0047506532981256
5.2774999999999705	1.0116617026746102
5.2825000000000175	1.0106110294606145
5.2874999999999615	1.0034214314308545
5.2925000000000155	1.0006661169509925
5.297499999999962	1.0007100445094779
5.3025	1.0094830969384418
5.307499999999946	1.0039999133259836
5.312500000000002	0.9998162952745109
5.317500000000055	0.9993750448697718
5.322500000000001	1.0059512095345804
5.327500000000039	0.9909572354567319
5.332499999999985	1.0170646808483481
5.3375000000000385	1.0171160583182468
5.342499999999986	1.0024438161794393
5.347500000000028	1.003308780600991
5.352499999999975	0.9974925304288272
5.357500000000029	1.0039743787836546
5.362499999999979	1.0017364281631627
5.367500000000011	0.9999755484773403
5.37249999999996	1.0178906343315224
5.377500000000041	0.9974056821573308
5.38249999999999	0.988171703529067
5.3875000000000215	1.0042397099319633
5.392499999999972	1.0000476532518796
5.3975000000000275	0.9975236672653713
5.402499999999974	0.9935625010070009
5.407500000000011	1.0139245642108543
5.4124999999999615	1.0012046728826791
5.4175000000000155	1.003257363756486
5.422499999999966	1.001971465226725
5.427499999999997	0.9937354682499946
5.432499999999945	1.0017562256220087
5.437500000000002	1.0058745193536123
5.442500000000056	0.9952310778708616
5.447500000000006	0.990309140067845
5.452500000000035	1.0035392145912603
5.457499999999985	1.0064543819144922
5.462500000000041	1.000171130027544
5.467499999999991	0.9897779561621395
5.472500000000025	1.0008943172685525
5.477499999999975	1.0135747574007081
5.482500000000031	0.9993007327541641
5.487499999999982	1.0019817791983965
5.492500000000008	0.9966637236370048
5.49749999999996	1.0029742696734785
5.502500000000041	0.9958797106875894
5.507499999999993	0.9911428695941789
5.512500000000018	0.9985641234996696
5.51749999999997	1.0010591659786854
5.5225000000000275	1.014654517607847
5.527499999999978	1.012868992638544
5.532500000000008	0.9990333384030026
5.53749999999996	1.000569846502028
5.5425000000000155	1.0021972393342298
5.54749999999997	0.9977488246989682
5.55249999999999	1.0030359398475694
5.557499999999944	1.0168357864892008
5.562500000000002	0.9958795246199583
5.567500000000057	1.005703901932597
5.5725000000000104	0.9997289556725245
5.577500000000032	0.9927087223707907
5.582499999999985	0.9996783322496451
5.587500000000043	0.9911364172668686
5.592499999999997	1.0150308465326592
5.597500000000021	1.0069694955964117
5.602499999999975	1.0031097183868078
5.607500000000031	0.9835999852375824
5.612499999999988	0.9924623080986672
5.617500000000004	1.0124116925680644
5.62249999999996	1.006752916367696
5.627500000000041	1.0070096544385234
5.6324999999999985	1.0053175368047143
5.637500000000013	0.9966638035919968
5.642499999999968	0.9973580441247105
5.6475000000000275	0.9980010444191361
5.652499999999982	0.9968018747098939
5.657500000000002	1.0032280532131264
5.662499999999958	1.0044162692069012
5.6675000000000155	0.9972996240077091
5.672499999999974	1.0008780378593674
5.677499999999985	1.0045824724764048
5.682499999999943	0.9960991786921422
5.687500000000002	0.9853162284538632
5.692500000000058	0.9965066047187362
5.697500000000016	1.003434240465268
5.702500000000027	1.0090392707576479
5.707499999999985	1.0067635672802824
5.712500000000045	1.0026943608746082
5.7175	0.9965185705449289
5.722500000000018	1.0053097878219774
5.727499999999973	0.9951996290622841
5.732500000000033	0.9969015962861151
5.737499999999991	0.9912302915274884
5.742500000000001	1.0015620206383984
5.747499999999958	0.9869177979219557
5.752500000000043	1.0007680881956198
5.7575	1.0026653000684738
5.762500000000009	1.0023774124203375
5.767499999999968	1.0051677691025054
5.7725000000000275	0.9946589259435561
5.777499999999985	0.986531137884303
5.782499999999999	1.0116253255270684
5.787499999999956	1.0018746454313843
5.7925000000000155	1.0059360558421206
5.7974999999999755	1.004246492190246
5.802499999999982	1.003187493083318
5.8074999999999415	0.9974866087558435
5.812500000000002	0.9978663814708372
5.817500000000059	1.0059420248689577
5.822500000000019	1.0087019574051017
5.827500000000025	1.006528283116197
5.832499999999985	0.9954618516715998
5.837500000000045	1.0131595379355656
5.842500000000004	0.9816004716441816
5.847500000000014	1.0061735933410716
5.852499999999973	0.99311079768397
5.857500000000035	1.0041895611517229
5.862499999999995	1.0005492944610186
5.867499999999999	0.9975324116284658
5.872499999999958	0.9960091693490749
5.877500000000043	1.0000700719171398
5.882500000000004	1.0006774291062746
5.887500000000004	0.9949377332384843
5.892499999999966	0.9847050429238369
5.8975000000000275	0.9918263045006156
5.902499999999989	0.9867316226230634
5.9074999999999935	0.9974907420248529
5.912499999999956	0.9862400961263318
5.9175000000000155	1.0021220384700782
5.922499999999981	1.004080333528866
5.927499999999978	1.00577341059227
5.93249999999994	1.0003130400069953
5.937500000000002	1.0046952899379578
5.942500000000062	1.0030906034900096
5.947500000000025	1.0008512398102685
5.95250000000002	1.0020609055789527
5.957499999999985	0.9993611817189781
5.962500000000045	1.0057770979013154
5.967500000000009	1.010478444289292
5.97250000000001	0.9925743886762753
5.977499999999973	0.9981222899778873
5.982500000000035	0.9983481842996935
5.9875	0.9929006150656795
5.9924999999999935	0.9891893564599238
5.997499999999958	0.9952028782504755
6.002500000000043	1.003703002437999
6.007500000000007	0.9972339395398586
6.012500000000001	1.0054913771206877
6.017499999999966	1.0026149602036876
6.0225000000000275	1.0036913803330387
6.027499999999993	0.9926582727855188
6.03249999999999	1.003760123407177
6.037499999999954	1.005816783512216
6.042500000000016	0.9969756668646165
6.047499999999983	0.987256435403743
6.0524999999999745	1.0045787184973658
6.057499999999939	0.9933576426776455
6.062500000000002	0.9972926311177742
6.067500000000063	0.9998223901129424
6.072500000000028	0.9886604243081611
6.077500000000018	0.9942106941978286
6.082499999999985	0.9871219860989757
6.0875000000000465	0.9936292757801929
6.092500000000013	0.9952044026033569
6.097500000000008	1.0066164004603648
6.102499999999973	1.0095374341303853
6.107500000000035	1.001667388824293
6.1125000000000025	1.0000293394941209
6.117499999999992	0.99980381946709
6.122499999999958	1.0062873556992875
6.127500000000043	0.9950991160471049
6.132500000000011	0.9953593051659364
6.1374999999999975	0.9899399642449955
6.1424999999999645	1.0019005577317868
6.1475000000000275	1.00114818344269
6.1524999999999945	1.005648775675268
6.157499999999986	1.0027053994592425
6.162499999999954	0.9988581210996129
6.167500000000016	1.0025051501836624
6.172499999999984	1.0006049553766103
6.177499999999971	0.9989463885324061
6.182499999999938	0.985432018425595
6.187500000000002	0.9924943752505848
6.192500000000064	0.9987078852984106
6.19750000000003	0.9989399844899358
6.2025000000000166	0.9990134462615646
6.207499999999985	0.9899004498256111
6.2125000000000465	0.9957998950102157
6.217500000000016	1.0054581295705973
6.222500000000003	1.006993559114192
6.227499999999973	0.998736558497794
6.232500000000036	0.9904272039205206
6.237500000000008	1.0019625786962358
6.242499999999988	0.9932856185781258
6.247499999999956	1.0123398214674828
6.252500000000045	0.9992796802312459
6.257500000000014	1.0023758337857802
6.262499999999993	0.998932611048023
6.2674999999999645	1.0033971434872389
6.2725000000000275	1.0064681350740978
6.277499999999999	0.9923681980576889
6.282499999999983	0.9988022584939634
6.287499999999953	1.0025859463154472
6.292500000000016	0.996809316929488
6.297499999999988	0.9935181773389921
6.302499999999966	1.0052507169448721
6.307499999999938	1.007935259036707
6.312500000000002	1.0027863988531573
6.317500000000064	0.9938035433114067
6.322500000000035	0.9946812457723573
6.327500000000011	0.9974733690187838
6.3324999999999845	1.0034477816626042
6.337500000000048	0.9873159272814829
6.34250000000002	0.9940712562847822
6.3475	0.9800209703177706
6.352499999999973	1.0078503777466499
6.357500000000036	1.005222366071554
6.3625000000000105	1.0037918843010247
6.367499999999985	0.9961985421914921
6.372499999999956	0.9988637945388451
6.377500000000045	1.0111469697567137
6.382500000000017	0.9898948424794916
6.38749999999999	0.9904866658827927
6.3924999999999645	1.0074760283218576
6.3975000000000275	0.9996830365418957
6.402500000000002	0.9878717229633104
6.407499999999979	1.0020308751442948
6.412499999999953	0.9996264710390335
6.417500000000016	1.0000441303617509
6.422499999999991	1.0008243956636114
6.427499999999964	1.0017832986614672
6.432499999999937	0.9984066089118617
6.437500000000002	1.0008175474412182
6.442500000000065	1.0059049241065465
6.447500000000039	1.0007949220704464
6.4525000000000095	0.9798919191588013
6.4574999999999845	0.9992868370855809
6.462500000000048	0.9989311695409088
6.4675000000000225	0.9945788009516837
6.472499999999998	0.9948043149875144
6.477499999999973	1.003786175095074
6.482500000000036	1.0093702828510063
6.487500000000014	1.0051312278914029
6.492499999999983	0.9984744767826058
6.497499999999956	1.0039660894586029
6.502500000000045	1.003206329569125
6.507500000000021	0.9936278002274604
6.512499999999987	0.9993466199404226
6.5174999999999645	1.0040894390203514
6.5225000000000275	0.9951164373111056
6.527500000000003	1.0056103618194152
6.532499999999976	1.0012481553358104
6.537499999999953	1.0011267364918184
6.542500000000016	1.004980389432755
6.547499999999993	1.0048864385432672
6.55249999999996	1.009141199317032
6.557499999999936	0.9985316818558404
6.562500000000002	0.9941081329396281
6.567500000000066	1.0053049403379917
6.572500000000043	1.0015446492067637
6.577500000000008	0.996123686080464
6.5824999999999845	0.9930468430833351
6.587500000000048	1.0093092280190423
6.592500000000028	0.9898632067628094
6.597499999999996	1.0049024555180952
6.602499999999973	0.9989934177755602
6.607500000000038	0.9899619856516193
6.612500000000017	0.9864332661720007
6.61749999999998	1.0038929990271606
6.622499999999956	0.9962995510334838
6.627500000000045	1.0008658075306367
6.6325000000000225	0.9970635123823675
6.637499999999983	0.9951175094926171
6.642499999999963	1.003791685836459
6.6475000000000275	0.9871157535677243
6.652500000000007	0.995807677426451
6.657499999999971	0.9884000121660491
6.662499999999949	0.9974009995314633
6.667500000000016	0.9982093362955258
6.672499999999997	1.0000289423233253
6.677499999999957	0.996302650486202
6.682499999999934	1.0030751359733623
6.687500000000002	0.997770443434092
6.6925000000000665	1.003475908004797
6.697500000000047	0.9949945868245318
6.702500000000004	0.9914320837316243
6.7074999999999845	0.9926994853825356
6.712500000000052	0.9967362947941197
6.71750000000003	0.994285171267969
6.722499999999992	1.006970113805858
6.727499999999973	0.999617260752567
6.732500000000038	0.9918531832636025
6.737500000000019	1.0010979241933005
6.742499999999975	1.0033240880747343
6.747499999999956	0.9970411933537178
6.752500000000045	1.0073900234279434
6.757500000000026	1.00233781027719
6.762499999999981	0.9877160309581602
6.767499999999963	0.999772397020296
6.7725000000000275	0.9943236269057616
6.777500000000009	0.9985620176953464
6.782499999999968	1.0001677371566102
6.787499999999949	0.9928758275627257
6.792500000000016	1.0019254912061237
6.7974999999999985	0.9968340948301397
6.802499999999953	1.0052633720251785
6.807499999999935	0.9923801724256391
6.812500000000002	1.0032229345256745
6.8175000000000665	0.9997105175430919
6.822500000000049	0.9984398761846678
6.827500000000002	0.9958472316721775
6.8324999999999845	0.9911641192326907
6.837500000000052	0.9919378248594489
6.842500000000035	0.9895880047338679
6.84749999999999	1.0005095969100153
6.852499999999973	1.0022253175918998
6.857500000000038	0.9982662803110746
6.862500000000023	0.9939019747926884
6.867499999999973	0.9971494434073993
6.872499999999956	0.9868344978013998
6.877500000000045	1.000460707459937
6.882500000000028	0.9956692079016283
6.887499999999978	1.007494828979318
6.892499999999963	0.9975057749172375
6.8975000000000275	1.0042907082964685
6.902500000000011	0.9896863904529944
6.907499999999966	1.0030579069220162
6.912499999999949	0.990165995605615
6.917500000000016	0.9888924868616537
6.9225	0.9893187293662485
6.927499999999949	0.9968979317407404
6.9324999999999335	1.001759239843109
6.937500000000002	1.0011293785692885
6.942500000000067	1.0039687179543342
6.947500000000052	1.000308808281622
6.952500000000001	1.0029833081196051
6.9574999999999845	1.0002044032263095
6.962500000000052	1.0055411451409533
6.967500000000037	0.9928990822989584
6.972499999999989	0.9951310663120253
6.977499999999973	0.9948190153526685
6.98250000000004	0.997163386127255
6.987500000000026	0.9992224171690587
6.992499999999971	0.9910791411976079
6.997499999999956	0.998183227632097
7.002500000000045	0.993226170903661
7.00750000000003	0.9964098138914675
7.012499999999975	0.9941318769731795
7.017499999999961	0.9939696272711266
7.022500000000029	1.003121289294874
7.027500000000014	0.9994986794331818
7.0324999999999624	1.0007577407650077
7.037499999999947	0.9942882896379337
7.042500000000016	1.0061165249114614
7.047500000000002	0.9923176569071728
7.052499999999947	1.0001464943197729
7.057499999999932	0.9960992328626861
7.062500000000002	1.0016641989778332
7.067500000000069	1.0052224234140221
7.072500000000056	0.994076430207772
7.077499999999999	1.0006399645318766
7.0824999999999845	1.0070338601842037
7.087500000000054	0.9879543284326809
7.092500000000038	0.9933880376648903
7.097499999999985	0.9986260769024768
7.102499999999973	0.9976683780654357
7.10750000000004	0.9923596685568596
7.112500000000028	0.9989436134924006
7.1174999999999695	0.9932298386669866
7.122499999999956	0.9991983777171453
7.127500000000045	0.9954549400462196
7.132500000000031	1.0008391982674847
7.137499999999973	1.0038423548697217
7.142499999999961	1.0009908360791109
7.147500000000029	0.9972913803941266
7.152500000000017	1.005259196960452
7.157499999999961	1.0032084468030908
7.162499999999947	0.9967882453134486
7.167500000000016	0.9989452699601915
7.172500000000005	1.0001585062636495
7.177499999999943	0.9926555293744797
7.182499999999932	0.9977257830324432
7.187500000000002	1.0019938372046704
7.192500000000069	1.0046187556392208
7.1975000000000575	0.9957809690259221
7.202499999999995	0.9980278810487467
7.2074999999999845	1.0032537349322586
7.212500000000054	1.0027028147105905
7.217500000000044	1.010941493402285
7.222499999999983	0.999437316454345
7.227499999999972	0.9913372636737214
7.23250000000004	0.9952934954655943
7.23750000000003	0.9959026507337845
7.242499999999966	1.0020793136956596
7.247499999999956	0.9991488233161087
7.252500000000045	1.0101983276996915
7.257500000000035	1.0013725631405652
7.262499999999969	0.9968247030765024
7.267499999999961	0.9990749416108468
7.272500000000029	1.0063582430883113
7.2775000000000185	0.9905301189946012
7.282499999999957	1.0016369412606196
7.287499999999947	0.9898270056422118
7.292500000000016	0.9997980215356495
7.297500000000008	1.0021615125059897
7.302499999999942	0.9943786551965008
7.30749999999993	1.0084174878347947
7.312500000000002	1.0022227149902627
7.317500000000071	1.0030755523941122
7.322500000000061	1.0003017608284435
7.3274999999999935	1.0035653078676965
7.3324999999999845	1.0017489361357923
7.337500000000054	1.000635916235337
7.3425000000000455	0.9954464443147356
7.3474999999999815	0.9955148575012492
7.352499999999972	1.0020455359634788
7.35750000000004	0.9945911506335523
7.3625000000000345	0.9955745552710282
7.367499999999964	0.9926976760692232
7.372499999999956	1.0060371050881791
7.377500000000045	1.002072849702294
7.382500000000037	0.9986434419325525
7.387499999999966	0.9968505617208389
7.392499999999961	0.9957505839668414
7.397500000000029	1.0032118387774787
7.40250000000002	0.998998697327355
7.407499999999955	0.9957017705471242
7.412499999999947	0.9962502518865857
7.417500000000017	0.9988219693589956
7.42250000000001	0.9962192818320986
7.427499999999938	1.000638686158237
7.432499999999929	1.0010103975454578
7.437500000000002	1.0002911566214685
7.442500000000072	1.00234628811266
7.447500000000063	0.9929092184987
7.452499999999992	1.0004987516333255
7.4574999999999845	1.0027592908728584
7.462500000000054	1.0116927683608399
7.467500000000047	1.0008046397853336
7.47249999999998	1.0018123145674331
7.477499999999972	1.002331557326578
7.4825000000000434	0.9931915179679623
7.487500000000036	1.0009185978517428
7.492499999999962	1.0133995516189196
7.497499999999956	1.0014118512281347
7.502500000000045	1.003689652041626
7.5075000000000385	0.9985320972797699
7.512499999999965	0.9977370849993753
7.517499999999957	0.9982224952568489
7.522500000000029	0.9967628818804648
7.527500000000021	0.9974325896983496
7.532499999999954	1.0006213017182661
7.5374999999999455	0.9987905547985338
7.542500000000017	0.9936281261791169
7.547500000000012	0.9991331670474066
7.552499999999936	1.005731706266729
7.557499999999929	1.0034784770819398
7.562500000000002	1.0033633483197433
7.567500000000072	1.0036158311656447
7.572500000000065	0.9975108581405877
7.57749999999999	0.997348977174687
7.5824999999999845	1.0063810581128225
7.587500000000055	1.0008956297522729
7.592500000000049	0.9995516690898286
7.597499999999978	1.0047854478353275
7.602499999999972	0.9950998577691431
7.6075000000000434	0.9938442825880329
7.612500000000038	0.9996341177037336
7.617499999999961	1.0050445339821752
7.622499999999956	0.9943172365952655
7.627500000000045	0.9987868043053776
7.63250000000004	0.9931870707602977
7.637499999999963	0.9986774750443919
7.642499999999957	0.9945347897460629
7.647500000000029	1.0075783211373583
7.652500000000026	0.9989067823547008
7.65749999999995	1.0020461053788399
7.6624999999999455	0.9940439559875823
7.667500000000017	0.997282205943067
7.672500000000015	1.0037347496952407
7.6774999999999345	0.9984163549342283
7.682499999999928	0.9964792451148161
7.687500000000002	0.9970692642203256
7.692500000000073	0.9945518759991301
7.697500000000066	0.9981659296245972
7.702499999999986	0.9947888785015302
7.7074999999999845	0.9898986206279289
7.712500000000055	0.9973253605964965
7.717500000000053	0.9883464060270715
7.722499999999975	0.9951481845475986
7.727499999999972	0.9957271581665524
7.7325000000000434	0.9969083252911504
7.737500000000042	0.9964253191151559
7.742499999999957	0.9924505729337832
7.747499999999956	0.9974678341168627
7.752500000000045	0.9947031484436833
7.757500000000044	0.9957988187581066
7.76249999999996	0.9924418866158692
7.767499999999957	0.9974051032293406
7.772500000000029	0.9981914453316424
7.777500000000027	1.0053487816121645
7.782499999999948	1.00761320348104
7.7874999999999455	0.9928597539091768
7.792500000000017	0.9948599113495151
7.797500000000015	0.9940303146812011
7.802499999999931	0.9940183978402751
7.807499999999928	1.0021836611024355
7.812500000000002	0.9990506344484684
7.817500000000073	1.0040079258096
7.822500000000072	0.997925473550941
7.827499999999986	1.007589416567
7.8324999999999845	0.9916719788574824
7.837500000000055	0.9874649239298753
7.842500000000055	1.0021960911039651
7.8474999999999735	1.0027780350937203
7.852499999999972	0.9898265221669683
7.8575000000000434	0.9960315835207652
7.862500000000044	1.001245569704523
7.867499999999957	1.0033797401449054
7.872499999999954	1.0001615642315114
7.877500000000047	0.9936015291786852
7.8825000000000465	0.989747848753253
7.8874999999999575	0.9974262413177695
7.892499999999957	0.9921494058944893
7.897500000000029	0.9989585961824795
7.902500000000029	0.994101550088028
7.907499999999945	1.0022141988694488
7.9124999999999455	0.9995046496735654
7.917500000000017	0.9959362400124828
7.922500000000017	0.9940556740641671
7.927499999999929	1.0010459310733915
7.932499999999927	0.9992338843341446
7.937500000000002	1.0067243316007453
7.942500000000074	1.0018283535536439
7.9475000000000735	1.0000197789424188
7.952499999999984	1.0033349873490878
7.9574999999999845	0.998602028069825
7.962500000000057	0.996968221701793
7.967500000000057	0.9970458927838439
7.972499999999972	1.0015298088252844
7.977499999999972	0.9931989061424678
7.9825000000000434	1.0005110986812595
7.987500000000045	1.0023984716929095
7.992499999999955	0.9994943480208934
7.997499999999954	0.9934178768627547
8.002500000000047	1.0004550158782612
8.007500000000046	1.00214201734682
8.012499999999955	1.0016658236202731
8.017499999999957	0.9948874983462307
8.02250000000003	0.9979066214396443
8.02750000000003	0.9901433397899655
8.032499999999942	0.9935794703505453
8.037499999999945	0.9954676250731788
8.042500000000016	0.9904582298390284
8.047500000000019	0.9931579685513285
8.052499999999927	0.9964541237011493
8.057499999999928	1.003986471820691
8.0625	0.995373954882474
8.067500000000074	0.9996015692415475
8.072500000000076	1.0030090520943822
8.077499999999983	1.003198834111895
8.082499999999984	0.9997909258116148
8.087500000000057	1.0009037108231906
8.092500000000058	1.0036687848629826
8.09749999999997	0.9928287068537842
8.102499999999973	0.9966965429709507
8.107500000000046	0.9997521574571533
8.112500000000047	1.000030520713947
8.117499999999954	1.0016787884197054
8.122499999999954	1.004988661688013
8.127500000000047	0.9945186742931168
8.132500000000048	0.9968712935730787
8.137499999999953	1.007245872804709
8.142499999999956	0.9947876848649111
8.14750000000003	0.9991255990933648
8.152500000000032	1.0030215865678433
8.157499999999942	1.001882922463634
8.162499999999945	0.9970391572512614
8.167500000000016	0.9880749387535874
8.17250000000002	0.9988624655886232
8.177499999999926	0.9958396307849199
8.182499999999926	0.999324240023941
8.1875	0.991408997856506
8.192500000000075	0.9923085144791625
8.197500000000078	0.9992338965807284
8.202499999999981	1.0032764353834418
8.207499999999985	0.9981866041565182
8.212500000000057	1.00507734892767
8.217500000000062	0.9962270270982722
8.222499999999968	0.9969983559236921
8.227499999999973	1.0010153907638475
8.232500000000046	0.9956888097785335
8.237500000000049	0.9891315134301426
8.242499999999952	0.9961339390312981
8.247499999999954	1.0067719215774722
8.252500000000047	0.9969057001973778
8.25750000000005	0.9928936962962424
8.262499999999951	0.9950676525168294
8.267499999999956	0.9970373192073542
8.27250000000003	0.990660713932541
8.277500000000034	0.9904314177250348
8.282499999999938	0.9997081376168915
8.287499999999945	1.0034140341615654
8.292500000000016	0.9969261550644137
8.29750000000002	1.0034687653631498
8.302499999999922	0.9984369911407749
8.307499999999926	1.0008580046642732
8.3125	0.996472102889933
8.317500000000075	0.9958186666967552
8.32250000000008	0.9963184975767682
8.327499999999981	0.9951007194928256
8.332499999999985	0.9966616644451527
8.337500000000057	1.0016846369776322
8.342500000000063	1.0009170876148286
8.347499999999966	1.0042572539628958
8.352499999999973	1.0005510864297624
8.357500000000046	0.9902335411844219
8.362500000000052	0.9987410472371964
8.367499999999948	0.9991180723096685
8.372499999999954	0.9926828091489621
8.377500000000047	0.9947600132701276
8.382500000000054	1.0033473557338908
8.38749999999995	1.005940687727173
8.392499999999956	0.9920412194904388
8.39750000000003	0.9948539860582855
8.402500000000035	0.9983206377533739
8.407499999999937	0.9970270427498893
8.412499999999945	0.9898409927829623
8.417500000000016	0.9937030057809635
8.422500000000023	1.0034996791151376
8.42749999999992	0.9945693662396129
8.432499999999925	0.9917382183114232
8.4375	0.9970154576321139
8.442500000000077	0.9999552054729526
8.447500000000081	1.0006290644506104
8.452499999999977	0.9973165071241342
8.457499999999985	0.9942216324072497
8.462500000000057	0.9951080856639013
8.467500000000065	0.995760693094414
8.472499999999965	0.9974181365315509
8.477499999999973	0.9968287003221774
8.482500000000046	0.9996517410538936
8.487500000000052	0.9962163913652412
8.492499999999948	1.0078234085976316
8.497499999999954	1.0009436806911112
8.502500000000047	0.9942044307056731
8.507500000000054	1.0022542452495071
8.512499999999948	0.9988741067631404
8.517499999999956	1.001272353983477
8.52250000000003	0.987884836689068
8.527500000000035	1.0006858152621343
8.532499999999935	1.0052021745167479
8.537499999999943	0.9975578060108853
8.542500000000016	1.000249727654407
8.547500000000026	1.0017596696818674
8.552499999999919	0.9892436491214218
8.557499999999925	0.9995637551481861
8.5625	0.9953770667522935
8.567500000000077	1.0057466626183724
8.572500000000083	0.9943677796398848
8.577499999999976	0.9938638858952569
8.582499999999985	0.9974088480814979
8.587500000000059	0.9967991263532333
8.592500000000067	0.9945378545097576
8.597499999999963	0.992790541291377
8.602499999999973	0.9923490996331893
8.607500000000046	1.0121950081747113
8.612500000000056	0.9901272146329091
8.617499999999946	0.991229710785285
8.622499999999954	0.991842816877664
8.627500000000047	1.0000009367801874
8.632500000000055	0.9976302533433373
8.637499999999946	0.9926401176874745
8.642499999999956	0.9964924014683518
8.64750000000003	0.9993482530874013
8.65250000000004	1.0008087834739858
8.657499999999931	0.9976437622657852
8.662499999999943	0.9984793772873243
8.667500000000016	1.003702735657293
8.672500000000026	0.9924936404230943
8.677499999999917	0.993670332217051
8.682499999999925	0.9965817406097806
8.6875	0.9974902906987756
8.692500000000077	0.9932934881960204
8.697500000000085	0.9993588780889128
8.702499999999976	0.9911114538013245
8.707499999999985	1.0061821132433926
8.712500000000059	0.9939961774622241
8.717500000000072	0.9987223679874394
8.722499999999961	0.9968650744448441
8.727499999999973	0.9972061274731742
8.732500000000046	0.9954522606859986
8.737500000000058	1.002618477657908
8.742499999999945	0.9977477835324832
8.747499999999954	0.9892660450063897
8.752500000000047	0.9961179413432093
8.757500000000057	1.0014218426562607
8.762499999999944	0.9990435832064926
8.767499999999954	0.9911841980852442
8.77250000000003	0.9958669825488181
8.77750000000004	0.9987400522829284
8.78249999999993	1.0045347792109125
8.787499999999943	1.0002909216043392
8.792500000000016	0.9945365285838773
8.797500000000028	1.0012094715554696
8.802499999999913	1.0016662134869654
8.807499999999925	0.9981800414466323
8.8125	1.0021092257161628
8.817500000000077	0.9952005126823802
8.822500000000089	1.003747293047631
8.827499999999974	0.9928890355129044
8.832499999999985	0.9993907700662379
8.83750000000006	0.9971032369024722
8.842500000000072	1.009536056949968
8.84749999999996	0.99588948149939
8.852499999999973	1.004931167788618
8.857500000000048	0.9959072295491487
8.862500000000058	1.0032015113636779
8.867499999999943	0.9992933083731864
8.872499999999954	1.0003865992311087
8.877500000000047	0.9944443268387384
8.882500000000059	0.9917598340077134
8.887499999999942	0.9988621140562485
8.892499999999954	0.9989961725454206
8.89750000000003	0.9961425074645033
8.902500000000042	0.9946628218513199
8.907499999999928	0.9967163811664291
8.912499999999941	0.998575105734101
8.917500000000016	1.0016979431031665
8.922500000000028	0.9968866428469174
8.927499999999911	0.9909328028633293
8.932499999999925	1.0007337134924554
8.9375	0.9953909739431082
8.942500000000077	0.9910200459259314
8.94750000000009	0.995293028450958
8.952499999999972	0.9904233669716862
8.957499999999985	1.0012557954973784
8.96250000000006	0.9934454789911873
8.967500000000074	0.9967016540850342
8.972499999999958	1.0004737643298611
8.977499999999973	1.00259243383762
8.982500000000048	0.9944022414744722
8.987500000000061	1.0014999409358276
8.992499999999943	0.9988779751358575
8.997499999999954	1.0033119904788337
9.002500000000047	1.005375505280129
9.007500000000059	1.0018094325866314
9.01249999999994	1.0003458700042953
9.017499999999954	0.9954399948233856
9.02250000000003	0.9915434131499392
9.027500000000044	1.0006464190487991
9.032499999999926	0.9964745819760424
9.037499999999941	1.0069706119528485
9.042500000000016	0.9937560906235923
9.04750000000003	1.0019308967116383
9.052499999999911	0.9957887614729248
9.057499999999923	0.9994076541830513
9.0625	0.995169414640584
9.067500000000079	0.9960688119058123
9.072500000000092	1.0045956014832673
9.077499999999972	1.0046406798841745
9.082499999999985	0.9986419690659873
9.08750000000006	0.9999871054906685
9.092500000000076	1.0005817868278257
9.097499999999958	0.9964797600648263
9.10249999999997	1.0050190868517603
9.10750000000005	0.9970707128169959
9.112500000000061	0.9942356790972685
9.117499999999941	0.9960804855638941
9.122499999999953	1.004381383058395
9.12750000000005	0.9937906243000081
9.13250000000006	0.9938764800047768
9.13749999999994	0.9992827391622243
9.142499999999952	0.9929106985056252
9.147500000000031	0.9998528830034605
9.152500000000044	1.001925021070138
9.157499999999926	1.004458978301782
9.162499999999941	0.9978376024263665
9.167500000000016	1.007035561221715
9.172500000000033	1.0010690317391606
9.17749999999991	0.9995136360089343
9.182499999999923	0.9944601678748929
9.1875	0.9974995872909117
9.192500000000079	0.9916560931243542
9.197500000000092	0.993302118206385
9.202499999999969	1.001115031395646
9.207499999999985	0.996954752051216
9.21250000000006	1.0090399699343595
9.217500000000078	1.0047903080678249
9.222499999999958	1.0004784385623178
9.22749999999997	0.9918948813464156
9.23250000000005	0.9956973598080691
9.237500000000063	0.9956434362056455
9.242499999999941	1.0045629232906046
9.247499999999953	1.0028076782602207
9.25250000000005	1.0021815479025582
9.25750000000006	0.9994122398682717
9.262499999999939	1.002142837895245
9.267499999999952	1.0014300214823424
9.272500000000031	0.9970396924673663
9.277500000000048	0.9965427182550486
9.282499999999924	0.9942284419717519
9.287499999999941	0.9926693492010814
9.292500000000016	1.003199779762894
9.297500000000033	1.000796965324461
9.302499999999908	0.9968498054603997
9.307499999999923	1.0060883911977854
9.3125	0.9962035760039031
9.317500000000079	1.0043983713563653
9.322500000000094	0.9929064687856316
9.327499999999969	0.9952524376935018
9.332499999999985	0.9981807384359572
9.33750000000006	1.0057314924313898
9.342500000000078	1.0013595628716052
9.347499999999954	0.9995129455191484
9.35249999999997	1.0008206201496388
9.35750000000005	1.0030365154268464
9.362500000000066	0.9940448597392859
9.36749999999994	0.9919198719647375
9.372499999999953	0.9933135188561338
9.37750000000005	0.9963135155799296
9.382500000000062	0.9979892242278711
9.387499999999935	0.9956104751905295
9.392499999999952	0.988763417734958
9.397500000000031	0.9999560407539545
9.40250000000005	1.0046848889975568
9.407499999999922	0.9960614929254946
9.412499999999941	0.9935586001135666
9.417500000000016	0.994813318832726
9.422500000000035	1.0029349299270716
9.427499999999906	1.010869303750837
9.432499999999923	1.0056337851911363
9.4375	0.9919371992320589
9.442500000000079	0.9966807463081233
9.447500000000096	0.9995069830177862
9.452499999999967	0.993190871663322
9.457499999999985	0.9980005846191874
9.46250000000006	1.0058272039599536
9.46750000000008	1.0016398431987337
9.472499999999952	0.9994413481471409
9.47749999999997	0.9910767019939923
9.48250000000005	0.9986911793415624
9.487500000000068	0.9883193125419207
9.492499999999934	0.9981759474440178
9.497499999999953	0.9945873844094804
9.50250000000005	0.9913727537322687
9.507500000000068	1.0014267187267665
9.512499999999934	0.9905211309468753
9.517499999999952	0.995798659599486
9.522500000000031	0.9899532472778115
9.527500000000051	0.9973926827780621
9.53249999999992	0.9946892485821851
9.537499999999941	0.9977195302900931
9.542500000000016	1.0051754465047742
9.547500000000035	0.9983071723831077
9.552499999999906	0.9964371375941218
9.557499999999923	1.0024184791610664
9.5625	0.9938106598727533
9.567500000000079	1.0007847916011745
9.572500000000097	0.9977344196941643
9.577499999999967	0.9931629378764348
9.582499999999985	0.9919627592311026
9.58750000000006	0.9980719848143571
9.592500000000081	0.9931199948705686
9.59749999999995	0.9928866583304053
9.60249999999997	0.9973082453853285
9.607500000000051	0.995373069780896
9.612500000000068	0.9979236830249496
9.617499999999934	0.996055941011015
9.622499999999953	1.0019989448952114
9.62750000000005	0.9990086235471374
9.632500000000068	0.9923069170051293
9.637499999999934	1.0024171428123356
9.64249999999995	0.9981868201063363
9.647500000000031	0.9948546943323988
9.652500000000051	1.0035068117088937
9.65749999999992	0.9928439305102892
9.662499999999941	0.99672050813435
9.667500000000016	0.995995946183106
9.672500000000037	0.998829940523726
9.677499999999904	1.0018987637786956
9.682499999999921	0.9955469413596698
9.6875	0.9952898437189084
9.69250000000008	0.9935258013346046
9.697500000000097	0.9953201537670765
9.702499999999965	1.0004699245080995
9.707499999999985	1.001597121256617
9.71250000000006	0.9953294976424399
9.717500000000086	1.0022321251898267
9.72249999999995	0.9974892678419133
9.727499999999969	0.9981989624089278
9.732500000000051	0.9968873942995139
9.73750000000007	0.9997235873635996
9.742499999999932	1.004552702209022
9.747499999999953	0.9963577713788778
9.75250000000005	0.9976165839377328
9.75750000000007	1.0028269079957643
9.762499999999932	0.997059270208999
9.76749999999995	0.9981225018553895
9.772500000000031	0.9934743198711319
9.777500000000051	0.9948845842261591
9.782499999999915	1.000823907386164
9.787499999999941	0.9976949164308464
9.792500000000016	1.004215020970486
9.797500000000037	0.9960515631542761
9.8024999999999	0.9993772774034623
9.807499999999921	0.9951957133503847
9.8125	1.0018774396556875
9.81750000000008	0.9985445946718878
9.822500000000101	0.9950150875780911
9.827499999999965	0.9970592719474005
9.832499999999985	1.009473771746848
9.83750000000006	0.9991572342259497
9.842500000000086	0.9941002771286678
9.847499999999949	1.001135908208138
9.852499999999969	0.9997321703897132
9.857500000000051	1.0003301541429568
9.86250000000007	0.9961884817058082
9.867499999999932	0.9984428662416026
9.872499999999953	0.9948049312894605
9.87750000000005	0.999571272565775
9.88250000000007	0.9984675476313714
9.887499999999932	0.9982898574074733
9.89249999999995	1.0011130005755513
9.897500000000031	0.9967194693626148
9.902500000000053	1.0037303778662703
9.907499999999914	0.9999864603846326
9.912499999999941	1.0067030238070755
9.917500000000016	0.9925809823149869
9.922500000000039	0.9909231407706575
9.927499999999899	0.9961447379052043
9.932499999999921	0.995813778149313
9.9375	0.9985025989481635
9.94250000000008	0.9919681727204566
9.947500000000105	0.995598085952693
9.952499999999963	0.9952213787921751
9.957499999999985	0.9927487888485047
9.962500000000064	0.9977008228632697
9.967500000000088	0.9978521992418717
9.972499999999949	1.0026064675417317
9.977499999999969	0.9997410382880247
9.982500000000051	1.0004324979355415
9.987500000000072	0.9958678685116911
9.99249999999993	0.9868925000593187
9.997499999999953	1.0026010594719639
10.00250000000005	0.9999882846133695
10.007500000000071	0.9968238235801526
10.012499999999926	1.0002903188704662
10.01749999999995	0.996935770746982
10.022500000000031	0.9922080592716166
10.027500000000053	1.003006561325037
10.032499999999914	1.00685511233858
10.037499999999937	0.9908292852838133
10.042500000000016	1.0008039817484766
10.047500000000039	1.003373678915203
10.052499999999897	0.9896480638187001
10.057499999999921	0.9978954054192465
10.0625	0.9954016747211708
10.06750000000008	0.9931947309847478
10.072500000000105	0.9946434341003246
10.077499999999963	1.004630745197281
10.082499999999985	0.9956196092485033
10.087500000000064	0.9956244987550122
10.092500000000088	0.9961463915358308
10.097499999999947	0.9973757765310974
10.102499999999969	0.9973626938258568
10.107500000000051	1.002184495198007
10.112500000000074	0.9958035001720758
10.11749999999993	0.9950843347844921
10.122499999999953	1.004522595767504
10.12750000000005	1.0053664321827878
10.132500000000071	0.9957049285958779
10.137499999999928	1.0019331263121813
10.14249999999995	0.9944744826712423
10.147500000000033	1.0022556295785907
10.152500000000057	0.9965199295232681
10.157499999999912	0.9982687668676311
10.162499999999937	0.9974033644339986
10.167500000000016	0.9947764004968224
10.17250000000004	0.9964475825447919
10.177499999999895	0.9945963647766584
10.182499999999921	1.0012893215141943
10.1875	1.0004663262248525
10.19250000000008	0.9960636908166287
10.197500000000106	0.9997940817499122
10.202499999999961	0.9923902908395474
10.207499999999985	1.0017388107280232
10.212500000000064	0.9931336620906587
10.21750000000009	1.000500250735
10.222499999999945	0.9996802994643746
10.227499999999969	0.9988470749804804
10.232500000000051	0.9935847490741163
10.237500000000074	0.9898985425265615
10.24249999999993	0.9923633677928776
10.247499999999953	0.9974044465786108
10.25250000000005	1.000988106816359
10.257500000000071	1.0020593736585575
10.262499999999928	0.9988094893488655
10.26749999999995	0.9987369592355673
10.272500000000031	0.9933976792526436
10.277500000000055	1.0024263734933065
10.282499999999914	0.9921786278576116
10.287499999999941	1.0014177126552857
10.292500000000015	0.9999189715916963
10.297500000000037	0.9918893253009321
10.302499999999895	1.0068186272432307
10.307499999999923	0.999775021123199
10.3125	1.000760082641637
10.317500000000079	0.9996771706754304
10.322500000000106	0.9976206264468652
10.327499999999965	0.9943955917189404
10.332499999999987	0.9990479597028206
10.337500000000059	1.0004353300815498
10.342500000000088	0.995314778062452
10.347499999999947	1.0006406198649513
10.35249999999997	1.0026112376022072
10.357500000000051	0.9959015788761183
10.362500000000074	0.9994849448708638
10.367499999999932	1.001631735518393
10.37249999999996	0.9911894788471133
10.377500000000042	0.9989051417571612
10.382500000000068	0.9961130262046098
10.387499999999928	0.9979179618308874
10.39249999999995	0.9924399642812736
10.397500000000031	0.9905383847752989
10.402500000000058	1.0001498952869385
10.40749999999992	0.9992308494060689
10.412499999999945	0.9967989961467169
10.417500000000008	1.0004636146033572
10.422500000000033	0.9989493660025526
10.427499999999894	0.9971743921577103
10.432499999999923	0.994364532552571
10.4375	0.9981953403238027
10.442500000000079	1.005319240299038
10.447500000000108	1.0051299010009946
10.452499999999969	0.9933336509692928
10.457499999999994	0.9968873258481357
10.462500000000055	0.9984112596246176
10.467500000000081	0.993196613677382
10.472499999999943	0.9945417341233315
10.47749999999997	0.997873105972178
10.482500000000051	0.9990595309197957
10.487500000000077	1.0016810008801065
10.492499999999938	0.9997552908381231
10.497499999999963	0.993172387220308
10.502500000000039	0.9950806185120102
10.50750000000006	0.9960026252710017
10.512499999999923	0.9946056835888767
10.51749999999995	0.9950217364679534
10.522500000000031	0.9971912100451583
10.527500000000058	1.001516781303048
10.532499999999924	0.9976608173874885
10.537499999999948	1.0064120453232714
10.542500000000004	0.9904437388416056
10.547500000000033	1.0019866111710263
10.552499999999894	0.9998336045204276
10.55749999999992	0.9963195158572028
10.5625	0.9963349207383512
10.567500000000082	0.9910496867152252
10.57250000000011	0.999395881503169
10.577499999999972	0.9977378435204332
10.582499999999998	0.9973062798349385
10.587500000000052	1.0036062803771628
10.592500000000078	0.9962831879542601
10.597499999999943	0.9969256986819631
10.60249999999997	1.0012776698817485
10.607500000000051	0.9960641752615415
10.612500000000077	1.0001404293380238
10.617499999999943	0.9955915586083393
10.622499999999967	0.9978311473402849
10.627500000000035	0.9918253173463438
10.632500000000059	1.000191490585781
10.637499999999923	0.9909197072209222
10.64249999999995	0.9978739548789515
10.647500000000031	0.9973222352480815
10.652500000000058	1.0039778371491932
10.657499999999924	1.0025586736084995
10.662499999999952	0.9905307455937709
10.6675	0.9919581997662176
10.67250000000003	1.0003639498339563
10.677499999999892	0.9899028856471205
10.68249999999992	0.9918799192827492
10.6875	1.0016453146081044
10.692500000000082	1.0010907751878595
10.69750000000011	0.9950751735309697
10.70249999999998	0.9892938954449634
10.707500000000005	0.9991417531101721
10.712500000000047	1.0013721186218003
10.717500000000074	0.9915877021030669
10.722499999999943	0.9961910627735526
10.72749999999997	0.9974089344281394
10.732500000000051	1.0001800216284218
10.737500000000077	1.0072301006744937
10.742499999999946	0.99908877465089
10.747499999999972	0.9928136207585769
10.752500000000023	0.9957332723212694
10.757500000000055	0.9976970291518443
10.762499999999923	0.9981874656734042
10.76749999999995	0.9960135968860928
10.772500000000031	1.000098735783325
10.777500000000058	0.9994821838737135
10.782499999999928	0.9984259108158148
10.787499999999959	0.9937991887449885
10.792499999999997	0.988417742508461
10.797500000000023	0.9969068349512094
10.80249999999989	0.9979588229737733
10.80749999999992	0.9929224266325871
10.8125	0.9950445211712462
10.817500000000082	1.0029152766568756
10.822500000000112	0.9891947139403482
10.827499999999983	0.9920582014765634
10.832500000000008	0.9974187375925048
10.837500000000041	0.9937545294981632
10.84250000000007	0.9999098659278784
10.847499999999943	0.9947773620014507
10.85249999999997	0.9965590765835342
10.857500000000051	1.0014926630991356
10.862500000000079	0.9959376255144027
10.86749999999995	1.0015249741474905
10.872499999999983	0.9906792750202853
10.877500000000019	0.9967058499469729
10.882500000000052	0.9970364446431227
10.887499999999923	0.9961717136146491
10.89249999999995	1.0021627142863108
10.897500000000031	0.9993536821506823
10.902500000000058	1.003543420585292
10.907499999999931	0.9940915854476441
10.912499999999962	1.0007438249745078
10.91749999999999	0.9965800514419719
10.922500000000019	0.9936985054009759
10.92749999999989	1.0011009652311669
10.93249999999992	1.0022016110062155
10.937500000000002	0.9989187142153936
10.942500000000082	0.998156977798898
10.947500000000112	0.9987031229098395
10.952499999999983	1.0012189808397955
10.957500000000017	1.001371656332741
10.962500000000038	0.9969494394628086
10.96750000000007	0.9995589385312864
10.97249999999994	0.9962964462800225
10.97749999999997	0.9950766269676433
10.982500000000051	1.0021246423354049
10.987500000000082	0.9957487043879522
10.992499999999955	0.996600453695069
10.997499999999986	0.9983468160084614
11.002500000000015	0.9964194708940031
11.007500000000046	1.0031836393747173
11.01249999999992	0.9980506037130932
11.01749999999995	1.0007058091274352
11.022500000000031	0.9920506491340663
11.027500000000062	0.9947304295592604
11.032499999999935	0.9965635460166417
11.037499999999966	0.9907653849098659
11.04249999999998	1.0028617396521682
11.047500000000015	0.9898363465594161
11.052499999999888	0.9962396116026954
11.05749999999992	0.9952033585312003
11.062500000000002	1.0001372256113994
11.067500000000082	0.994254127842398
11.072500000000113	0.9982209581731006
11.077499999999986	1.0044753109914384
11.082500000000021	0.9937349289906685
11.087500000000034	0.9986336206273299
11.092500000000063	0.9985903471971078
11.09749999999994	0.9960031143477484
11.10249999999997	0.9955705018416505
11.107500000000051	1.0025601145836618
11.112500000000082	0.9931819007688585
11.117499999999959	0.9919232004306061
11.12249999999999	0.996802101554515
11.127500000000012	0.9975120379509941
11.132500000000043	0.9940885402221837
11.137499999999916	0.9993639699293637
11.14249999999995	0.9989161029936183
11.147500000000031	0.9977778232909011
11.152500000000062	0.9987602017588499
11.15749999999994	0.9928688518942168
11.162499999999973	1.0039336198313655
11.167499999999977	1.0030227669773557
11.172500000000012	0.9992536502965925
11.177499999999888	0.9948519823573979
11.18249999999992	0.9995869837314525
11.187500000000002	0.9974302292558872
11.192500000000082	0.9917664215096588
11.197500000000113	0.9941720809007999
11.202499999999993	0.9935368408750959
11.207500000000024	0.99779430988058
11.212500000000029	0.9933107832494756
11.217500000000058	0.99457985602787
11.22249999999994	0.9961332675985227
11.22749999999997	0.9926536429015164
11.232500000000051	1.0026087322994506
11.237500000000086	0.9955985946788656
11.242499999999962	0.9968818615927846
11.247499999999997	1.000269637872285
11.252500000000005	0.9924940362684118
11.25750000000004	1.0006918678835315
11.262499999999916	0.9955766517882632
11.267499999999947	0.9957727773583003
11.272500000000031	0.9926732381477362
11.277500000000066	0.9941141900523438
11.282499999999944	0.9982615541016013
11.287499999999977	1.0081815369183589
11.29249999999997	0.9977580313267533
11.297500000000005	0.9975122516595526
11.302499999999887	0.9937768497904564
11.30749999999992	1.0012023668082926
11.312500000000002	0.9971046993369808
11.317500000000082	0.9985872597605913
11.322500000000115	0.9964719859463419
11.327499999999997	0.9899115700793462
11.332500000000032	0.9966960286715789
11.337500000000023	0.9969653481950258
11.342500000000054	0.9962855865028614
11.347499999999936	0.9919340618935852
11.35249999999997	0.9956646988676077
11.357500000000055	0.9986061243498638
11.362500000000086	1.0018686144961413
11.367499999999964	0.9999734808568037
11.3725	0.9963578722392084
11.377500000000001	0.9930623630740567
11.382500000000036	0.9971652983689305
11.387499999999912	1.0004360472915714
11.392499999999947	1.000915740572085
11.397500000000031	1.0033303550444697
11.402500000000066	0.9962881864464581
11.407499999999947	1.0024632050953493
11.41249999999998	0.9952830393956082
11.417499999999967	0.9979121078573091
11.422500000000001	1.0009979128280468
11.427499999999887	1.0001452149942986
11.432499999999916	0.9915272441021268
11.437500000000002	0.9986273467323751
11.442500000000086	0.9964204901441116
11.447500000000115	0.9959410038466253
11.4525	1.0005832192646813
11.457500000000035	1.0015916149832826
11.46250000000002	0.9948950141193891
11.467500000000054	0.9943139400935046
11.472499999999936	0.9974180214369193
11.47749999999997	0.9952687344493595
11.482500000000055	0.9988684243364289
11.48750000000009	1.0020506124452415
11.492499999999968	0.9933793571354823
11.497500000000004	0.9937345896968677
11.502499999999998	0.9989038385984388
11.507500000000034	0.9982748166088026
11.512499999999912	0.9932603019040342
11.517499999999947	0.9953159129988387
11.522500000000031	0.9987741791962449
11.527500000000066	0.9957318729783374
11.532499999999951	0.9929322671556411
11.537499999999984	0.9938820874784363
11.542499999999963	0.9973507358881817
11.547500000000001	0.9948382382937523
11.552499999999883	0.9946882141572683
11.557499999999916	1.0023290463927215
11.562500000000002	0.9987925093559986
11.567500000000086	0.9894989290901648
11.572500000000119	0.9963361358423337
11.577500000000004	0.9980038416152895
11.582500000000039	0.9971536058691768
11.587500000000016	0.9939714100913462
11.59250000000005	0.9932038242563321
11.597499999999933	1.0016637498686631
11.60249999999997	0.9918728900829133
11.607500000000055	0.9938801301702294
11.61250000000009	0.998910174449083
11.617499999999973	0.9920471150697869
11.622500000000008	0.9958317916784711
11.627499999999994	0.996869257946026
11.632500000000029	0.9964020230380343
11.637499999999912	0.9942782777816734
11.642499999999947	0.9964021714936678
11.647500000000031	0.9953470664071215
11.65250000000007	0.9942601294908202
11.657499999999951	0.9947705437621213
11.662499999999987	1.001115089400398
11.667499999999963	0.9951017269918513
11.672499999999998	0.9922486450712525
11.677499999999883	0.9955407611211019
11.682499999999916	0.996719206855357
11.687500000000002	0.9967375953144074
11.692500000000086	0.9965572986321077
11.697500000000119	0.9969162717540215
11.702500000000004	1.0017831385765668
11.707500000000042	0.9963017580452989
11.712500000000011	0.9980751640959858
11.717500000000044	0.9938779861789456
11.722499999999933	0.9956716295431585
11.72749999999997	1.0042511072783327
11.732500000000055	0.9965133949231739
11.73750000000009	0.9906250353404706
11.742499999999977	0.9993387360078205
11.747500000000015	0.9999069452019147
11.752499999999987	0.9988709567706561
11.757500000000025	0.9962348624380096
11.762499999999912	0.993668200411672
11.767499999999947	0.9974245488714011
11.772500000000031	0.9955233943690915
11.77750000000007	0.9981744548660751
11.782499999999958	0.9951577843971107
11.787499999999994	0.9996357696743882
11.79249999999996	0.9980301598769665
11.797499999999994	0.9947929643802437
11.80249999999988	0.9929880370006434
11.807499999999916	0.9996333851024587
11.812500000000002	0.9943728199466366
11.817500000000086	0.9974462404676222
11.822500000000124	1.0003740303850133
11.827500000000008	1.0056435071844905
11.832500000000042	0.9961774888618047
11.837500000000007	0.996733342208558
11.84250000000004	0.9932393863370718
11.847499999999933	1.0005128671970602
11.85249999999997	0.9926790416884501
11.857500000000055	0.9937808466516606
11.86250000000009	0.9956189202113002
11.867499999999978	0.9966087518312473
11.872500000000018	0.9997334764112662
11.877499999999984	0.9875651677440395
11.882500000000022	0.9962808316799054
11.887499999999912	1.002615494309137
11.892499999999947	0.9917522179489049
11.897500000000031	0.9976431099109758
11.90250000000007	0.9990375689395965
11.907499999999962	0.9949378393112788
11.912499999999996	0.9943044554255901
11.917499999999952	1.000256886264271
11.922499999999987	0.995773369294339
11.92749999999988	0.9985486025502727
11.932499999999916	0.9996370311545695
11.937500000000002	0.9969820275553808
11.942500000000086	0.9948379835151253
11.947500000000124	1.0049467074963832
11.952500000000015	0.992277955843121
11.95750000000005	0.9976102159680013
11.962500000000004	0.9961134051341323
11.96750000000004	0.994671324998907
11.972499999999933	0.9975180910240046
11.977499999999969	0.9997823647667325
11.982500000000055	0.9961999743689599
11.987500000000093	0.992424081311933
11.992499999999984	0.6228004807216333